/home/ykn/anaconda3/envs/cds/lib/python3.7/site-packages/torchvision/io/image.py:13: UserWarning: Failed to load image Python extension: /home/ykn/anaconda3/envs/cds/lib/python3.7/site-packages/torchvision/image.so: undefined symbol: _ZN3c104impl8GPUTrace13gpuTraceStateE
  warn(f"Failed to load image Python extension: {e}")
Dataset ImageFolder
    Number of datapoints: 5712
    Root location: /home/ykn/cds/chapter03_Python_image_classification/data/Brain Tumor MRI Dataset/archive/Training
    StandardTransform
Transform: Compose(
               Resize(size=256, interpolation=bilinear, max_size=None, antialias=None)
               CenterCrop(size=(224, 224))
               ToTensor()
           )
571
571
571
571
571
571
571
571
571
571



7
Epoch 0 done.
Epoch 1 done.
Epoch 2 done.
Epoch 0, acc: 20.137300, loss: 1.987338

6
Epoch 0 done.
Epoch 1 done.
Epoch 2 done.
Epoch 0, acc: 22.578185, loss: 1.765592

1
Epoch 0 done.
Epoch 1 done.
Epoch 2 done.
Epoch 0, acc: 28.375286, loss: 1.549275

2
Epoch 0 done.
Epoch 1 done.
Epoch 2 done.
Epoch 1, acc: 34.248665, loss: 1.356800

4
Epoch 0 done.
Epoch 1 done.
Epoch 2 done.
Epoch 1, acc: 41.800153, loss: 1.201691

8
Epoch 0 done.
Epoch 1 done.
Epoch 2 done.
Epoch 1, acc: 53.623188, loss: 1.045015

8
Epoch 0 done.
Epoch 1 done.
Epoch 2 done.
Epoch 2, acc: 61.250953, loss: 0.927896

1
Epoch 0 done.
Epoch 1 done.
Epoch 2 done.
Epoch 2, acc: 67.353166, loss: 0.849223

7
Epoch 0 done.
Epoch 1 done.
Epoch 2 done.
Epoch 2, acc: 72.234935, loss: 0.758480

8
Epoch 0 done.
Epoch 1 done.
Epoch 2 done.
Epoch 3, acc: 75.209764, loss: 0.699981

9
Epoch 0 done.
Epoch 1 done.
Epoch 2 done.
Epoch 3, acc: 77.345538, loss: 0.649172

6
Epoch 0 done.
Epoch 1 done.
Epoch 2 done.
Epoch 3, acc: 79.405034, loss: 0.607853

5
Epoch 0 done.
Epoch 1 done.
Epoch 2 done.
Epoch 4, acc: 79.938978, loss: 0.579389

2
Epoch 0 done.
Epoch 1 done.
Epoch 2 done.
Epoch 4, acc: 81.235698, loss: 0.537964

1
Epoch 0 done.
Epoch 1 done.
Epoch 2 done.
Epoch 4, acc: 82.532418, loss: 0.507015

6
Epoch 0 done.
Epoch 1 done.
Epoch 2 done.
Epoch 5, acc: 82.990084, loss: 0.480946

1
Epoch 0 done.
Epoch 1 done.
Epoch 2 done.
Epoch 5, acc: 83.905416, loss: 0.456237

2
Epoch 0 done.
Epoch 1 done.
Epoch 2 done.
Epoch 5, acc: 84.210526, loss: 0.443836

5
Epoch 0 done.
Epoch 1 done.
Epoch 2 done.
Epoch 6, acc: 84.439359, loss: 0.428757

4
Epoch 0 done.
Epoch 1 done.
Epoch 2 done.
Epoch 6, acc: 84.668192, loss: 0.415140

6
Epoch 0 done.
Epoch 1 done.
Epoch 2 done.
Epoch 6, acc: 85.430969, loss: 0.401287

2
Epoch 0 done.
Epoch 1 done.
Epoch 2 done.
Epoch 7, acc: 85.354691, loss: 0.385831

0
Epoch 0 done.
Epoch 1 done.
Epoch 2 done.
Epoch 7, acc: 85.659802, loss: 0.376428

9
Epoch 0 done.
Epoch 1 done.
Epoch 2 done.
Epoch 7, acc: 86.041190, loss: 0.366579

9
Epoch 0 done.
Epoch 1 done.
Epoch 2 done.
Epoch 8, acc: 87.032799, loss: 0.355363

3
Epoch 0 done.
Epoch 1 done.
Epoch 2 done.
Epoch 8, acc: 87.109077, loss: 0.350031

6
Epoch 0 done.
Epoch 1 done.
Epoch 2 done.
Epoch 8, acc: 87.261632, loss: 0.343006

8
Epoch 0 done.
Epoch 1 done.
Epoch 2 done.
Epoch 9, acc: 87.719298, loss: 0.336001

6
Epoch 0 done.
Epoch 1 done.
Epoch 2 done.
Epoch 9, acc: 87.795576, loss: 0.327565

4
Epoch 0 done.
Epoch 1 done.
Epoch 2 done.
Epoch 9, acc: 88.024409, loss: 0.325284

8
Epoch 0 done.
Epoch 1 done.
Epoch 2 done.
Epoch 10, acc: 88.253242, loss: 0.317237

5
Epoch 0 done.
Epoch 1 done.
Epoch 2 done.
Epoch 10, acc: 88.634630, loss: 0.312219

1
Epoch 0 done.
Epoch 1 done.
Epoch 2 done.
Epoch 10, acc: 88.710908, loss: 0.307109

0
Epoch 0 done.
Epoch 1 done.
Epoch 2 done.
Epoch 11, acc: 89.168574, loss: 0.302686

2
Epoch 0 done.
Epoch 1 done.
Epoch 2 done.
Epoch 11, acc: 88.939741, loss: 0.301242

7
Epoch 0 done.
Epoch 1 done.
Epoch 2 done.
Epoch 11, acc: 88.787185, loss: 0.298182

4
Epoch 0 done.
Epoch 1 done.
Epoch 2 done.
Epoch 12, acc: 88.863463, loss: 0.299935

0
Epoch 0 done.
Epoch 1 done.
Epoch 2 done.
Epoch 12, acc: 89.473684, loss: 0.295304

3
Epoch 0 done.
Epoch 1 done.
Epoch 2 done.
Epoch 12, acc: 89.626240, loss: 0.288699

0
Epoch 0 done.
Epoch 1 done.
Epoch 2 done.
Epoch 13, acc: 89.702517, loss: 0.284334

7
Epoch 0 done.
Epoch 1 done.
Epoch 2 done.
Epoch 13, acc: 89.549962, loss: 0.276779

6
Epoch 0 done.
Epoch 1 done.
Epoch 2 done.
Epoch 13, acc: 90.312738, loss: 0.275572

7
Epoch 0 done.
Epoch 1 done.
Epoch 2 done.
Epoch 14, acc: 90.236461, loss: 0.270305

1
Epoch 0 done.
Epoch 1 done.
Epoch 2 done.
Epoch 14, acc: 90.236461, loss: 0.267713

2
Epoch 0 done.
Epoch 1 done.
Epoch 2 done.
Epoch 14, acc: 90.236461, loss: 0.264199

2
Epoch 0 done.
Epoch 1 done.
Epoch 2 done.
Epoch 15, acc: 90.083905, loss: 0.262181

6
Epoch 0 done.
Epoch 1 done.
Epoch 2 done.
Epoch 15, acc: 90.007628, loss: 0.256283

3
Epoch 0 done.
Epoch 1 done.
Epoch 2 done.
Epoch 15, acc: 90.694127, loss: 0.249801

5
Epoch 0 done.
Epoch 1 done.
Epoch 2 done.
Epoch 16, acc: 90.770404, loss: 0.248683

0
Epoch 0 done.
Epoch 1 done.
Epoch 2 done.
Epoch 16, acc: 91.151793, loss: 0.245774

6
Epoch 0 done.
Epoch 1 done.
Epoch 2 done.
Epoch 16, acc: 91.380625, loss: 0.242265

7
Epoch 0 done.
Epoch 1 done.
Epoch 2 done.
Epoch 17, acc: 90.922960, loss: 0.241764

0
Epoch 0 done.
Epoch 1 done.
Epoch 2 done.
Epoch 17, acc: 91.228070, loss: 0.237040

6
Epoch 0 done.
Epoch 1 done.
Epoch 2 done.
Epoch 17, acc: 90.922960, loss: 0.234879

6
Epoch 0 done.
Epoch 1 done.
Epoch 2 done.
Epoch 18, acc: 90.922960, loss: 0.233079

7
Epoch 0 done.
Epoch 1 done.
Epoch 2 done.
Epoch 18, acc: 91.304348, loss: 0.229343

4
Epoch 0 done.
Epoch 1 done.
Epoch 2 done.
Epoch 18, acc: 91.533181, loss: 0.226847

8
Epoch 0 done.
Epoch 1 done.
Epoch 2 done.
Epoch 19, acc: 91.533181, loss: 0.224263

2
Epoch 0 done.
Epoch 1 done.
Epoch 2 done.
Epoch 19, acc: 91.456903, loss: 0.221953

3
Epoch 0 done.
Epoch 1 done.
Epoch 2 done.
Epoch 19, acc: 91.533181, loss: 0.219438

0
Epoch 0 done.
Epoch 1 done.
Epoch 2 done.
Epoch 20, acc: 91.609458, loss: 0.216282

5
Epoch 0 done.
Epoch 1 done.
Epoch 2 done.
Epoch 20, acc: 91.685736, loss: 0.213195

2
Epoch 0 done.
Epoch 1 done.
Epoch 2 done.
Epoch 20, acc: 91.762014, loss: 0.212683

5
Epoch 0 done.
Epoch 1 done.
Epoch 2 done.
Epoch 21, acc: 92.067124, loss: 0.212958

3
Epoch 0 done.
Epoch 1 done.
Epoch 2 done.
Epoch 21, acc: 91.990847, loss: 0.210516

4
Epoch 0 done.
Epoch 1 done.
Epoch 2 done.
Epoch 21, acc: 92.143402, loss: 0.209951

7
Epoch 0 done.
Epoch 1 done.
Epoch 2 done.
Epoch 22, acc: 92.219680, loss: 0.209584

8
Epoch 0 done.
Epoch 1 done.
Epoch 2 done.
Epoch 22, acc: 92.295957, loss: 0.207248

4
Epoch 0 done.
Epoch 1 done.
Epoch 2 done.
Epoch 22, acc: 92.524790, loss: 0.206124

6
Epoch 0 done.
Epoch 1 done.
Epoch 2 done.
Epoch 23, acc: 92.448513, loss: 0.204176

7
Epoch 0 done.
Epoch 1 done.
Epoch 2 done.
Epoch 23, acc: 92.524790, loss: 0.202788

1
Epoch 0 done.
Epoch 1 done.
Epoch 2 done.
Epoch 23, acc: 92.601068, loss: 0.199364

5
Epoch 0 done.
Epoch 1 done.
Epoch 2 done.
Epoch 24, acc: 92.601068, loss: 0.201581

8
Epoch 0 done.
Epoch 1 done.
Epoch 2 done.
Epoch 24, acc: 92.524790, loss: 0.197937

9
Epoch 0 done.
Epoch 1 done.
Epoch 2 done.
Epoch 24, acc: 92.601068, loss: 0.195312

2
Epoch 0 done.
Epoch 1 done.
Epoch 2 done.
Epoch 25, acc: 92.448513, loss: 0.193821

9
Epoch 0 done.
Epoch 1 done.
Epoch 2 done.
Epoch 25, acc: 92.982456, loss: 0.190799

4
Epoch 0 done.
Epoch 1 done.
Epoch 2 done.
Epoch 25, acc: 93.058734, loss: 0.187676

5
Epoch 0 done.
Epoch 1 done.
Epoch 2 done.
Epoch 26, acc: 92.982456, loss: 0.187502

1
Epoch 0 done.
Epoch 1 done.
Epoch 2 done.
Epoch 26, acc: 92.906178, loss: 0.184430

6
Epoch 0 done.
Epoch 1 done.
Epoch 2 done.
Epoch 26, acc: 93.211289, loss: 0.180710

3
Epoch 0 done.
Epoch 1 done.
Epoch 2 done.
Epoch 27, acc: 93.211289, loss: 0.178456

5
Epoch 0 done.
Epoch 1 done.
Epoch 2 done.
Epoch 27, acc: 93.211289, loss: 0.178033

9
Epoch 0 done.
Epoch 1 done.
Epoch 2 done.
Epoch 27, acc: 92.982456, loss: 0.177715

1
Epoch 0 done.
Epoch 1 done.
Epoch 2 done.
Epoch 28, acc: 93.058734, loss: 0.175560

2
Epoch 0 done.
Epoch 1 done.
Epoch 2 done.
Epoch 28, acc: 93.135011, loss: 0.173422

4
Epoch 0 done.
Epoch 1 done.
Epoch 2 done.
Epoch 28, acc: 93.287567, loss: 0.172062

5
Epoch 0 done.
Epoch 1 done.
Epoch 2 done.
Epoch 29, acc: 93.211289, loss: 0.172485

2
Epoch 0 done.
Epoch 1 done.
Epoch 2 done.
Epoch 29, acc: 93.211289, loss: 0.171390

8
Epoch 0 done.
Epoch 1 done.
Epoch 2 done.
Epoch 29, acc: 93.363844, loss: 0.171243

1
Epoch 0 done.
Epoch 1 done.
Epoch 2 done.
Epoch 30, acc: 93.363844, loss: 0.169437

7
Epoch 0 done.
Epoch 1 done.
Epoch 2 done.
Epoch 30, acc: 93.440122, loss: 0.168622

3
Epoch 0 done.
Epoch 1 done.
Epoch 2 done.
Epoch 30, acc: 93.440122, loss: 0.166674

7
Epoch 0 done.
Epoch 1 done.
Epoch 2 done.
Epoch 31, acc: 93.516400, loss: 0.166677

0
Epoch 0 done.
Epoch 1 done.
Epoch 2 done.
Epoch 31, acc: 93.592677, loss: 0.161975

9
Epoch 0 done.
Epoch 1 done.
Epoch 2 done.
Epoch 31, acc: 93.821510, loss: 0.161862

6
Epoch 0 done.
Epoch 1 done.
Epoch 2 done.
Epoch 32, acc: 93.821510, loss: 0.159439

8
Epoch 0 done.
Epoch 1 done.
Epoch 2 done.
Epoch 32, acc: 94.126621, loss: 0.159109

7
Epoch 0 done.
Epoch 1 done.
Epoch 2 done.
Epoch 32, acc: 93.974066, loss: 0.158911

2
Epoch 0 done.
Epoch 1 done.
Epoch 2 done.
Epoch 33, acc: 94.126621, loss: 0.157676

3
Epoch 0 done.
Epoch 1 done.
Epoch 2 done.
Epoch 33, acc: 93.974066, loss: 0.156272

4
Epoch 0 done.
Epoch 1 done.
Epoch 2 done.
Epoch 33, acc: 93.974066, loss: 0.155616

2
Epoch 0 done.
Epoch 1 done.
Epoch 2 done.
Epoch 34, acc: 94.126621, loss: 0.153980

4
Epoch 0 done.
Epoch 1 done.
Epoch 2 done.
Epoch 34, acc: 94.202899, loss: 0.153435

9
Epoch 0 done.
Epoch 1 done.
Epoch 2 done.
Epoch 34, acc: 94.202899, loss: 0.152467

3
Epoch 0 done.
Epoch 1 done.
Epoch 2 done.
Epoch 35, acc: 94.202899, loss: 0.151741

2
Epoch 0 done.
Epoch 1 done.
Epoch 2 done.
Epoch 35, acc: 94.355454, loss: 0.151153

9
Epoch 0 done.
Epoch 1 done.
Epoch 2 done.
Epoch 35, acc: 94.355454, loss: 0.152075

1
Epoch 0 done.
Epoch 1 done.
Epoch 2 done.
Epoch 36, acc: 94.584287, loss: 0.150735

0
Epoch 0 done.
Epoch 1 done.
Epoch 2 done.
Epoch 36, acc: 94.508009, loss: 0.147606

4
Epoch 0 done.
Epoch 1 done.
Epoch 2 done.
Epoch 36, acc: 94.431732, loss: 0.147008

8
Epoch 0 done.
Epoch 1 done.
Epoch 2 done.
Epoch 37, acc: 94.431732, loss: 0.147220

5
Epoch 0 done.
Epoch 1 done.
Epoch 2 done.
Epoch 37, acc: 94.431732, loss: 0.147700

1
Epoch 0 done.
Epoch 1 done.
Epoch 2 done.
Epoch 37, acc: 94.508009, loss: 0.146609

0
Epoch 0 done.
Epoch 1 done.
Epoch 2 done.
Epoch 38, acc: 94.813120, loss: 0.142305

1
Epoch 0 done.
Epoch 1 done.
Epoch 2 done.
Epoch 38, acc: 94.813120, loss: 0.141037

3
Epoch 0 done.
Epoch 1 done.
Epoch 2 done.
Epoch 38, acc: 94.736842, loss: 0.140143

7
Epoch 0 done.
Epoch 1 done.
Epoch 2 done.
Epoch 39, acc: 94.813120, loss: 0.139693

5
Epoch 0 done.
Epoch 1 done.
Epoch 2 done.
Epoch 39, acc: 94.813120, loss: 0.140704

4
Epoch 0 done.
Epoch 1 done.
Epoch 2 done.
Epoch 39, acc: 94.813120, loss: 0.141345

3
Epoch 0 done.
Epoch 1 done.
Epoch 2 done.
Epoch 40, acc: 94.889397, loss: 0.140497

2
Epoch 0 done.
Epoch 1 done.
Epoch 2 done.
Epoch 40, acc: 94.965675, loss: 0.138692

8
Epoch 0 done.
Epoch 1 done.
Epoch 2 done.
Epoch 40, acc: 95.118230, loss: 0.138758

0
Epoch 0 done.
Epoch 1 done.
Epoch 2 done.
Epoch 41, acc: 95.118230, loss: 0.137491

8
Epoch 0 done.
Epoch 1 done.
Epoch 2 done.
Epoch 41, acc: 95.270786, loss: 0.137139

4
Epoch 0 done.
Epoch 1 done.
Epoch 2 done.
Epoch 41, acc: 95.347063, loss: 0.136715

6
Epoch 0 done.
Epoch 1 done.
Epoch 2 done.
Epoch 42, acc: 95.423341, loss: 0.134660

1
Epoch 0 done.
Epoch 1 done.
Epoch 2 done.
Epoch 42, acc: 95.575896, loss: 0.133986

3
Epoch 0 done.
Epoch 1 done.
Epoch 2 done.
Epoch 42, acc: 95.499619, loss: 0.133101

1
Epoch 0 done.
Epoch 1 done.
Epoch 2 done.
Epoch 43, acc: 95.652174, loss: 0.133026

0
Epoch 0 done.
Epoch 1 done.
Epoch 2 done.
Epoch 43, acc: 95.499619, loss: 0.132121

7
Epoch 0 done.
Epoch 1 done.
Epoch 2 done.
Epoch 43, acc: 95.575896, loss: 0.132201

3
Epoch 0 done.
Epoch 1 done.
Epoch 2 done.
Epoch 44, acc: 95.423341, loss: 0.131968

9
Epoch 0 done.
Epoch 1 done.
Epoch 2 done.
Epoch 44, acc: 95.423341, loss: 0.132258

5
Epoch 0 done.
Epoch 1 done.
Epoch 2 done.
Epoch 44, acc: 95.270786, loss: 0.132630

2
Epoch 0 done.
Epoch 1 done.
Epoch 2 done.
Epoch 45, acc: 95.499619, loss: 0.131405

8
Epoch 0 done.
Epoch 1 done.
Epoch 2 done.
Epoch 45, acc: 95.347063, loss: 0.131572

1
Epoch 0 done.
Epoch 1 done.
Epoch 2 done.
Epoch 45, acc: 95.499619, loss: 0.131521

1
Epoch 0 done.
Epoch 1 done.
Epoch 2 done.
Epoch 46, acc: 95.499619, loss: 0.131239

6
Epoch 0 done.
Epoch 1 done.
Epoch 2 done.
Epoch 46, acc: 95.575896, loss: 0.129838

0
Epoch 0 done.
Epoch 1 done.
Epoch 2 done.
Epoch 46, acc: 95.652174, loss: 0.127046

7
Epoch 0 done.
Epoch 1 done.
Epoch 2 done.
Epoch 47, acc: 95.652174, loss: 0.128280

2
Epoch 0 done.
Epoch 1 done.
Epoch 2 done.
Epoch 47, acc: 95.728452, loss: 0.126853

9
Epoch 0 done.
Epoch 1 done.
Epoch 2 done.
Epoch 47, acc: 95.652174, loss: 0.127206

9
Epoch 0 done.
Epoch 1 done.
Epoch 2 done.
Epoch 48, acc: 95.652174, loss: 0.126841

4
Epoch 0 done.
Epoch 1 done.
Epoch 2 done.
Epoch 48, acc: 95.804729, loss: 0.126411

2
Epoch 0 done.
Epoch 1 done.
Epoch 2 done.
Epoch 48, acc: 95.881007, loss: 0.125049

3
Epoch 0 done.
Epoch 1 done.
Epoch 2 done.
Epoch 49, acc: 95.728452, loss: 0.124678

5
Epoch 0 done.
Epoch 1 done.
Epoch 2 done.
Epoch 49, acc: 95.652174, loss: 0.125766

7
Epoch 0 done.
Epoch 1 done.
Epoch 2 done.
Epoch 49, acc: 95.652174, loss: 0.125389

6
Epoch 0 done.
Epoch 1 done.
Epoch 2 done.
Epoch 50, acc: 95.652174, loss: 0.124265

2
Epoch 0 done.
Epoch 1 done.
Epoch 2 done.
Epoch 50, acc: 95.728452, loss: 0.122579

3
Epoch 0 done.
Epoch 1 done.
Epoch 2 done.
Epoch 50, acc: 95.652174, loss: 0.122664

4
Epoch 0 done.
Epoch 1 done.
Epoch 2 done.
Epoch 51, acc: 95.652174, loss: 0.123612

1
Epoch 0 done.
Epoch 1 done.
Epoch 2 done.
Epoch 51, acc: 95.728452, loss: 0.123664

0
Epoch 0 done.
Epoch 1 done.
Epoch 2 done.
Epoch 51, acc: 95.804729, loss: 0.120275

4
Epoch 0 done.
Epoch 1 done.
Epoch 2 done.
Epoch 52, acc: 95.804729, loss: 0.120274

8
Epoch 0 done.
Epoch 1 done.
Epoch 2 done.
Epoch 52, acc: 95.728452, loss: 0.119642

9
Epoch 0 done.
Epoch 1 done.
Epoch 2 done.
Epoch 52, acc: 96.033562, loss: 0.118772

0
Epoch 0 done.
Epoch 1 done.
Epoch 2 done.
Epoch 53, acc: 95.804729, loss: 0.117365

6
Epoch 0 done.
Epoch 1 done.
Epoch 2 done.
Epoch 53, acc: 95.881007, loss: 0.116398

8
Epoch 0 done.
Epoch 1 done.
Epoch 2 done.
Epoch 53, acc: 95.881007, loss: 0.116299

2
Epoch 0 done.
Epoch 1 done.
Epoch 2 done.
Epoch 54, acc: 95.957285, loss: 0.114778

4
Epoch 0 done.
Epoch 1 done.
Epoch 2 done.
Epoch 54, acc: 95.957285, loss: 0.115338

1
Epoch 0 done.
Epoch 1 done.
Epoch 2 done.
Epoch 54, acc: 95.881007, loss: 0.115737

5
Epoch 0 done.
Epoch 1 done.
Epoch 2 done.
Epoch 55, acc: 96.033562, loss: 0.116263

2
Epoch 0 done.
Epoch 1 done.
Epoch 2 done.
Epoch 55, acc: 96.109840, loss: 0.114762

3
Epoch 0 done.
Epoch 1 done.
Epoch 2 done.
Epoch 55, acc: 96.186117, loss: 0.113608

7
Epoch 0 done.
Epoch 1 done.
Epoch 2 done.
Epoch 56, acc: 96.109840, loss: 0.114059

2
Epoch 0 done.
Epoch 1 done.
Epoch 2 done.
Epoch 56, acc: 96.186117, loss: 0.113607

9
Epoch 0 done.
Epoch 1 done.
Epoch 2 done.
Epoch 56, acc: 96.262395, loss: 0.113404

2
Epoch 0 done.
Epoch 1 done.
Epoch 2 done.
Epoch 57, acc: 96.262395, loss: 0.112390

7
Epoch 0 done.
Epoch 1 done.
Epoch 2 done.
Epoch 57, acc: 96.186117, loss: 0.112712

0
Epoch 0 done.
Epoch 1 done.
Epoch 2 done.
Epoch 57, acc: 96.109840, loss: 0.110670

3
Epoch 0 done.
Epoch 1 done.
Epoch 2 done.
Epoch 58, acc: 96.262395, loss: 0.111139

2
Epoch 0 done.
Epoch 1 done.
Epoch 2 done.
Epoch 58, acc: 96.262395, loss: 0.110040

8
Epoch 0 done.
Epoch 1 done.
Epoch 2 done.
Epoch 58, acc: 96.338673, loss: 0.110240

0
Epoch 0 done.
Epoch 1 done.
Epoch 2 done.
Epoch 59, acc: 96.338673, loss: 0.109096

5
Epoch 0 done.
Epoch 1 done.
Epoch 2 done.
Epoch 59, acc: 96.186117, loss: 0.109454

3
Epoch 0 done.
Epoch 1 done.
Epoch 2 done.
Epoch 59, acc: 96.262395, loss: 0.109975

5
Epoch 0 done.
Epoch 1 done.
Epoch 2 done.
Epoch 60, acc: 96.109840, loss: 0.109860

2
Epoch 0 done.
Epoch 1 done.
Epoch 2 done.
Epoch 60, acc: 96.186117, loss: 0.108609

4
Epoch 0 done.
Epoch 1 done.
Epoch 2 done.
Epoch 60, acc: 96.109840, loss: 0.108468

0
Epoch 0 done.
Epoch 1 done.
Epoch 2 done.
Epoch 61, acc: 96.262395, loss: 0.106467

2
Epoch 0 done.
Epoch 1 done.
Epoch 2 done.
Epoch 61, acc: 96.262395, loss: 0.105966

7
Epoch 0 done.
Epoch 1 done.
Epoch 2 done.
Epoch 61, acc: 96.262395, loss: 0.106799

6
Epoch 0 done.
Epoch 1 done.
Epoch 2 done.
Epoch 62, acc: 96.338673, loss: 0.105953

1
Epoch 0 done.
Epoch 1 done.
Epoch 2 done.
Epoch 62, acc: 96.338673, loss: 0.105932

7
Epoch 0 done.
Epoch 1 done.
Epoch 2 done.
Epoch 62, acc: 96.338673, loss: 0.106012

2
Epoch 0 done.
Epoch 1 done.
Epoch 2 done.
Epoch 63, acc: 96.338673, loss: 0.105655

0
Epoch 0 done.
Epoch 1 done.
Epoch 2 done.
Epoch 63, acc: 96.186117, loss: 0.104083

8
Epoch 0 done.
Epoch 1 done.
Epoch 2 done.
Epoch 63, acc: 96.262395, loss: 0.104360

0
Epoch 0 done.
Epoch 1 done.
Epoch 2 done.
Epoch 64, acc: 96.186117, loss: 0.103329

1
Epoch 0 done.
Epoch 1 done.
Epoch 2 done.
Epoch 64, acc: 96.262395, loss: 0.103001

4
Epoch 0 done.
Epoch 1 done.
Epoch 2 done.
Epoch 64, acc: 96.033562, loss: 0.104243

6
Epoch 0 done.
Epoch 1 done.
Epoch 2 done.
Epoch 65, acc: 96.262395, loss: 0.103850

4
Epoch 0 done.
Epoch 1 done.
Epoch 2 done.
Epoch 65, acc: 96.262395, loss: 0.104186

9
Epoch 0 done.
Epoch 1 done.
Epoch 2 done.
Epoch 65, acc: 96.414950, loss: 0.104360

4
Epoch 0 done.
Epoch 1 done.
Epoch 2 done.
Epoch 66, acc: 96.338673, loss: 0.104994

8
Epoch 0 done.
Epoch 1 done.
Epoch 2 done.
Epoch 66, acc: 96.491228, loss: 0.105234

1
Epoch 0 done.
Epoch 1 done.
Epoch 2 done.
Epoch 66, acc: 96.414950, loss: 0.104961

4
Epoch 0 done.
Epoch 1 done.
Epoch 2 done.
Epoch 67, acc: 96.491228, loss: 0.105754

6
Epoch 0 done.
Epoch 1 done.
Epoch 2 done.
Epoch 67, acc: 96.491228, loss: 0.104818

1
Epoch 0 done.
Epoch 1 done.
Epoch 2 done.
Epoch 67, acc: 96.491228, loss: 0.104911

5
Epoch 0 done.
Epoch 1 done.
Epoch 2 done.
Epoch 68, acc: 96.262395, loss: 0.105092

1
Epoch 0 done.
Epoch 1 done.
Epoch 2 done.
Epoch 68, acc: 96.262395, loss: 0.104825

2
Epoch 0 done.
Epoch 1 done.
Epoch 2 done.
Epoch 68, acc: 96.262395, loss: 0.104015

4
Epoch 0 done.
Epoch 1 done.
Epoch 2 done.
Epoch 69, acc: 96.414950, loss: 0.104793

8
Epoch 0 done.
Epoch 1 done.
Epoch 2 done.
Epoch 69, acc: 96.414950, loss: 0.104871

9
Epoch 0 done.
Epoch 1 done.
Epoch 2 done.
Epoch 69, acc: 96.491228, loss: 0.104677

3
Epoch 0 done.
Epoch 1 done.
Epoch 2 done.
Epoch 70, acc: 96.491228, loss: 0.104529

8
Epoch 0 done.
Epoch 1 done.
Epoch 2 done.
Epoch 70, acc: 96.491228, loss: 0.105055

5
Epoch 0 done.
Epoch 1 done.
Epoch 2 done.
Epoch 70, acc: 96.414950, loss: 0.105226

4
Epoch 0 done.
Epoch 1 done.
Epoch 2 done.
Epoch 71, acc: 96.414950, loss: 0.105828

6
Epoch 0 done.
Epoch 1 done.
Epoch 2 done.
Epoch 71, acc: 96.414950, loss: 0.105021

2
Epoch 0 done.
Epoch 1 done.
Epoch 2 done.
Epoch 71, acc: 96.491228, loss: 0.104752

7
Epoch 0 done.
Epoch 1 done.
Epoch 2 done.
Epoch 72, acc: 96.567506, loss: 0.104528

1
Epoch 0 done.
Epoch 1 done.
Epoch 2 done.
Epoch 72, acc: 96.567506, loss: 0.104303

4
Epoch 0 done.
Epoch 1 done.
Epoch 2 done.
Epoch 72, acc: 96.491228, loss: 0.104914

8
Epoch 0 done.
Epoch 1 done.
Epoch 2 done.
Epoch 73, acc: 96.491228, loss: 0.104763

0
Epoch 0 done.
Epoch 1 done.
Epoch 2 done.
Epoch 73, acc: 96.567506, loss: 0.102772

1
Epoch 0 done.
Epoch 1 done.
Epoch 2 done.
Epoch 73, acc: 96.491228, loss: 0.102947

0
Epoch 0 done.
Epoch 1 done.
Epoch 2 done.
Epoch 74, acc: 96.567506, loss: 0.101396

8
Epoch 0 done.
Epoch 1 done.
Epoch 2 done.
Epoch 74, acc: 96.643783, loss: 0.101765

2
Epoch 0 done.
Epoch 1 done.
Epoch 2 done.
Epoch 74, acc: 96.643783, loss: 0.101406

1
Epoch 0 done.
Epoch 1 done.
Epoch 2 done.
Epoch 75, acc: 96.491228, loss: 0.101498

7
Epoch 0 done.
Epoch 1 done.
Epoch 2 done.
Epoch 75, acc: 96.491228, loss: 0.101697

3
Epoch 0 done.
Epoch 1 done.
Epoch 2 done.
Epoch 75, acc: 96.567506, loss: 0.101833

8
Epoch 0 done.
Epoch 1 done.
Epoch 2 done.
Epoch 76, acc: 96.567506, loss: 0.102081

0
Epoch 0 done.
Epoch 1 done.
Epoch 2 done.
Epoch 76, acc: 96.720061, loss: 0.100637

6
Epoch 0 done.
Epoch 1 done.
Epoch 2 done.
Epoch 76, acc: 96.643783, loss: 0.100026

6
Epoch 0 done.
Epoch 1 done.
Epoch 2 done.
Epoch 77, acc: 96.720061, loss: 0.099346

2
Epoch 0 done.
Epoch 1 done.
Epoch 2 done.
Epoch 77, acc: 96.720061, loss: 0.098702

0
Epoch 0 done.
Epoch 1 done.
Epoch 2 done.
Epoch 77, acc: 96.796339, loss: 0.097349

5
Epoch 0 done.
Epoch 1 done.
Epoch 2 done.
Epoch 78, acc: 96.720061, loss: 0.097540

7
Epoch 0 done.
Epoch 1 done.
Epoch 2 done.
Epoch 78, acc: 96.720061, loss: 0.097617

4
Epoch 0 done.
Epoch 1 done.
Epoch 2 done.
Epoch 78, acc: 96.720061, loss: 0.098413

9
Epoch 0 done.
Epoch 1 done.
Epoch 2 done.
Epoch 79, acc: 96.872616, loss: 0.098375

8
Epoch 0 done.
Epoch 1 done.
Epoch 2 done.
Epoch 79, acc: 96.796339, loss: 0.098668

6
Epoch 0 done.
Epoch 1 done.
Epoch 2 done.
Epoch 79, acc: 96.720061, loss: 0.098325

2
Epoch 0 done.
Epoch 1 done.
Epoch 2 done.
Epoch 80, acc: 96.796339, loss: 0.097550

7
Epoch 0 done.
Epoch 1 done.
Epoch 2 done.
Epoch 80, acc: 96.796339, loss: 0.097704

6
Epoch 0 done.
Epoch 1 done.
Epoch 2 done.
Epoch 80, acc: 96.720061, loss: 0.097562

8
Epoch 0 done.
Epoch 1 done.
Epoch 2 done.
Epoch 81, acc: 96.720061, loss: 0.097789

1
Epoch 0 done.
Epoch 1 done.
Epoch 2 done.
Epoch 81, acc: 96.643783, loss: 0.098050

2
Epoch 0 done.
Epoch 1 done.
Epoch 2 done.
Epoch 81, acc: 96.720061, loss: 0.097434

4
Epoch 0 done.
Epoch 1 done.
Epoch 2 done.
Epoch 82, acc: 96.796339, loss: 0.097981

5
Epoch 0 done.
Epoch 1 done.
Epoch 2 done.
Epoch 82, acc: 96.796339, loss: 0.098224

6
Epoch 0 done.
Epoch 1 done.
Epoch 2 done.
Epoch 82, acc: 96.796339, loss: 0.097909

4
Epoch 0 done.
Epoch 1 done.
Epoch 2 done.
Epoch 83, acc: 96.796339, loss: 0.098211

3
Epoch 0 done.
Epoch 1 done.
Epoch 2 done.
Epoch 83, acc: 96.796339, loss: 0.097713

5
Epoch 0 done.
Epoch 1 done.
Epoch 2 done.
Epoch 83, acc: 96.796339, loss: 0.097337

0
Epoch 0 done.
Epoch 1 done.
Epoch 2 done.
Epoch 84, acc: 96.872616, loss: 0.096244

2
Epoch 0 done.
Epoch 1 done.
Epoch 2 done.
Epoch 84, acc: 96.872616, loss: 0.095653

5
Epoch 0 done.
Epoch 1 done.
Epoch 2 done.
Epoch 84, acc: 96.872616, loss: 0.095786

0
Epoch 0 done.
Epoch 1 done.
Epoch 2 done.
Epoch 85, acc: 97.025172, loss: 0.094752

1
Epoch 0 done.
Epoch 1 done.
Epoch 2 done.
Epoch 85, acc: 97.025172, loss: 0.095078

5
Epoch 0 done.
Epoch 1 done.
Epoch 2 done.
Epoch 85, acc: 97.101449, loss: 0.095691

5
Epoch 0 done.
Epoch 1 done.
Epoch 2 done.
Epoch 86, acc: 97.101449, loss: 0.095957

7
Epoch 0 done.
Epoch 1 done.
Epoch 2 done.
Epoch 86, acc: 97.101449, loss: 0.096132

4
Epoch 0 done.
Epoch 1 done.
Epoch 2 done.
Epoch 86, acc: 97.101449, loss: 0.096675

3
Epoch 0 done.
Epoch 1 done.
Epoch 2 done.
Epoch 87, acc: 97.025172, loss: 0.096620

6
Epoch 0 done.
Epoch 1 done.
Epoch 2 done.
Epoch 87, acc: 97.101449, loss: 0.095882

4
Epoch 0 done.
Epoch 1 done.
Epoch 2 done.
Epoch 87, acc: 96.948894, loss: 0.096531

4
Epoch 0 done.
Epoch 1 done.
Epoch 2 done.
Epoch 88, acc: 96.948894, loss: 0.097356

3
Epoch 0 done.
Epoch 1 done.
Epoch 2 done.
Epoch 88, acc: 96.948894, loss: 0.097301

9
Epoch 0 done.
Epoch 1 done.
Epoch 2 done.
Epoch 88, acc: 96.720061, loss: 0.097438

6
Epoch 0 done.
Epoch 1 done.
Epoch 2 done.
Epoch 89, acc: 96.720061, loss: 0.096997

0
Epoch 0 done.
Epoch 1 done.
Epoch 2 done.
Epoch 89, acc: 96.948894, loss: 0.095473

5
Epoch 0 done.
Epoch 1 done.
Epoch 2 done.
Epoch 89, acc: 96.948894, loss: 0.095507

7
Epoch 0 done.
Epoch 1 done.
Epoch 2 done.
Epoch 90, acc: 97.025172, loss: 0.095585

0
Epoch 0 done.
Epoch 1 done.
Epoch 2 done.
Epoch 90, acc: 96.948894, loss: 0.094552

9
Epoch 0 done.
Epoch 1 done.
Epoch 2 done.
Epoch 90, acc: 97.025172, loss: 0.094414

8
Epoch 0 done.
Epoch 1 done.
Epoch 2 done.
Epoch 91, acc: 96.948894, loss: 0.094513

5
Epoch 0 done.
Epoch 1 done.
Epoch 2 done.
Epoch 91, acc: 97.025172, loss: 0.094373

2
Epoch 0 done.
Epoch 1 done.
Epoch 2 done.
Epoch 91, acc: 97.025172, loss: 0.093534

6
Epoch 0 done.
Epoch 1 done.
Epoch 2 done.
Epoch 92, acc: 97.025172, loss: 0.093569

0
Epoch 0 done.
Epoch 1 done.
Epoch 2 done.
Epoch 92, acc: 97.025172, loss: 0.092812

3
Epoch 0 done.
Epoch 1 done.
Epoch 2 done.
Epoch 92, acc: 97.101449, loss: 0.092781

3
Epoch 0 done.
Epoch 1 done.
Epoch 2 done.
Epoch 93, acc: 97.025172, loss: 0.093191

7
Epoch 0 done.
Epoch 1 done.
Epoch 2 done.
Epoch 93, acc: 97.025172, loss: 0.093064

4
Epoch 0 done.
Epoch 1 done.
Epoch 2 done.
Epoch 93, acc: 97.177727, loss: 0.093682

9
Epoch 0 done.
Epoch 1 done.
Epoch 2 done.
Epoch 94, acc: 97.101449, loss: 0.094096

6
Epoch 0 done.
Epoch 1 done.
Epoch 2 done.
Epoch 94, acc: 97.101449, loss: 0.093921

0
Epoch 0 done.
Epoch 1 done.
Epoch 2 done.
Epoch 94, acc: 97.101449, loss: 0.092563

4
Epoch 0 done.
Epoch 1 done.
Epoch 2 done.
Epoch 95, acc: 97.101449, loss: 0.093142

3
Epoch 0 done.
Epoch 1 done.
Epoch 2 done.
Epoch 95, acc: 97.101449, loss: 0.092848

6
Epoch 0 done.
Epoch 1 done.
Epoch 2 done.
Epoch 95, acc: 97.025172, loss: 0.093003

0
Epoch 0 done.
Epoch 1 done.
Epoch 2 done.
Epoch 96, acc: 97.101449, loss: 0.092220

3
Epoch 0 done.
Epoch 1 done.
Epoch 2 done.
Epoch 96, acc: 97.177727, loss: 0.092207

4
Epoch 0 done.
Epoch 1 done.
Epoch 2 done.
Epoch 96, acc: 97.101449, loss: 0.092719

6
Epoch 0 done.
Epoch 1 done.
Epoch 2 done.
Epoch 97, acc: 97.025172, loss: 0.092249

2
Epoch 0 done.
Epoch 1 done.
Epoch 2 done.
Epoch 97, acc: 97.025172, loss: 0.091519

7
Epoch 0 done.
Epoch 1 done.
Epoch 2 done.
Epoch 97, acc: 97.101449, loss: 0.091715

9
Epoch 0 done.
Epoch 1 done.
Epoch 2 done.
Epoch 98, acc: 97.101449, loss: 0.092054

0
Epoch 0 done.
Epoch 1 done.
Epoch 2 done.
Epoch 98, acc: 97.101449, loss: 0.091200

7
Epoch 0 done.
Epoch 1 done.
Epoch 2 done.
Epoch 98, acc: 97.177727, loss: 0.091270

7
Epoch 0 done.
Epoch 1 done.
Epoch 2 done.
Epoch 99, acc: 97.101449, loss: 0.091524

3
Epoch 0 done.
Epoch 1 done.
Epoch 2 done.
Epoch 99, acc: 97.025172, loss: 0.091637

4
Epoch 0 done.
Epoch 1 done.
Epoch 2 done.
Epoch 99, acc: 97.101449, loss: 0.092361

