/home/ykn/anaconda3/envs/cds/lib/python3.7/site-packages/torchvision/io/image.py:13: UserWarning: Failed to load image Python extension: /home/ykn/anaconda3/envs/cds/lib/python3.7/site-packages/torchvision/image.so: undefined symbol: _ZN3c104impl8GPUTrace13gpuTraceStateE
  warn(f"Failed to load image Python extension: {e}")
Dataset ImageFolder
    Number of datapoints: 5712
    Root location: /home/ykn/cds/chapter03_Python_image_classification/data/Brain Tumor MRI Dataset/archive/Training
    StandardTransform
Transform: Compose(
               Resize(size=256, interpolation=bilinear, max_size=None, antialias=None)
               CenterCrop(size=(224, 224))
               ToTensor()
           )
571
571
571
571
571
571
571
571
571
571



1
Epoch 0 done.
Epoch 1 done.
Epoch 2 done.
Epoch 0, acc: 23.951182, loss: 2.359397

7
Epoch 0 done.
Epoch 1 done.
Epoch 2 done.
Epoch 0, acc: 25.019069, loss: 2.013714

4
Epoch 0 done.
Epoch 1 done.
Epoch 2 done.
Epoch 0, acc: 28.375286, loss: 1.733413

6
Epoch 0 done.
Epoch 1 done.
Epoch 2 done.
Epoch 1, acc: 34.096110, loss: 1.486764

3
Epoch 0 done.
Epoch 1 done.
Epoch 2 done.
Epoch 1, acc: 42.257818, loss: 1.274076

5
Epoch 0 done.
Epoch 1 done.
Epoch 2 done.
Epoch 1, acc: 49.580473, loss: 1.113246

5
Epoch 0 done.
Epoch 1 done.
Epoch 2 done.
Epoch 2, acc: 58.123570, loss: 0.981434

3
Epoch 0 done.
Epoch 1 done.
Epoch 2 done.
Epoch 2, acc: 63.844394, loss: 0.873000

2
Epoch 0 done.
Epoch 1 done.
Epoch 2 done.
Epoch 2, acc: 68.421053, loss: 0.797166

8
Epoch 0 done.
Epoch 1 done.
Epoch 2 done.
Epoch 3, acc: 71.700992, loss: 0.730871

2
Epoch 0 done.
Epoch 1 done.
Epoch 2 done.
Epoch 3, acc: 75.667429, loss: 0.678330

7
Epoch 0 done.
Epoch 1 done.
Epoch 2 done.
Epoch 3, acc: 77.421815, loss: 0.632296

4
Epoch 0 done.
Epoch 1 done.
Epoch 2 done.
Epoch 4, acc: 78.642258, loss: 0.595791

5
Epoch 0 done.
Epoch 1 done.
Epoch 2 done.
Epoch 4, acc: 79.633867, loss: 0.569230

8
Epoch 0 done.
Epoch 1 done.
Epoch 2 done.
Epoch 4, acc: 80.472921, loss: 0.546103

3
Epoch 0 done.
Epoch 1 done.
Epoch 2 done.
Epoch 5, acc: 81.159420, loss: 0.522333

6
Epoch 0 done.
Epoch 1 done.
Epoch 2 done.
Epoch 5, acc: 81.159420, loss: 0.499953

9
Epoch 0 done.
Epoch 1 done.
Epoch 2 done.
Epoch 5, acc: 82.379863, loss: 0.476533

2
Epoch 0 done.
Epoch 1 done.
Epoch 2 done.
Epoch 6, acc: 83.218917, loss: 0.463843

3
Epoch 0 done.
Epoch 1 done.
Epoch 2 done.
Epoch 6, acc: 83.066362, loss: 0.448901

1
Epoch 0 done.
Epoch 1 done.
Epoch 2 done.
Epoch 6, acc: 83.295195, loss: 0.432867

5
Epoch 0 done.
Epoch 1 done.
Epoch 2 done.
Epoch 7, acc: 83.600305, loss: 0.424294

2
Epoch 0 done.
Epoch 1 done.
Epoch 2 done.
Epoch 7, acc: 84.363082, loss: 0.413607

1
Epoch 0 done.
Epoch 1 done.
Epoch 2 done.
Epoch 7, acc: 84.973303, loss: 0.400381

8
Epoch 0 done.
Epoch 1 done.
Epoch 2 done.
Epoch 8, acc: 85.430969, loss: 0.389568

5
Epoch 0 done.
Epoch 1 done.
Epoch 2 done.
Epoch 8, acc: 85.659802, loss: 0.382752

2
Epoch 0 done.
Epoch 1 done.
Epoch 2 done.
Epoch 8, acc: 85.888635, loss: 0.377165

0
Epoch 0 done.
Epoch 1 done.
Epoch 2 done.
Epoch 9, acc: 86.117468, loss: 0.366029

3
Epoch 0 done.
Epoch 1 done.
Epoch 2 done.
Epoch 9, acc: 86.498856, loss: 0.357120

2
Epoch 0 done.
Epoch 1 done.
Epoch 2 done.
Epoch 9, acc: 86.346301, loss: 0.352515

2
Epoch 0 done.
Epoch 1 done.
Epoch 2 done.
Epoch 10, acc: 86.727689, loss: 0.348932

1
Epoch 0 done.
Epoch 1 done.
Epoch 2 done.
Epoch 10, acc: 86.956522, loss: 0.339905

5
Epoch 0 done.
Epoch 1 done.
Epoch 2 done.
Epoch 10, acc: 87.185355, loss: 0.336208

4
Epoch 0 done.
Epoch 1 done.
Epoch 2 done.
Epoch 11, acc: 87.414188, loss: 0.328662

1
Epoch 0 done.
Epoch 1 done.
Epoch 2 done.
Epoch 11, acc: 87.643021, loss: 0.322889

9
Epoch 0 done.
Epoch 1 done.
Epoch 2 done.
Epoch 11, acc: 88.100686, loss: 0.316044

8
Epoch 0 done.
Epoch 1 done.
Epoch 2 done.
Epoch 12, acc: 88.329519, loss: 0.308303

3
Epoch 0 done.
Epoch 1 done.
Epoch 2 done.
Epoch 12, acc: 88.253242, loss: 0.304490

1
Epoch 0 done.
Epoch 1 done.
Epoch 2 done.
Epoch 12, acc: 88.710908, loss: 0.299095

6
Epoch 0 done.
Epoch 1 done.
Epoch 2 done.
Epoch 13, acc: 88.863463, loss: 0.293556

4
Epoch 0 done.
Epoch 1 done.
Epoch 2 done.
Epoch 13, acc: 89.168574, loss: 0.286773

5
Epoch 0 done.
Epoch 1 done.
Epoch 2 done.
Epoch 13, acc: 89.397407, loss: 0.283724

9
Epoch 0 done.
Epoch 1 done.
Epoch 2 done.
Epoch 14, acc: 89.321129, loss: 0.278803

5
Epoch 0 done.
Epoch 1 done.
Epoch 2 done.
Epoch 14, acc: 89.397407, loss: 0.276192

8
Epoch 0 done.
Epoch 1 done.
Epoch 2 done.
Epoch 14, acc: 89.855072, loss: 0.271360

4
Epoch 0 done.
Epoch 1 done.
Epoch 2 done.
Epoch 15, acc: 90.083905, loss: 0.266013

9
Epoch 0 done.
Epoch 1 done.
Epoch 2 done.
Epoch 15, acc: 90.236461, loss: 0.261515

1
Epoch 0 done.
Epoch 1 done.
Epoch 2 done.
Epoch 15, acc: 90.083905, loss: 0.256983

5
Epoch 0 done.
Epoch 1 done.
Epoch 2 done.
Epoch 16, acc: 90.160183, loss: 0.255186

7
Epoch 0 done.
Epoch 1 done.
Epoch 2 done.
Epoch 16, acc: 90.236461, loss: 0.251796

0
Epoch 0 done.
Epoch 1 done.
Epoch 2 done.
Epoch 16, acc: 90.541571, loss: 0.247061

6
Epoch 0 done.
Epoch 1 done.
Epoch 2 done.
Epoch 17, acc: 90.922960, loss: 0.242751

3
Epoch 0 done.
Epoch 1 done.
Epoch 2 done.
Epoch 17, acc: 91.304348, loss: 0.236874

4
Epoch 0 done.
Epoch 1 done.
Epoch 2 done.
Epoch 17, acc: 91.151793, loss: 0.231598

8
Epoch 0 done.
Epoch 1 done.
Epoch 2 done.
Epoch 18, acc: 91.304348, loss: 0.229301

3
Epoch 0 done.
Epoch 1 done.
Epoch 2 done.
Epoch 18, acc: 91.304348, loss: 0.226739

0
Epoch 0 done.
Epoch 1 done.
Epoch 2 done.
Epoch 18, acc: 91.456903, loss: 0.223937

9
Epoch 0 done.
Epoch 1 done.
Epoch 2 done.
Epoch 19, acc: 91.838291, loss: 0.219970

3
Epoch 0 done.
Epoch 1 done.
Epoch 2 done.
Epoch 19, acc: 91.914569, loss: 0.217681

0
Epoch 0 done.
Epoch 1 done.
Epoch 2 done.
Epoch 19, acc: 92.143402, loss: 0.212774

0
Epoch 0 done.
Epoch 1 done.
Epoch 2 done.
Epoch 20, acc: 92.372235, loss: 0.210438

1
Epoch 0 done.
Epoch 1 done.
Epoch 2 done.
Epoch 20, acc: 92.219680, loss: 0.206474

4
Epoch 0 done.
Epoch 1 done.
Epoch 2 done.
Epoch 20, acc: 92.295957, loss: 0.204470

7
Epoch 0 done.
Epoch 1 done.
Epoch 2 done.
Epoch 21, acc: 92.448513, loss: 0.203663

8
Epoch 0 done.
Epoch 1 done.
Epoch 2 done.
Epoch 21, acc: 92.601068, loss: 0.200985

0
Epoch 0 done.
Epoch 1 done.
Epoch 2 done.
Epoch 21, acc: 92.601068, loss: 0.199238

1
Epoch 0 done.
Epoch 1 done.
Epoch 2 done.
Epoch 22, acc: 92.829901, loss: 0.196796

6
Epoch 0 done.
Epoch 1 done.
Epoch 2 done.
Epoch 22, acc: 92.524790, loss: 0.194526

4
Epoch 0 done.
Epoch 1 done.
Epoch 2 done.
Epoch 22, acc: 92.753623, loss: 0.192298

9
Epoch 0 done.
Epoch 1 done.
Epoch 2 done.
Epoch 23, acc: 92.906178, loss: 0.189023

4
Epoch 0 done.
Epoch 1 done.
Epoch 2 done.
Epoch 23, acc: 92.982456, loss: 0.187705

7
Epoch 0 done.
Epoch 1 done.
Epoch 2 done.
Epoch 23, acc: 92.753623, loss: 0.184362

5
Epoch 0 done.
Epoch 1 done.
Epoch 2 done.
Epoch 24, acc: 93.135011, loss: 0.183842

8
Epoch 0 done.
Epoch 1 done.
Epoch 2 done.
Epoch 24, acc: 93.287567, loss: 0.182043

9
Epoch 0 done.
Epoch 1 done.
Epoch 2 done.
Epoch 24, acc: 93.516400, loss: 0.179025

8
Epoch 0 done.
Epoch 1 done.
Epoch 2 done.
Epoch 25, acc: 93.745233, loss: 0.175891

0
Epoch 0 done.
Epoch 1 done.
Epoch 2 done.
Epoch 25, acc: 93.668955, loss: 0.174149

2
Epoch 0 done.
Epoch 1 done.
Epoch 2 done.
Epoch 25, acc: 93.592677, loss: 0.172698

3
Epoch 0 done.
Epoch 1 done.
Epoch 2 done.
Epoch 26, acc: 93.668955, loss: 0.170907

5
Epoch 0 done.
Epoch 1 done.
Epoch 2 done.
Epoch 26, acc: 93.745233, loss: 0.169940

1
Epoch 0 done.
Epoch 1 done.
Epoch 2 done.
Epoch 26, acc: 93.592677, loss: 0.169405

1
Epoch 0 done.
Epoch 1 done.
Epoch 2 done.
Epoch 27, acc: 93.745233, loss: 0.168772

3
Epoch 0 done.
Epoch 1 done.
Epoch 2 done.
Epoch 27, acc: 93.821510, loss: 0.168142

6
Epoch 0 done.
Epoch 1 done.
Epoch 2 done.
Epoch 27, acc: 93.668955, loss: 0.166210

2
Epoch 0 done.
Epoch 1 done.
Epoch 2 done.
Epoch 28, acc: 93.363844, loss: 0.168263

9
Epoch 0 done.
Epoch 1 done.
Epoch 2 done.
Epoch 28, acc: 93.897788, loss: 0.165920

6
Epoch 0 done.
Epoch 1 done.
Epoch 2 done.
Epoch 28, acc: 93.668955, loss: 0.162670

3
Epoch 0 done.
Epoch 1 done.
Epoch 2 done.
Epoch 29, acc: 93.821510, loss: 0.161710

7
Epoch 0 done.
Epoch 1 done.
Epoch 2 done.
Epoch 29, acc: 93.745233, loss: 0.160913

5
Epoch 0 done.
Epoch 1 done.
Epoch 2 done.
Epoch 29, acc: 93.592677, loss: 0.159641

9
Epoch 0 done.
Epoch 1 done.
Epoch 2 done.
Epoch 30, acc: 93.897788, loss: 0.158665

4
Epoch 0 done.
Epoch 1 done.
Epoch 2 done.
Epoch 30, acc: 93.897788, loss: 0.156046

3
Epoch 0 done.
Epoch 1 done.
Epoch 2 done.
Epoch 30, acc: 93.974066, loss: 0.154254

3
Epoch 0 done.
Epoch 1 done.
Epoch 2 done.
Epoch 31, acc: 94.050343, loss: 0.153646

9
Epoch 0 done.
Epoch 1 done.
Epoch 2 done.
Epoch 31, acc: 94.355454, loss: 0.153077

1
Epoch 0 done.
Epoch 1 done.
Epoch 2 done.
Epoch 31, acc: 94.202899, loss: 0.151517

6
Epoch 0 done.
Epoch 1 done.
Epoch 2 done.
Epoch 32, acc: 94.279176, loss: 0.150937

2
Epoch 0 done.
Epoch 1 done.
Epoch 2 done.
Epoch 32, acc: 94.126621, loss: 0.151159

0
Epoch 0 done.
Epoch 1 done.
Epoch 2 done.
Epoch 32, acc: 94.126621, loss: 0.147623

0
Epoch 0 done.
Epoch 1 done.
Epoch 2 done.
Epoch 33, acc: 94.279176, loss: 0.145531

5
Epoch 0 done.
Epoch 1 done.
Epoch 2 done.
Epoch 33, acc: 94.508009, loss: 0.143039

9
Epoch 0 done.
Epoch 1 done.
Epoch 2 done.
Epoch 33, acc: 94.431732, loss: 0.143199

7
Epoch 0 done.
Epoch 1 done.
Epoch 2 done.
Epoch 34, acc: 94.508009, loss: 0.140865

6
Epoch 0 done.
Epoch 1 done.
Epoch 2 done.
Epoch 34, acc: 94.584287, loss: 0.140351

1
Epoch 0 done.
Epoch 1 done.
Epoch 2 done.
Epoch 34, acc: 94.508009, loss: 0.139619

3
Epoch 0 done.
Epoch 1 done.
Epoch 2 done.
Epoch 35, acc: 94.508009, loss: 0.138269

2
Epoch 0 done.
Epoch 1 done.
Epoch 2 done.
Epoch 35, acc: 94.431732, loss: 0.138854

6
Epoch 0 done.
Epoch 1 done.
Epoch 2 done.
Epoch 35, acc: 94.202899, loss: 0.138668

5
Epoch 0 done.
Epoch 1 done.
Epoch 2 done.
Epoch 36, acc: 94.355454, loss: 0.138926

2
Epoch 0 done.
Epoch 1 done.
Epoch 2 done.
Epoch 36, acc: 94.355454, loss: 0.139902

6
Epoch 0 done.
Epoch 1 done.
Epoch 2 done.
Epoch 36, acc: 94.202899, loss: 0.139064

1
Epoch 0 done.
Epoch 1 done.
Epoch 2 done.
Epoch 37, acc: 94.508009, loss: 0.138921

6
Epoch 0 done.
Epoch 1 done.
Epoch 2 done.
Epoch 37, acc: 94.355454, loss: 0.137682

0
Epoch 0 done.
Epoch 1 done.
Epoch 2 done.
Epoch 37, acc: 94.431732, loss: 0.136139

3
Epoch 0 done.
Epoch 1 done.
Epoch 2 done.
Epoch 38, acc: 94.508009, loss: 0.135152

4
Epoch 0 done.
Epoch 1 done.
Epoch 2 done.
Epoch 38, acc: 94.508009, loss: 0.133733

6
Epoch 0 done.
Epoch 1 done.
Epoch 2 done.
Epoch 38, acc: 94.584287, loss: 0.133393

9
Epoch 0 done.
Epoch 1 done.
Epoch 2 done.
Epoch 39, acc: 94.813120, loss: 0.132898

3
Epoch 0 done.
Epoch 1 done.
Epoch 2 done.
Epoch 39, acc: 94.813120, loss: 0.131814

2
Epoch 0 done.
Epoch 1 done.
Epoch 2 done.
Epoch 39, acc: 94.736842, loss: 0.132576

8
Epoch 0 done.
Epoch 1 done.
Epoch 2 done.
Epoch 40, acc: 95.041953, loss: 0.131278

7
Epoch 0 done.
Epoch 1 done.
Epoch 2 done.
Epoch 40, acc: 94.965675, loss: 0.129732

6
Epoch 0 done.
Epoch 1 done.
Epoch 2 done.
Epoch 40, acc: 95.118230, loss: 0.129979

9
Epoch 0 done.
Epoch 1 done.
Epoch 2 done.
Epoch 41, acc: 95.194508, loss: 0.128903

7
Epoch 0 done.
Epoch 1 done.
Epoch 2 done.
Epoch 41, acc: 95.118230, loss: 0.128176

0
Epoch 0 done.
Epoch 1 done.
Epoch 2 done.
Epoch 41, acc: 95.423341, loss: 0.126484

3
Epoch 0 done.
Epoch 1 done.
Epoch 2 done.
Epoch 42, acc: 95.270786, loss: 0.125708

0
Epoch 0 done.
Epoch 1 done.
Epoch 2 done.
Epoch 42, acc: 95.347063, loss: 0.124102

8
Epoch 0 done.
Epoch 1 done.
Epoch 2 done.
Epoch 42, acc: 95.575896, loss: 0.122977

5
Epoch 0 done.
Epoch 1 done.
Epoch 2 done.
Epoch 43, acc: 95.423341, loss: 0.121538

2
Epoch 0 done.
Epoch 1 done.
Epoch 2 done.
Epoch 43, acc: 95.499619, loss: 0.123212

4
Epoch 0 done.
Epoch 1 done.
Epoch 2 done.
Epoch 43, acc: 95.347063, loss: 0.122222

0
Epoch 0 done.
Epoch 1 done.
Epoch 2 done.
Epoch 44, acc: 95.652174, loss: 0.120269

4
Epoch 0 done.
Epoch 1 done.
Epoch 2 done.
Epoch 44, acc: 95.575896, loss: 0.118353

1
Epoch 0 done.
Epoch 1 done.
Epoch 2 done.
Epoch 44, acc: 95.499619, loss: 0.118077

5
Epoch 0 done.
Epoch 1 done.
Epoch 2 done.
Epoch 45, acc: 95.652174, loss: 0.117062

1
Epoch 0 done.
Epoch 1 done.
Epoch 2 done.
Epoch 45, acc: 95.652174, loss: 0.118061

2
Epoch 0 done.
Epoch 1 done.
Epoch 2 done.
Epoch 45, acc: 95.575896, loss: 0.117971

1
Epoch 0 done.
Epoch 1 done.
Epoch 2 done.
Epoch 46, acc: 95.575896, loss: 0.117416

2
Epoch 0 done.
Epoch 1 done.
Epoch 2 done.
Epoch 46, acc: 95.575896, loss: 0.118101

5
Epoch 0 done.
Epoch 1 done.
Epoch 2 done.
Epoch 46, acc: 95.575896, loss: 0.117864

6
Epoch 0 done.
Epoch 1 done.
Epoch 2 done.
Epoch 47, acc: 95.423341, loss: 0.118781

9
Epoch 0 done.
Epoch 1 done.
Epoch 2 done.
Epoch 47, acc: 95.728452, loss: 0.117884

3
Epoch 0 done.
Epoch 1 done.
Epoch 2 done.
Epoch 47, acc: 95.652174, loss: 0.116784

6
Epoch 0 done.
Epoch 1 done.
Epoch 2 done.
Epoch 48, acc: 95.499619, loss: 0.116839

7
Epoch 0 done.
Epoch 1 done.
Epoch 2 done.
Epoch 48, acc: 95.881007, loss: 0.113387

0
Epoch 0 done.
Epoch 1 done.
Epoch 2 done.
Epoch 48, acc: 96.109840, loss: 0.111718

4
Epoch 0 done.
Epoch 1 done.
Epoch 2 done.
Epoch 49, acc: 95.881007, loss: 0.111611

0
Epoch 0 done.
Epoch 1 done.
Epoch 2 done.
Epoch 49, acc: 95.957285, loss: 0.110119

3
Epoch 0 done.
Epoch 1 done.
Epoch 2 done.
Epoch 49, acc: 95.957285, loss: 0.109535

6
Epoch 0 done.
Epoch 1 done.
Epoch 2 done.
Epoch 50, acc: 96.033562, loss: 0.109693

8
Epoch 0 done.
Epoch 1 done.
Epoch 2 done.
Epoch 50, acc: 95.957285, loss: 0.108312

0
Epoch 0 done.
Epoch 1 done.
Epoch 2 done.
Epoch 50, acc: 96.033562, loss: 0.106934

2
Epoch 0 done.
Epoch 1 done.
Epoch 2 done.
Epoch 51, acc: 95.881007, loss: 0.108561

0
Epoch 0 done.
Epoch 1 done.
Epoch 2 done.
Epoch 51, acc: 95.957285, loss: 0.107538

9
Epoch 0 done.
Epoch 1 done.
Epoch 2 done.
Epoch 51, acc: 95.881007, loss: 0.106637

5
Epoch 0 done.
Epoch 1 done.
Epoch 2 done.
Epoch 52, acc: 96.033562, loss: 0.105679

0
Epoch 0 done.
Epoch 1 done.
Epoch 2 done.
Epoch 52, acc: 96.109840, loss: 0.104949

9
Epoch 0 done.
Epoch 1 done.
Epoch 2 done.
Epoch 52, acc: 96.186117, loss: 0.105236

9
Epoch 0 done.
Epoch 1 done.
Epoch 2 done.
Epoch 53, acc: 96.109840, loss: 0.105002

7
Epoch 0 done.
Epoch 1 done.
Epoch 2 done.
Epoch 53, acc: 96.262395, loss: 0.104131

6
Epoch 0 done.
Epoch 1 done.
Epoch 2 done.
Epoch 53, acc: 96.186117, loss: 0.104006

2
Epoch 0 done.
Epoch 1 done.
Epoch 2 done.
Epoch 54, acc: 96.033562, loss: 0.104494

7
Epoch 0 done.
Epoch 1 done.
Epoch 2 done.
Epoch 54, acc: 96.262395, loss: 0.103212

0
Epoch 0 done.
Epoch 1 done.
Epoch 2 done.
Epoch 54, acc: 96.186117, loss: 0.102468

9
Epoch 0 done.
Epoch 1 done.
Epoch 2 done.
Epoch 55, acc: 96.338673, loss: 0.102748

2
Epoch 0 done.
Epoch 1 done.
Epoch 2 done.
Epoch 55, acc: 96.262395, loss: 0.103630

6
Epoch 0 done.
Epoch 1 done.
Epoch 2 done.
Epoch 55, acc: 96.186117, loss: 0.104870

5
Epoch 0 done.
Epoch 1 done.
Epoch 2 done.
Epoch 56, acc: 96.262395, loss: 0.103945

4
Epoch 0 done.
Epoch 1 done.
Epoch 2 done.
Epoch 56, acc: 96.338673, loss: 0.103151

7
Epoch 0 done.
Epoch 1 done.
Epoch 2 done.
Epoch 56, acc: 96.414950, loss: 0.102584

7
Epoch 0 done.
Epoch 1 done.
Epoch 2 done.
Epoch 57, acc: 96.414950, loss: 0.102403

8
Epoch 0 done.
Epoch 1 done.
Epoch 2 done.
Epoch 57, acc: 96.414950, loss: 0.101475

0
Epoch 0 done.
Epoch 1 done.
Epoch 2 done.
Epoch 57, acc: 96.338673, loss: 0.100187

7
Epoch 0 done.
Epoch 1 done.
Epoch 2 done.
Epoch 58, acc: 96.414950, loss: 0.099413

3
Epoch 0 done.
Epoch 1 done.
Epoch 2 done.
Epoch 58, acc: 96.491228, loss: 0.098217

4
Epoch 0 done.
Epoch 1 done.
Epoch 2 done.
Epoch 58, acc: 96.414950, loss: 0.098491

2
Epoch 0 done.
Epoch 1 done.
Epoch 2 done.
Epoch 59, acc: 96.491228, loss: 0.099642

5
Epoch 0 done.
Epoch 1 done.
Epoch 2 done.
Epoch 59, acc: 96.567506, loss: 0.099089

7
Epoch 0 done.
Epoch 1 done.
Epoch 2 done.
Epoch 59, acc: 96.567506, loss: 0.098712

1
Epoch 0 done.
Epoch 1 done.
Epoch 2 done.
Epoch 60, acc: 96.567506, loss: 0.099199

4
Epoch 0 done.
Epoch 1 done.
Epoch 2 done.
Epoch 60, acc: 96.643783, loss: 0.098959

3
Epoch 0 done.
Epoch 1 done.
Epoch 2 done.
Epoch 60, acc: 96.720061, loss: 0.098022

1
Epoch 0 done.
Epoch 1 done.
Epoch 2 done.
Epoch 61, acc: 96.720061, loss: 0.098802

3
Epoch 0 done.
Epoch 1 done.
Epoch 2 done.
Epoch 61, acc: 96.720061, loss: 0.098129

5
Epoch 0 done.
Epoch 1 done.
Epoch 2 done.
Epoch 61, acc: 96.720061, loss: 0.097541

7
Epoch 0 done.
Epoch 1 done.
Epoch 2 done.
Epoch 62, acc: 96.720061, loss: 0.096825

4
Epoch 0 done.
Epoch 1 done.
Epoch 2 done.
Epoch 62, acc: 96.720061, loss: 0.096259

5
Epoch 0 done.
Epoch 1 done.
Epoch 2 done.
Epoch 62, acc: 96.872616, loss: 0.095753

2
Epoch 0 done.
Epoch 1 done.
Epoch 2 done.
Epoch 63, acc: 96.796339, loss: 0.097149

5
Epoch 0 done.
Epoch 1 done.
Epoch 2 done.
Epoch 63, acc: 96.872616, loss: 0.096342

3
Epoch 0 done.
Epoch 1 done.
Epoch 2 done.
Epoch 63, acc: 96.872616, loss: 0.095279

4
Epoch 0 done.
Epoch 1 done.
Epoch 2 done.
Epoch 64, acc: 96.872616, loss: 0.094946

8
Epoch 0 done.
Epoch 1 done.
Epoch 2 done.
Epoch 64, acc: 96.872616, loss: 0.093390

1
Epoch 0 done.
Epoch 1 done.
Epoch 2 done.
Epoch 64, acc: 96.796339, loss: 0.094329

1
Epoch 0 done.
Epoch 1 done.
Epoch 2 done.
Epoch 65, acc: 96.872616, loss: 0.095620

0
Epoch 0 done.
Epoch 1 done.
Epoch 2 done.
Epoch 65, acc: 96.948894, loss: 0.094089

8
Epoch 0 done.
Epoch 1 done.
Epoch 2 done.
Epoch 65, acc: 97.025172, loss: 0.093395

0
Epoch 0 done.
Epoch 1 done.
Epoch 2 done.
Epoch 66, acc: 97.025172, loss: 0.092054

6
Epoch 0 done.
Epoch 1 done.
Epoch 2 done.
Epoch 66, acc: 97.025172, loss: 0.092399

8
Epoch 0 done.
Epoch 1 done.
Epoch 2 done.
Epoch 66, acc: 96.948894, loss: 0.091977

2
Epoch 0 done.
Epoch 1 done.
Epoch 2 done.
Epoch 67, acc: 96.796339, loss: 0.093276

8
Epoch 0 done.
Epoch 1 done.
Epoch 2 done.
Epoch 67, acc: 96.872616, loss: 0.092649

3
Epoch 0 done.
Epoch 1 done.
Epoch 2 done.
Epoch 67, acc: 96.796339, loss: 0.091913

5
Epoch 0 done.
Epoch 1 done.
Epoch 2 done.
Epoch 68, acc: 96.872616, loss: 0.091427

3
Epoch 0 done.
Epoch 1 done.
Epoch 2 done.
Epoch 68, acc: 96.872616, loss: 0.090269

9
Epoch 0 done.
Epoch 1 done.
Epoch 2 done.
Epoch 68, acc: 96.796339, loss: 0.090418

0
Epoch 0 done.
Epoch 1 done.
Epoch 2 done.
Epoch 69, acc: 96.872616, loss: 0.089714

7
Epoch 0 done.
Epoch 1 done.
Epoch 2 done.
Epoch 69, acc: 96.948894, loss: 0.089288

1
Epoch 0 done.
Epoch 1 done.
Epoch 2 done.
Epoch 69, acc: 96.948894, loss: 0.089979

3
Epoch 0 done.
Epoch 1 done.
Epoch 2 done.
Epoch 70, acc: 96.872616, loss: 0.089868

1
Epoch 0 done.
Epoch 1 done.
Epoch 2 done.
Epoch 70, acc: 96.948894, loss: 0.091093

8
Epoch 0 done.
Epoch 1 done.
Epoch 2 done.
Epoch 70, acc: 96.872616, loss: 0.090689

2
Epoch 0 done.
Epoch 1 done.
Epoch 2 done.
Epoch 71, acc: 96.872616, loss: 0.091154

4
Epoch 0 done.
Epoch 1 done.
Epoch 2 done.
Epoch 71, acc: 96.872616, loss: 0.089958

8
Epoch 0 done.
Epoch 1 done.
Epoch 2 done.
Epoch 71, acc: 96.872616, loss: 0.090030

3
Epoch 0 done.
Epoch 1 done.
Epoch 2 done.
Epoch 72, acc: 96.872616, loss: 0.089267

9
Epoch 0 done.
Epoch 1 done.
Epoch 2 done.
Epoch 72, acc: 96.948894, loss: 0.089591

4
Epoch 0 done.
Epoch 1 done.
Epoch 2 done.
Epoch 72, acc: 96.948894, loss: 0.088981

3
Epoch 0 done.
Epoch 1 done.
Epoch 2 done.
Epoch 73, acc: 96.872616, loss: 0.087943

4
Epoch 0 done.
Epoch 1 done.
Epoch 2 done.
Epoch 73, acc: 96.948894, loss: 0.087469

9
Epoch 0 done.
Epoch 1 done.
Epoch 2 done.
Epoch 73, acc: 96.948894, loss: 0.087425

6
Epoch 0 done.
Epoch 1 done.
Epoch 2 done.
Epoch 74, acc: 97.025172, loss: 0.087713

9
Epoch 0 done.
Epoch 1 done.
Epoch 2 done.
Epoch 74, acc: 97.025172, loss: 0.088263

3
Epoch 0 done.
Epoch 1 done.
Epoch 2 done.
Epoch 74, acc: 97.025172, loss: 0.087119

6
Epoch 0 done.
Epoch 1 done.
Epoch 2 done.
Epoch 75, acc: 97.025172, loss: 0.087608

1
Epoch 0 done.
Epoch 1 done.
Epoch 2 done.
Epoch 75, acc: 97.025172, loss: 0.088465

4
Epoch 0 done.
Epoch 1 done.
Epoch 2 done.
Epoch 75, acc: 97.101449, loss: 0.087288

9
Epoch 0 done.
Epoch 1 done.
Epoch 2 done.
Epoch 76, acc: 97.101449, loss: 0.087390

0
Epoch 0 done.
Epoch 1 done.
Epoch 2 done.
Epoch 76, acc: 97.101449, loss: 0.086198

6
Epoch 0 done.
Epoch 1 done.
Epoch 2 done.
Epoch 76, acc: 97.101449, loss: 0.086242

9
Epoch 0 done.
Epoch 1 done.
Epoch 2 done.
Epoch 77, acc: 97.101449, loss: 0.087557

3
Epoch 0 done.
Epoch 1 done.
Epoch 2 done.
Epoch 77, acc: 97.025172, loss: 0.086443

6
Epoch 0 done.
Epoch 1 done.
Epoch 2 done.
Epoch 77, acc: 97.025172, loss: 0.087002

1
Epoch 0 done.
Epoch 1 done.
Epoch 2 done.
Epoch 78, acc: 97.101449, loss: 0.087771

0
Epoch 0 done.
Epoch 1 done.
Epoch 2 done.
Epoch 78, acc: 97.025172, loss: 0.086291

8
Epoch 0 done.
Epoch 1 done.
Epoch 2 done.
Epoch 78, acc: 97.101449, loss: 0.085719

2
Epoch 0 done.
Epoch 1 done.
Epoch 2 done.
Epoch 79, acc: 97.101449, loss: 0.086521

3
Epoch 0 done.
Epoch 1 done.
Epoch 2 done.
Epoch 79, acc: 97.101449, loss: 0.086034

8
Epoch 0 done.
Epoch 1 done.
Epoch 2 done.
Epoch 79, acc: 97.101449, loss: 0.085512

8
Epoch 0 done.
Epoch 1 done.
Epoch 2 done.
Epoch 80, acc: 97.101449, loss: 0.085248

7
Epoch 0 done.
Epoch 1 done.
Epoch 2 done.
Epoch 80, acc: 97.025172, loss: 0.084646

0
Epoch 0 done.
Epoch 1 done.
Epoch 2 done.
Epoch 80, acc: 97.101449, loss: 0.083630

4
Epoch 0 done.
Epoch 1 done.
Epoch 2 done.
Epoch 81, acc: 97.177727, loss: 0.082837

6
Epoch 0 done.
Epoch 1 done.
Epoch 2 done.
Epoch 81, acc: 97.101449, loss: 0.083595

7
Epoch 0 done.
Epoch 1 done.
Epoch 2 done.
Epoch 81, acc: 97.177727, loss: 0.083148

0
Epoch 0 done.
Epoch 1 done.
Epoch 2 done.
Epoch 82, acc: 97.254005, loss: 0.082377

7
Epoch 0 done.
Epoch 1 done.
Epoch 2 done.
Epoch 82, acc: 97.254005, loss: 0.082332

2
Epoch 0 done.
Epoch 1 done.
Epoch 2 done.
Epoch 82, acc: 97.177727, loss: 0.083090

3
Epoch 0 done.
Epoch 1 done.
Epoch 2 done.
Epoch 83, acc: 97.177727, loss: 0.082675

5
Epoch 0 done.
Epoch 1 done.
Epoch 2 done.
Epoch 83, acc: 97.177727, loss: 0.081945

1
Epoch 0 done.
Epoch 1 done.
Epoch 2 done.
Epoch 83, acc: 97.177727, loss: 0.082886

1
Epoch 0 done.
Epoch 1 done.
Epoch 2 done.
Epoch 84, acc: 96.948894, loss: 0.083849

5
Epoch 0 done.
Epoch 1 done.
Epoch 2 done.
Epoch 84, acc: 97.101449, loss: 0.083672

8
Epoch 0 done.
Epoch 1 done.
Epoch 2 done.
Epoch 84, acc: 97.101449, loss: 0.082933

6
Epoch 0 done.
Epoch 1 done.
Epoch 2 done.
Epoch 85, acc: 97.101449, loss: 0.083526

1
Epoch 0 done.
Epoch 1 done.
Epoch 2 done.
Epoch 85, acc: 97.101449, loss: 0.084207

4
Epoch 0 done.
Epoch 1 done.
Epoch 2 done.
Epoch 85, acc: 97.025172, loss: 0.083385

5
Epoch 0 done.
Epoch 1 done.
Epoch 2 done.
Epoch 86, acc: 97.101449, loss: 0.082652

2
Epoch 0 done.
Epoch 1 done.
Epoch 2 done.
Epoch 86, acc: 97.101449, loss: 0.083034

0
Epoch 0 done.
Epoch 1 done.
Epoch 2 done.
Epoch 86, acc: 97.177727, loss: 0.082019

9
Epoch 0 done.
Epoch 1 done.
Epoch 2 done.
Epoch 87, acc: 97.177727, loss: 0.082627

4
Epoch 0 done.
Epoch 1 done.
Epoch 2 done.
Epoch 87, acc: 97.177727, loss: 0.081642

3
Epoch 0 done.
Epoch 1 done.
Epoch 2 done.
Epoch 87, acc: 97.254005, loss: 0.081126

0
Epoch 0 done.
Epoch 1 done.
Epoch 2 done.
Epoch 88, acc: 97.254005, loss: 0.080418

6
Epoch 0 done.
Epoch 1 done.
Epoch 2 done.
Epoch 88, acc: 97.254005, loss: 0.081162

8
Epoch 0 done.
Epoch 1 done.
Epoch 2 done.
Epoch 88, acc: 97.254005, loss: 0.080867

5
Epoch 0 done.
Epoch 1 done.
Epoch 2 done.
Epoch 89, acc: 97.330282, loss: 0.080279

4
Epoch 0 done.
Epoch 1 done.
Epoch 2 done.
Epoch 89, acc: 97.330282, loss: 0.079647

8
Epoch 0 done.
Epoch 1 done.
Epoch 2 done.
Epoch 89, acc: 97.330282, loss: 0.079336

1
Epoch 0 done.
Epoch 1 done.
Epoch 2 done.
Epoch 90, acc: 97.177727, loss: 0.080580

2
Epoch 0 done.
Epoch 1 done.
Epoch 2 done.
Epoch 90, acc: 97.177727, loss: 0.081662

4
Epoch 0 done.
Epoch 1 done.
Epoch 2 done.
Epoch 90, acc: 97.177727, loss: 0.080913

9
Epoch 0 done.
Epoch 1 done.
Epoch 2 done.
Epoch 91, acc: 97.330282, loss: 0.081516

0
Epoch 0 done.
Epoch 1 done.
Epoch 2 done.
Epoch 91, acc: 97.254005, loss: 0.080419

8
Epoch 0 done.
Epoch 1 done.
Epoch 2 done.
Epoch 91, acc: 97.254005, loss: 0.080107

6
Epoch 0 done.
Epoch 1 done.
Epoch 2 done.
Epoch 92, acc: 97.254005, loss: 0.080922

1
Epoch 0 done.
Epoch 1 done.
Epoch 2 done.
Epoch 92, acc: 97.254005, loss: 0.081971

0
Epoch 0 done.
Epoch 1 done.
Epoch 2 done.
Epoch 92, acc: 97.254005, loss: 0.081119

5
Epoch 0 done.
Epoch 1 done.
Epoch 2 done.
Epoch 93, acc: 97.254005, loss: 0.080240

1
Epoch 0 done.
Epoch 1 done.
Epoch 2 done.
Epoch 93, acc: 97.254005, loss: 0.081520

8
Epoch 0 done.
Epoch 1 done.
Epoch 2 done.
Epoch 93, acc: 97.254005, loss: 0.081521

5
Epoch 0 done.
Epoch 1 done.
Epoch 2 done.
Epoch 94, acc: 97.254005, loss: 0.081020

7
Epoch 0 done.
Epoch 1 done.
Epoch 2 done.
Epoch 94, acc: 97.254005, loss: 0.080307

9
Epoch 0 done.
Epoch 1 done.
Epoch 2 done.
Epoch 94, acc: 97.254005, loss: 0.081206

0
Epoch 0 done.
Epoch 1 done.
Epoch 2 done.
Epoch 95, acc: 97.254005, loss: 0.080408

8
Epoch 0 done.
Epoch 1 done.
Epoch 2 done.
Epoch 95, acc: 97.254005, loss: 0.080545

2
Epoch 0 done.
Epoch 1 done.
Epoch 2 done.
Epoch 95, acc: 97.254005, loss: 0.081471

1
Epoch 0 done.
Epoch 1 done.
Epoch 2 done.
Epoch 96, acc: 97.254005, loss: 0.082817

3
Epoch 0 done.
Epoch 1 done.
Epoch 2 done.
Epoch 96, acc: 97.254005, loss: 0.082007

6
Epoch 0 done.
Epoch 1 done.
Epoch 2 done.
Epoch 96, acc: 97.254005, loss: 0.082656

6
Epoch 0 done.
Epoch 1 done.
Epoch 2 done.
Epoch 97, acc: 97.254005, loss: 0.083545

8
Epoch 0 done.
Epoch 1 done.
Epoch 2 done.
Epoch 97, acc: 97.254005, loss: 0.082589

0
Epoch 0 done.
Epoch 1 done.
Epoch 2 done.
Epoch 97, acc: 97.254005, loss: 0.081961

1
Epoch 0 done.
Epoch 1 done.
Epoch 2 done.
Epoch 98, acc: 97.254005, loss: 0.083136

2
Epoch 0 done.
Epoch 1 done.
Epoch 2 done.
Epoch 98, acc: 97.177727, loss: 0.083827

3
Epoch 0 done.
Epoch 1 done.
Epoch 2 done.
Epoch 98, acc: 97.177727, loss: 0.082813

7
Epoch 0 done.
Epoch 1 done.
Epoch 2 done.
Epoch 99, acc: 97.177727, loss: 0.082009

8
Epoch 0 done.
Epoch 1 done.
Epoch 2 done.
Epoch 99, acc: 97.177727, loss: 0.081672

6
Epoch 0 done.
Epoch 1 done.
Epoch 2 done.
Epoch 99, acc: 97.177727, loss: 0.082431

