/home/ykn/anaconda3/envs/cds/lib/python3.7/site-packages/torchvision/io/image.py:13: UserWarning: Failed to load image Python extension: /home/ykn/anaconda3/envs/cds/lib/python3.7/site-packages/torchvision/image.so: undefined symbol: _ZN3c104impl8GPUTrace13gpuTraceStateE
  warn(f"Failed to load image Python extension: {e}")
Dataset ImageFolder
    Number of datapoints: 5712
    Root location: /home/ykn/cds/chapter03_Python_image_classification/data/Brain Tumor MRI Dataset/archive/Training
    StandardTransform
Transform: Compose(
               Resize(size=256, interpolation=bilinear, max_size=None, antialias=None)
               CenterCrop(size=(224, 224))
               ToTensor()
           )
"model_name" : "EfficientNetV2",
	
	"no_models" : 10,
	
	"dp" : true,
	
	"global_epochs" : 100,
	
	"local_epochs" : 3,
	
	"k" : 5,
	
	"batch_size" : 64,
	
	"lr" : 0.001,
	
	"momentum" : 0.0001,

	"C" : 1000,
	
	"lambda" : 0.1
}



Epoch 0 done.
Epoch 1 done.
Epoch 2 done.
Epoch 0 done.
Epoch 1 done.
Epoch 2 done.
Epoch 0 done.
Epoch 1 done.
Epoch 2 done.
Epoch 0 done.
Epoch 1 done.
Epoch 2 done.
Epoch 0 done.
Epoch 1 done.
Epoch 2 done.
Epoch 0, acc: 22.883295, loss: 1.387100

Epoch 0 done.
Epoch 1 done.
Epoch 2 done.
Epoch 0 done.
Epoch 1 done.
Epoch 2 done.
Epoch 0 done.
Epoch 1 done.
Epoch 2 done.
Epoch 0 done.
Epoch 1 done.
Epoch 2 done.
Epoch 0 done.
Epoch 1 done.
Epoch 2 done.
Epoch 1, acc: 22.883295, loss: 1.387484

Epoch 0 done.
Epoch 1 done.
Epoch 2 done.
Epoch 0 done.
Epoch 1 done.
Epoch 2 done.
Epoch 0 done.
Epoch 1 done.
Epoch 2 done.
Epoch 0 done.
Epoch 1 done.
Epoch 2 done.
Epoch 0 done.
Epoch 1 done.
Epoch 2 done.
Epoch 2, acc: 22.883295, loss: 1.388008

Epoch 0 done.
Epoch 1 done.
Epoch 2 done.
Epoch 0 done.
Epoch 1 done.
Epoch 2 done.
Epoch 0 done.
Epoch 1 done.
Epoch 2 done.
Epoch 0 done.
Epoch 1 done.
Epoch 2 done.
Epoch 0 done.
Epoch 1 done.
Epoch 2 done.
Epoch 3, acc: 22.883295, loss: 1.388632

Epoch 0 done.
Epoch 1 done.
Epoch 2 done.
Epoch 0 done.
Epoch 1 done.
Epoch 2 done.
Epoch 0 done.
Epoch 1 done.
Epoch 2 done.
Epoch 0 done.
Epoch 1 done.
Epoch 2 done.
Epoch 0 done.
Epoch 1 done.
Epoch 2 done.
Epoch 4, acc: 22.883295, loss: 1.389350

Epoch 0 done.
Epoch 1 done.
Epoch 2 done.
Epoch 0 done.
Epoch 1 done.
Epoch 2 done.
Epoch 0 done.
Epoch 1 done.
Epoch 2 done.
Epoch 0 done.
Epoch 1 done.
Epoch 2 done.
Epoch 0 done.
Epoch 1 done.
Epoch 2 done.
Epoch 5, acc: 22.883295, loss: 1.390120

Epoch 0 done.
Epoch 1 done.
Epoch 2 done.
Epoch 0 done.
Epoch 1 done.
Epoch 2 done.
Epoch 0 done.
Epoch 1 done.
Epoch 2 done.
Epoch 0 done.
Epoch 1 done.
Epoch 2 done.
Epoch 0 done.
Epoch 1 done.
Epoch 2 done.
Epoch 6, acc: 22.883295, loss: 1.391037

Epoch 0 done.
Epoch 1 done.
Epoch 2 done.
Epoch 0 done.
Epoch 1 done.
Epoch 2 done.
Epoch 0 done.
Epoch 1 done.
Epoch 2 done.
Epoch 0 done.
Epoch 1 done.
Epoch 2 done.
Epoch 0 done.
Epoch 1 done.
Epoch 2 done.
Epoch 7, acc: 22.883295, loss: 1.392078

Epoch 0 done.
Epoch 1 done.
Epoch 2 done.
Epoch 0 done.
Epoch 1 done.
Epoch 2 done.
Epoch 0 done.
Epoch 1 done.
Epoch 2 done.
Epoch 0 done.
Epoch 1 done.
Epoch 2 done.
Epoch 0 done.
Epoch 1 done.
Epoch 2 done.
Epoch 8, acc: 22.883295, loss: 1.393216

Epoch 0 done.
Epoch 1 done.
Epoch 2 done.
Epoch 0 done.
Epoch 1 done.
Epoch 2 done.
Epoch 0 done.
Epoch 1 done.
Epoch 2 done.
Epoch 0 done.
Epoch 1 done.
Epoch 2 done.
Epoch 0 done.
Epoch 1 done.
Epoch 2 done.
Epoch 9, acc: 22.883295, loss: 1.394506

Epoch 0 done.
Epoch 1 done.
Epoch 2 done.
Epoch 0 done.
Epoch 1 done.
Epoch 2 done.
Epoch 0 done.
Epoch 1 done.
Epoch 2 done.
Epoch 0 done.
Epoch 1 done.
Epoch 2 done.
Epoch 0 done.
Epoch 1 done.
Epoch 2 done.
Epoch 10, acc: 22.883295, loss: 1.395903

Epoch 0 done.
Epoch 1 done.
Epoch 2 done.
Epoch 0 done.
Epoch 1 done.
Epoch 2 done.
Epoch 0 done.
Epoch 1 done.
Epoch 2 done.
Epoch 0 done.
Epoch 1 done.
Epoch 2 done.
Epoch 0 done.
Epoch 1 done.
Epoch 2 done.
Epoch 11, acc: 22.883295, loss: 1.397471

Epoch 0 done.
Epoch 1 done.
Epoch 2 done.
Epoch 0 done.
Epoch 1 done.
Epoch 2 done.
Epoch 0 done.
Epoch 1 done.
Epoch 2 done.
Epoch 0 done.
Epoch 1 done.
Epoch 2 done.
Epoch 0 done.
Epoch 1 done.
Epoch 2 done.
Epoch 12, acc: 22.883295, loss: 1.399196

Epoch 0 done.
Epoch 1 done.
Epoch 2 done.
Epoch 0 done.
Epoch 1 done.
Epoch 2 done.
Epoch 0 done.
Epoch 1 done.
Epoch 2 done.
Epoch 0 done.
Epoch 1 done.
Epoch 2 done.
Epoch 0 done.
Epoch 1 done.
Epoch 2 done.
Epoch 13, acc: 22.883295, loss: 1.401143

Epoch 0 done.
Epoch 1 done.
Epoch 2 done.
Epoch 0 done.
Epoch 1 done.
Epoch 2 done.
Epoch 0 done.
Epoch 1 done.
Epoch 2 done.
Epoch 0 done.
Epoch 1 done.
Epoch 2 done.
Epoch 0 done.
Epoch 1 done.
Epoch 2 done.
Epoch 14, acc: 22.883295, loss: 1.403222

Epoch 0 done.
Epoch 1 done.
Epoch 2 done.
Epoch 0 done.
Epoch 1 done.
Epoch 2 done.
Epoch 0 done.
Epoch 1 done.
Epoch 2 done.
Epoch 0 done.
Epoch 1 done.
Epoch 2 done.
Epoch 0 done.
Epoch 1 done.
Epoch 2 done.
Epoch 15, acc: 22.883295, loss: 1.405580

Epoch 0 done.
Epoch 1 done.
Epoch 2 done.
Epoch 0 done.
Epoch 1 done.
Epoch 2 done.
Epoch 0 done.
Epoch 1 done.
Epoch 2 done.
Epoch 0 done.
Epoch 1 done.
Epoch 2 done.
Epoch 0 done.
Epoch 1 done.
Epoch 2 done.
Epoch 16, acc: 22.883295, loss: 1.408108

Epoch 0 done.
Epoch 1 done.
Epoch 2 done.
Epoch 0 done.
Epoch 1 done.
Epoch 2 done.
Epoch 0 done.
Epoch 1 done.
Epoch 2 done.
Epoch 0 done.
Epoch 1 done.
Epoch 2 done.
Epoch 0 done.
Epoch 1 done.
Epoch 2 done.
Epoch 17, acc: 22.883295, loss: 1.410845

Epoch 0 done.
Epoch 1 done.
Epoch 2 done.
Epoch 0 done.
Epoch 1 done.
Epoch 2 done.
Epoch 0 done.
Epoch 1 done.
Epoch 2 done.
Epoch 0 done.
Epoch 1 done.
Epoch 2 done.
Epoch 0 done.
Epoch 1 done.
Epoch 2 done.
Epoch 18, acc: 22.883295, loss: 1.413771

Epoch 0 done.
Epoch 1 done.
Epoch 2 done.
Epoch 0 done.
Epoch 1 done.
Epoch 2 done.
Epoch 0 done.
Epoch 1 done.
Epoch 2 done.
Epoch 0 done.
Epoch 1 done.
Epoch 2 done.
Epoch 0 done.
Epoch 1 done.
Epoch 2 done.
Epoch 19, acc: 22.883295, loss: 1.416925

Epoch 0 done.
Epoch 1 done.
Epoch 2 done.
Epoch 0 done.
Epoch 1 done.
Epoch 2 done.
Epoch 0 done.
Epoch 1 done.
Epoch 2 done.
Epoch 0 done.
Epoch 1 done.
Epoch 2 done.
Epoch 0 done.
Epoch 1 done.
Epoch 2 done.
Epoch 20, acc: 22.883295, loss: 1.420393

Epoch 0 done.
Epoch 1 done.
Epoch 2 done.
Epoch 0 done.
Epoch 1 done.
Epoch 2 done.
Epoch 0 done.
Epoch 1 done.
Epoch 2 done.
Epoch 0 done.
Epoch 1 done.
Epoch 2 done.
Epoch 0 done.
Epoch 1 done.
Epoch 2 done.
Epoch 21, acc: 22.883295, loss: 1.424154

Epoch 0 done.
Epoch 1 done.
Epoch 2 done.
Epoch 0 done.
Epoch 1 done.
Epoch 2 done.
Epoch 0 done.
Epoch 1 done.
Epoch 2 done.
Epoch 0 done.
Epoch 1 done.
Epoch 2 done.
Epoch 0 done.
Epoch 1 done.
Epoch 2 done.
Epoch 22, acc: 22.883295, loss: 1.427995

Epoch 0 done.
Epoch 1 done.
Epoch 2 done.
Epoch 0 done.
Epoch 1 done.
Epoch 2 done.
Epoch 0 done.
Epoch 1 done.
Epoch 2 done.
Epoch 0 done.
Epoch 1 done.
Epoch 2 done.
Epoch 0 done.
Epoch 1 done.
Epoch 2 done.
Epoch 23, acc: 22.883295, loss: 1.432280

Epoch 0 done.
Epoch 1 done.
Epoch 2 done.
Epoch 0 done.
Epoch 1 done.
Epoch 2 done.
Epoch 0 done.
Epoch 1 done.
Epoch 2 done.
Epoch 0 done.
Epoch 1 done.
Epoch 2 done.
Epoch 0 done.
Epoch 1 done.
Epoch 2 done.
Epoch 24, acc: 22.883295, loss: 1.436809

Epoch 0 done.
Epoch 1 done.
Epoch 2 done.
Epoch 0 done.
Epoch 1 done.
Epoch 2 done.
Epoch 0 done.
Epoch 1 done.
Epoch 2 done.
Epoch 0 done.
Epoch 1 done.
Epoch 2 done.
Epoch 0 done.
Epoch 1 done.
Epoch 2 done.
Epoch 25, acc: 22.883295, loss: 1.441445

Epoch 0 done.
Epoch 1 done.
Epoch 2 done.
Epoch 0 done.
Epoch 1 done.
Epoch 2 done.
Epoch 0 done.
Epoch 1 done.
Epoch 2 done.
Epoch 0 done.
Epoch 1 done.
Epoch 2 done.
Epoch 0 done.
Epoch 1 done.
Epoch 2 done.
Epoch 26, acc: 22.883295, loss: 1.446179

Epoch 0 done.
Epoch 1 done.
Epoch 2 done.
Epoch 0 done.
Epoch 1 done.
Epoch 2 done.
Epoch 0 done.
Epoch 1 done.
Epoch 2 done.
Epoch 0 done.
Epoch 1 done.
Epoch 2 done.
Epoch 0 done.
Epoch 1 done.
Epoch 2 done.
Epoch 27, acc: 22.883295, loss: 1.451287

Epoch 0 done.
Epoch 1 done.
Epoch 2 done.
Epoch 0 done.
Epoch 1 done.
Epoch 2 done.
Epoch 0 done.
Epoch 1 done.
Epoch 2 done.
Epoch 0 done.
Epoch 1 done.
Epoch 2 done.
Epoch 0 done.
Epoch 1 done.
Epoch 2 done.
Epoch 28, acc: 22.883295, loss: 1.456912

Epoch 0 done.
Epoch 1 done.
Epoch 2 done.
Epoch 0 done.
Epoch 1 done.
Epoch 2 done.
Epoch 0 done.
Epoch 1 done.
Epoch 2 done.
Epoch 0 done.
Epoch 1 done.
Epoch 2 done.
Epoch 0 done.
Epoch 1 done.
Epoch 2 done.
Epoch 29, acc: 22.883295, loss: 1.462671

Epoch 0 done.
Epoch 1 done.
Epoch 2 done.
Epoch 0 done.
Epoch 1 done.
Epoch 2 done.
Epoch 0 done.
Epoch 1 done.
Epoch 2 done.
Epoch 0 done.
Epoch 1 done.
Epoch 2 done.
Epoch 0 done.
Epoch 1 done.
Epoch 2 done.
Epoch 30, acc: 22.883295, loss: 1.468651

Epoch 0 done.
Epoch 1 done.
Epoch 2 done.
Epoch 0 done.
Epoch 1 done.
Epoch 2 done.
Epoch 0 done.
Epoch 1 done.
Epoch 2 done.
Epoch 0 done.
Epoch 1 done.
Epoch 2 done.
Epoch 0 done.
Epoch 1 done.
Epoch 2 done.
Epoch 31, acc: 22.883295, loss: 1.474619

Epoch 0 done.
Epoch 1 done.
Epoch 2 done.
Epoch 0 done.
Epoch 1 done.
Epoch 2 done.
Epoch 0 done.
Epoch 1 done.
Epoch 2 done.
Epoch 0 done.
Epoch 1 done.
Epoch 2 done.
Epoch 0 done.
Epoch 1 done.
Epoch 2 done.
Epoch 32, acc: 22.883295, loss: 1.481019

Epoch 0 done.
Epoch 1 done.
Epoch 2 done.
Epoch 0 done.
Epoch 1 done.
Epoch 2 done.
Epoch 0 done.
Epoch 1 done.
Epoch 2 done.
Epoch 0 done.
Epoch 1 done.
Epoch 2 done.
Epoch 0 done.
Epoch 1 done.
Epoch 2 done.
Epoch 33, acc: 22.883295, loss: 1.487275

Epoch 0 done.
Epoch 1 done.
Epoch 2 done.
Epoch 0 done.
Epoch 1 done.
Epoch 2 done.
Epoch 0 done.
Epoch 1 done.
Epoch 2 done.
Epoch 0 done.
Epoch 1 done.
Epoch 2 done.
Epoch 0 done.
Epoch 1 done.
Epoch 2 done.
Epoch 34, acc: 22.883295, loss: 1.493230

Epoch 0 done.
Epoch 1 done.
Epoch 2 done.
Epoch 0 done.
Epoch 1 done.
Epoch 2 done.
Epoch 0 done.
Epoch 1 done.
Epoch 2 done.
Epoch 0 done.
Epoch 1 done.
Epoch 2 done.
Epoch 0 done.
Epoch 1 done.
Epoch 2 done.
Epoch 35, acc: 22.883295, loss: 1.499286

Epoch 0 done.
Epoch 1 done.
Epoch 2 done.
Epoch 0 done.
Epoch 1 done.
Epoch 2 done.
Epoch 0 done.
Epoch 1 done.
Epoch 2 done.
Epoch 0 done.
Epoch 1 done.
Epoch 2 done.
Epoch 0 done.
Epoch 1 done.
Epoch 2 done.
Epoch 36, acc: 22.883295, loss: 1.504830

Epoch 0 done.
Epoch 1 done.
Epoch 2 done.
Epoch 0 done.
Epoch 1 done.
Epoch 2 done.
Epoch 0 done.
Epoch 1 done.
Epoch 2 done.
Epoch 0 done.
Epoch 1 done.
Epoch 2 done.
Epoch 0 done.
Epoch 1 done.
Epoch 2 done.
Epoch 37, acc: 22.883295, loss: 1.509897

Epoch 0 done.
Epoch 1 done.
Epoch 2 done.
Epoch 0 done.
Epoch 1 done.
Epoch 2 done.
Epoch 0 done.
Epoch 1 done.
Epoch 2 done.
Epoch 0 done.
Epoch 1 done.
Epoch 2 done.
Epoch 0 done.
Epoch 1 done.
Epoch 2 done.
Epoch 38, acc: 22.883295, loss: 1.514038

Epoch 0 done.
Epoch 1 done.
Epoch 2 done.
Epoch 0 done.
Epoch 1 done.
Epoch 2 done.
Epoch 0 done.
Epoch 1 done.
Epoch 2 done.
Epoch 0 done.
Epoch 1 done.
Epoch 2 done.
Epoch 0 done.
Epoch 1 done.
Epoch 2 done.
Epoch 39, acc: 23.340961, loss: 1.516777

Epoch 0 done.
Epoch 1 done.
Epoch 2 done.
Epoch 0 done.
Epoch 1 done.
Epoch 2 done.
Epoch 0 done.
Epoch 1 done.
Epoch 2 done.
Epoch 0 done.
Epoch 1 done.
Epoch 2 done.
Epoch 0 done.
Epoch 1 done.
Epoch 2 done.
Epoch 40, acc: 34.858886, loss: 1.517717

Epoch 0 done.
Epoch 1 done.
Epoch 2 done.
Epoch 0 done.
Epoch 1 done.
Epoch 2 done.
Epoch 0 done.
Epoch 1 done.
Epoch 2 done.
Epoch 0 done.
Epoch 1 done.
Epoch 2 done.
Epoch 0 done.
Epoch 1 done.
Epoch 2 done.
Epoch 41, acc: 31.731503, loss: 1.517091

Epoch 0 done.
Epoch 1 done.
Epoch 2 done.
Epoch 0 done.
Epoch 1 done.
Epoch 2 done.
Epoch 0 done.
Epoch 1 done.
Epoch 2 done.
Epoch 0 done.
Epoch 1 done.
Epoch 2 done.
Epoch 0 done.
Epoch 1 done.
Epoch 2 done.
Epoch 42, acc: 31.121281, loss: 1.514631

Epoch 0 done.
Epoch 1 done.
Epoch 2 done.
Epoch 0 done.
Epoch 1 done.
Epoch 2 done.
Epoch 0 done.
Epoch 1 done.
Epoch 2 done.
Epoch 0 done.
Epoch 1 done.
Epoch 2 done.
Epoch 0 done.
Epoch 1 done.
Epoch 2 done.
Epoch 43, acc: 27.154844, loss: 1.508050

Epoch 0 done.
Epoch 1 done.
Epoch 2 done.
Epoch 0 done.
Epoch 1 done.
Epoch 2 done.
Epoch 0 done.
Epoch 1 done.
Epoch 2 done.
Epoch 0 done.
Epoch 1 done.
Epoch 2 done.
Epoch 0 done.
Epoch 1 done.
Epoch 2 done.
Epoch 44, acc: 25.019069, loss: 1.495730

Epoch 0 done.
Epoch 1 done.
Epoch 2 done.
Epoch 0 done.
Epoch 1 done.
Epoch 2 done.
Epoch 0 done.
Epoch 1 done.
Epoch 2 done.
Epoch 0 done.
Epoch 1 done.
Epoch 2 done.
Epoch 0 done.
Epoch 1 done.
Epoch 2 done.
Epoch 45, acc: 24.637681, loss: 1.476362

Epoch 0 done.
Epoch 1 done.
Epoch 2 done.
Epoch 0 done.
Epoch 1 done.
Epoch 2 done.
Epoch 0 done.
Epoch 1 done.
Epoch 2 done.
Epoch 0 done.
Epoch 1 done.
Epoch 2 done.
Epoch 0 done.
Epoch 1 done.
Epoch 2 done.
Epoch 46, acc: 25.553013, loss: 1.456489

Epoch 0 done.
Epoch 1 done.
Epoch 2 done.
Epoch 0 done.
Epoch 1 done.
Epoch 2 done.
Epoch 0 done.
Epoch 1 done.
Epoch 2 done.
Epoch 0 done.
Epoch 1 done.
Epoch 2 done.
Epoch 0 done.
Epoch 1 done.
Epoch 2 done.
Epoch 47, acc: 26.392067, loss: 1.440375

Epoch 0 done.
Epoch 1 done.
Epoch 2 done.
Epoch 0 done.
Epoch 1 done.
Epoch 2 done.
Epoch 0 done.
Epoch 1 done.
Epoch 2 done.
Epoch 0 done.
Epoch 1 done.
Epoch 2 done.
Epoch 0 done.
Epoch 1 done.
Epoch 2 done.
Epoch 48, acc: 27.917620, loss: 1.420664

Epoch 0 done.
Epoch 1 done.
Epoch 2 done.
Epoch 0 done.
Epoch 1 done.
Epoch 2 done.
Epoch 0 done.
Epoch 1 done.
Epoch 2 done.
Epoch 0 done.
Epoch 1 done.
Epoch 2 done.
Epoch 0 done.
Epoch 1 done.
Epoch 2 done.
Epoch 49, acc: 28.756674, loss: 1.398016

Epoch 0 done.
Epoch 1 done.
Epoch 2 done.
Epoch 0 done.
Epoch 1 done.
Epoch 2 done.
Epoch 0 done.
Epoch 1 done.
Epoch 2 done.
Epoch 0 done.
Epoch 1 done.
Epoch 2 done.
Epoch 0 done.
Epoch 1 done.
Epoch 2 done.
Epoch 50, acc: 31.273837, loss: 1.371125

Epoch 0 done.
Epoch 1 done.
Epoch 2 done.
Epoch 0 done.
Epoch 1 done.
Epoch 2 done.
Epoch 0 done.
Epoch 1 done.
Epoch 2 done.
Epoch 0 done.
Epoch 1 done.
Epoch 2 done.
Epoch 0 done.
Epoch 1 done.
Epoch 2 done.
Epoch 51, acc: 34.096110, loss: 1.336812

Epoch 0 done.
Epoch 1 done.
Epoch 2 done.
Epoch 0 done.
Epoch 1 done.
Epoch 2 done.
Epoch 0 done.
Epoch 1 done.
Epoch 2 done.
Epoch 0 done.
Epoch 1 done.
Epoch 2 done.
Epoch 0 done.
Epoch 1 done.
Epoch 2 done.
Epoch 52, acc: 36.918383, loss: 1.305444

Epoch 0 done.
Epoch 1 done.
Epoch 2 done.
Epoch 0 done.
Epoch 1 done.
Epoch 2 done.
Epoch 0 done.
Epoch 1 done.
Epoch 2 done.
Epoch 0 done.
Epoch 1 done.
Epoch 2 done.
Epoch 0 done.
Epoch 1 done.
Epoch 2 done.
Epoch 53, acc: 38.291381, loss: 1.289301

Epoch 0 done.
Epoch 1 done.
Epoch 2 done.
Epoch 0 done.
Epoch 1 done.
Epoch 2 done.
Epoch 0 done.
Epoch 1 done.
Epoch 2 done.
Epoch 0 done.
Epoch 1 done.
Epoch 2 done.
Epoch 0 done.
Epoch 1 done.
Epoch 2 done.
Epoch 54, acc: 41.342487, loss: 1.264245

Epoch 0 done.
Epoch 1 done.
Epoch 2 done.
Epoch 0 done.
Epoch 1 done.
Epoch 2 done.
Epoch 0 done.
Epoch 1 done.
Epoch 2 done.
Epoch 0 done.
Epoch 1 done.
Epoch 2 done.
Epoch 0 done.
Epoch 1 done.
Epoch 2 done.
Epoch 55, acc: 42.791762, loss: 1.245806

Epoch 0 done.
Epoch 1 done.
Epoch 2 done.
Epoch 0 done.
Epoch 1 done.
Epoch 2 done.
Epoch 0 done.
Epoch 1 done.
Epoch 2 done.
Epoch 0 done.
Epoch 1 done.
Epoch 2 done.
Epoch 0 done.
Epoch 1 done.
Epoch 2 done.
Epoch 56, acc: 43.325706, loss: 1.226225

Epoch 0 done.
Epoch 1 done.
Epoch 2 done.
Epoch 0 done.
Epoch 1 done.
Epoch 2 done.
Epoch 0 done.
Epoch 1 done.
Epoch 2 done.
Epoch 0 done.
Epoch 1 done.
Epoch 2 done.
Epoch 0 done.
Epoch 1 done.
Epoch 2 done.
Epoch 57, acc: 44.546148, loss: 1.207281

Epoch 0 done.
Epoch 1 done.
Epoch 2 done.
Epoch 0 done.
Epoch 1 done.
Epoch 2 done.
Epoch 0 done.
Epoch 1 done.
Epoch 2 done.
Epoch 0 done.
Epoch 1 done.
Epoch 2 done.
Epoch 0 done.
Epoch 1 done.
Epoch 2 done.
Epoch 58, acc: 45.308924, loss: 1.184309

Epoch 0 done.
Epoch 1 done.
Epoch 2 done.
Epoch 0 done.
Epoch 1 done.
Epoch 2 done.
Epoch 0 done.
Epoch 1 done.
Epoch 2 done.
Epoch 0 done.
Epoch 1 done.
Epoch 2 done.
Epoch 0 done.
Epoch 1 done.
Epoch 2 done.
Epoch 59, acc: 45.995423, loss: 1.173069

Epoch 0 done.
Epoch 1 done.
Epoch 2 done.
Epoch 0 done.
Epoch 1 done.
Epoch 2 done.
Epoch 0 done.
Epoch 1 done.
Epoch 2 done.
Epoch 0 done.
Epoch 1 done.
Epoch 2 done.
Epoch 0 done.
Epoch 1 done.
Epoch 2 done.
Epoch 60, acc: 46.224256, loss: 1.160492

Epoch 0 done.
Epoch 1 done.
Epoch 2 done.
Epoch 0 done.
Epoch 1 done.
Epoch 2 done.
Epoch 0 done.
Epoch 1 done.
Epoch 2 done.
Epoch 0 done.
Epoch 1 done.
Epoch 2 done.
Epoch 0 done.
Epoch 1 done.
Epoch 2 done.
Epoch 61, acc: 46.224256, loss: 1.153116

Epoch 0 done.
Epoch 1 done.
Epoch 2 done.
Epoch 0 done.
Epoch 1 done.
Epoch 2 done.
Epoch 0 done.
Epoch 1 done.
Epoch 2 done.
Epoch 0 done.
Epoch 1 done.
Epoch 2 done.
Epoch 0 done.
Epoch 1 done.
Epoch 2 done.
Epoch 62, acc: 47.368421, loss: 1.138246

Epoch 0 done.
Epoch 1 done.
Epoch 2 done.
Epoch 0 done.
Epoch 1 done.
Epoch 2 done.
Epoch 0 done.
Epoch 1 done.
Epoch 2 done.
Epoch 0 done.
Epoch 1 done.
Epoch 2 done.
Epoch 0 done.
Epoch 1 done.
Epoch 2 done.
Epoch 63, acc: 47.444699, loss: 1.125677

Epoch 0 done.
Epoch 1 done.
Epoch 2 done.
Epoch 0 done.
Epoch 1 done.
Epoch 2 done.
Epoch 0 done.
Epoch 1 done.
Epoch 2 done.
Epoch 0 done.
Epoch 1 done.
Epoch 2 done.
Epoch 0 done.
Epoch 1 done.
Epoch 2 done.
Epoch 64, acc: 47.673532, loss: 1.117263

Epoch 0 done.
Epoch 1 done.
Epoch 2 done.
Epoch 0 done.
Epoch 1 done.
Epoch 2 done.
Epoch 0 done.
Epoch 1 done.
Epoch 2 done.
Epoch 0 done.
Epoch 1 done.
Epoch 2 done.
Epoch 0 done.
Epoch 1 done.
Epoch 2 done.
Epoch 65, acc: 48.131198, loss: 1.110993

Epoch 0 done.
Epoch 1 done.
Epoch 2 done.
Epoch 0 done.
Epoch 1 done.
Epoch 2 done.
Epoch 0 done.
Epoch 1 done.
Epoch 2 done.
Epoch 0 done.
Epoch 1 done.
Epoch 2 done.
Epoch 0 done.
Epoch 1 done.
Epoch 2 done.
Epoch 66, acc: 47.826087, loss: 1.111458

Epoch 0 done.
Epoch 1 done.
Epoch 2 done.
Epoch 0 done.
Epoch 1 done.
Epoch 2 done.
Epoch 0 done.
Epoch 1 done.
Epoch 2 done.
Epoch 0 done.
Epoch 1 done.
Epoch 2 done.
Epoch 0 done.
Epoch 1 done.
Epoch 2 done.
Epoch 67, acc: 48.360031, loss: 1.099023

Epoch 0 done.
Epoch 1 done.
Epoch 2 done.
Epoch 0 done.
Epoch 1 done.
Epoch 2 done.
Epoch 0 done.
Epoch 1 done.
Epoch 2 done.
Epoch 0 done.
Epoch 1 done.
Epoch 2 done.
Epoch 0 done.
Epoch 1 done.
Epoch 2 done.
Epoch 68, acc: 49.580473, loss: 1.092431

Epoch 0 done.
Epoch 1 done.
Epoch 2 done.
Epoch 0 done.
Epoch 1 done.
Epoch 2 done.
Epoch 0 done.
Epoch 1 done.
Epoch 2 done.
Epoch 0 done.
Epoch 1 done.
Epoch 2 done.
Epoch 0 done.
Epoch 1 done.
Epoch 2 done.
Epoch 69, acc: 49.885584, loss: 1.088976

Epoch 0 done.
Epoch 1 done.
Epoch 2 done.
Epoch 0 done.
Epoch 1 done.
Epoch 2 done.
Epoch 0 done.
Epoch 1 done.
Epoch 2 done.
Epoch 0 done.
Epoch 1 done.
Epoch 2 done.
Epoch 0 done.
Epoch 1 done.
Epoch 2 done.
Epoch 70, acc: 49.961861, loss: 1.084538

Epoch 0 done.
Epoch 1 done.
Epoch 2 done.
Epoch 0 done.
Epoch 1 done.
Epoch 2 done.
Epoch 0 done.
Epoch 1 done.
Epoch 2 done.
Epoch 0 done.
Epoch 1 done.
Epoch 2 done.
Epoch 0 done.
Epoch 1 done.
Epoch 2 done.
Epoch 71, acc: 50.419527, loss: 1.077474

Epoch 0 done.
Epoch 1 done.
Epoch 2 done.
Epoch 0 done.
Epoch 1 done.
Epoch 2 done.
Epoch 0 done.
Epoch 1 done.
Epoch 2 done.
Epoch 0 done.
Epoch 1 done.
Epoch 2 done.
Epoch 0 done.
Epoch 1 done.
Epoch 2 done.
Epoch 72, acc: 50.190694, loss: 1.078011

Epoch 0 done.
Epoch 1 done.
Epoch 2 done.
Epoch 0 done.
Epoch 1 done.
Epoch 2 done.
Epoch 0 done.
Epoch 1 done.
Epoch 2 done.
Epoch 0 done.
Epoch 1 done.
Epoch 2 done.
Epoch 0 done.
Epoch 1 done.
Epoch 2 done.
Epoch 73, acc: 51.029748, loss: 1.067440

Epoch 0 done.
Epoch 1 done.
Epoch 2 done.
Epoch 0 done.
Epoch 1 done.
Epoch 2 done.
Epoch 0 done.
Epoch 1 done.
Epoch 2 done.
Epoch 0 done.
Epoch 1 done.
Epoch 2 done.
Epoch 0 done.
Epoch 1 done.
Epoch 2 done.
Epoch 74, acc: 50.953471, loss: 1.068706

Epoch 0 done.
Epoch 1 done.
Epoch 2 done.
Epoch 0 done.
Epoch 1 done.
Epoch 2 done.
Epoch 0 done.
Epoch 1 done.
Epoch 2 done.
Epoch 0 done.
Epoch 1 done.
Epoch 2 done.
Epoch 0 done.
Epoch 1 done.
Epoch 2 done.
Epoch 75, acc: 51.258581, loss: 1.064304

Epoch 0 done.
Epoch 1 done.
Epoch 2 done.
Epoch 0 done.
Epoch 1 done.
Epoch 2 done.
Epoch 0 done.
Epoch 1 done.
Epoch 2 done.
Epoch 0 done.
Epoch 1 done.
Epoch 2 done.
Epoch 0 done.
Epoch 1 done.
Epoch 2 done.
Epoch 76, acc: 51.487414, loss: 1.065310

Epoch 0 done.
Epoch 1 done.
Epoch 2 done.
Epoch 0 done.
Epoch 1 done.
Epoch 2 done.
Epoch 0 done.
Epoch 1 done.
Epoch 2 done.
Epoch 0 done.
Epoch 1 done.
Epoch 2 done.
Epoch 0 done.
Epoch 1 done.
Epoch 2 done.
Epoch 77, acc: 51.945080, loss: 1.055673

Epoch 0 done.
Epoch 1 done.
Epoch 2 done.
Epoch 0 done.
Epoch 1 done.
Epoch 2 done.
Epoch 0 done.
Epoch 1 done.
Epoch 2 done.
Epoch 0 done.
Epoch 1 done.
Epoch 2 done.
Epoch 0 done.
Epoch 1 done.
Epoch 2 done.
Epoch 78, acc: 51.945080, loss: 1.060799

Epoch 0 done.
Epoch 1 done.
Epoch 2 done.
Epoch 0 done.
Epoch 1 done.
Epoch 2 done.
Epoch 0 done.
Epoch 1 done.
Epoch 2 done.
Epoch 0 done.
Epoch 1 done.
Epoch 2 done.
Epoch 0 done.
Epoch 1 done.
Epoch 2 done.
Epoch 79, acc: 51.868802, loss: 1.058819

Epoch 0 done.
Epoch 1 done.
Epoch 2 done.
Epoch 0 done.
Epoch 1 done.
Epoch 2 done.
Epoch 0 done.
Epoch 1 done.
Epoch 2 done.
Epoch 0 done.
Epoch 1 done.
Epoch 2 done.
Epoch 0 done.
Epoch 1 done.
Epoch 2 done.
Epoch 80, acc: 51.868802, loss: 1.059923

Epoch 0 done.
Epoch 1 done.
Epoch 2 done.
Epoch 0 done.
Epoch 1 done.
Epoch 2 done.
Epoch 0 done.
Epoch 1 done.
Epoch 2 done.
Epoch 0 done.
Epoch 1 done.
Epoch 2 done.
Epoch 0 done.
Epoch 1 done.
Epoch 2 done.
Epoch 81, acc: 52.631579, loss: 1.057768

Epoch 0 done.
Epoch 1 done.
Epoch 2 done.
Epoch 0 done.
Epoch 1 done.
Epoch 2 done.
Epoch 0 done.
Epoch 1 done.
Epoch 2 done.
Epoch 0 done.
Epoch 1 done.
Epoch 2 done.
Epoch 0 done.
Epoch 1 done.
Epoch 2 done.
Epoch 82, acc: 53.012967, loss: 1.054353

Epoch 0 done.
Epoch 1 done.
Epoch 2 done.
Epoch 0 done.
Epoch 1 done.
Epoch 2 done.
Epoch 0 done.
Epoch 1 done.
Epoch 2 done.
Epoch 0 done.
Epoch 1 done.
Epoch 2 done.
Epoch 0 done.
Epoch 1 done.
Epoch 2 done.
Epoch 83, acc: 53.241800, loss: 1.053571

Epoch 0 done.
Epoch 1 done.
Epoch 2 done.
Epoch 0 done.
Epoch 1 done.
Epoch 2 done.
Epoch 0 done.
Epoch 1 done.
Epoch 2 done.
Epoch 0 done.
Epoch 1 done.
Epoch 2 done.
Epoch 0 done.
Epoch 1 done.
Epoch 2 done.
Epoch 84, acc: 53.546911, loss: 1.042314

Epoch 0 done.
Epoch 1 done.
Epoch 2 done.
Epoch 0 done.
Epoch 1 done.
Epoch 2 done.
Epoch 0 done.
Epoch 1 done.
Epoch 2 done.
Epoch 0 done.
Epoch 1 done.
Epoch 2 done.
Epoch 0 done.
Epoch 1 done.
Epoch 2 done.
Epoch 85, acc: 53.394355, loss: 1.041036

Epoch 0 done.
Epoch 1 done.
Epoch 2 done.
Epoch 0 done.
Epoch 1 done.
Epoch 2 done.
Epoch 0 done.
Epoch 1 done.
Epoch 2 done.
Epoch 0 done.
Epoch 1 done.
Epoch 2 done.
Epoch 0 done.
Epoch 1 done.
Epoch 2 done.
Epoch 86, acc: 54.233410, loss: 1.030707

Epoch 0 done.
Epoch 1 done.
Epoch 2 done.
Epoch 0 done.
Epoch 1 done.
Epoch 2 done.
Epoch 0 done.
Epoch 1 done.
Epoch 2 done.
Epoch 0 done.
Epoch 1 done.
Epoch 2 done.
Epoch 0 done.
Epoch 1 done.
Epoch 2 done.
Epoch 87, acc: 54.462243, loss: 1.027775

Epoch 0 done.
Epoch 1 done.
Epoch 2 done.
Epoch 0 done.
Epoch 1 done.
Epoch 2 done.
Epoch 0 done.
Epoch 1 done.
Epoch 2 done.
Epoch 0 done.
Epoch 1 done.
Epoch 2 done.
Epoch 0 done.
Epoch 1 done.
Epoch 2 done.
Epoch 88, acc: 55.148741, loss: 1.024491

Epoch 0 done.
Epoch 1 done.
Epoch 2 done.
Epoch 0 done.
Epoch 1 done.
Epoch 2 done.
Epoch 0 done.
Epoch 1 done.
Epoch 2 done.
Epoch 0 done.
Epoch 1 done.
Epoch 2 done.
Epoch 0 done.
Epoch 1 done.
Epoch 2 done.
Epoch 89, acc: 55.911518, loss: 1.016775

Epoch 0 done.
Epoch 1 done.
Epoch 2 done.
Epoch 0 done.
Epoch 1 done.
Epoch 2 done.
Epoch 0 done.
Epoch 1 done.
Epoch 2 done.
Epoch 0 done.
Epoch 1 done.
Epoch 2 done.
Epoch 0 done.
Epoch 1 done.
Epoch 2 done.
Epoch 90, acc: 55.835240, loss: 1.015580

Epoch 0 done.
Epoch 1 done.
Epoch 2 done.
Epoch 0 done.
Epoch 1 done.
Epoch 2 done.
Epoch 0 done.
Epoch 1 done.
Epoch 2 done.
Epoch 0 done.
Epoch 1 done.
Epoch 2 done.
Epoch 0 done.
Epoch 1 done.
Epoch 2 done.
Epoch 91, acc: 56.292906, loss: 1.012497

Epoch 0 done.
Epoch 1 done.
Epoch 2 done.
Epoch 0 done.
Epoch 1 done.
Epoch 2 done.
Epoch 0 done.
Epoch 1 done.
Epoch 2 done.
Epoch 0 done.
Epoch 1 done.
Epoch 2 done.
Epoch 0 done.
Epoch 1 done.
Epoch 2 done.
Epoch 92, acc: 56.216629, loss: 1.013481

Epoch 0 done.
Epoch 1 done.
Epoch 2 done.
Epoch 0 done.
Epoch 1 done.
Epoch 2 done.
Epoch 0 done.
Epoch 1 done.
Epoch 2 done.
Epoch 0 done.
Epoch 1 done.
Epoch 2 done.
Epoch 0 done.
Epoch 1 done.
Epoch 2 done.
Epoch 93, acc: 56.064073, loss: 1.018692

Epoch 0 done.
Epoch 1 done.
Epoch 2 done.
Epoch 0 done.
Epoch 1 done.
Epoch 2 done.
Epoch 0 done.
Epoch 1 done.
Epoch 2 done.
Epoch 0 done.
Epoch 1 done.
Epoch 2 done.
Epoch 0 done.
Epoch 1 done.
Epoch 2 done.
Epoch 94, acc: 56.903127, loss: 1.007231

Epoch 0 done.
Epoch 1 done.
Epoch 2 done.
Epoch 0 done.
Epoch 1 done.
Epoch 2 done.
Epoch 0 done.
Epoch 1 done.
Epoch 2 done.
Epoch 0 done.
Epoch 1 done.
Epoch 2 done.
Epoch 0 done.
Epoch 1 done.
Epoch 2 done.
Epoch 95, acc: 56.674294, loss: 1.009125

Epoch 0 done.
Epoch 1 done.
Epoch 2 done.
Epoch 0 done.
Epoch 1 done.
Epoch 2 done.
Epoch 0 done.
Epoch 1 done.
Epoch 2 done.
Epoch 0 done.
Epoch 1 done.
Epoch 2 done.
Epoch 0 done.
Epoch 1 done.
Epoch 2 done.
Epoch 96, acc: 57.055683, loss: 1.008220

Epoch 0 done.
Epoch 1 done.
Epoch 2 done.
Epoch 0 done.
Epoch 1 done.
Epoch 2 done.
Epoch 0 done.
Epoch 1 done.
Epoch 2 done.
Epoch 0 done.
Epoch 1 done.
Epoch 2 done.
Epoch 0 done.
Epoch 1 done.
Epoch 2 done.
Epoch 97, acc: 57.589626, loss: 0.999343

Epoch 0 done.
Epoch 1 done.
Epoch 2 done.
Epoch 0 done.
Epoch 1 done.
Epoch 2 done.
Epoch 0 done.
Epoch 1 done.
Epoch 2 done.
Epoch 0 done.
Epoch 1 done.
Epoch 2 done.
Epoch 0 done.
Epoch 1 done.
Epoch 2 done.
Epoch 98, acc: 57.894737, loss: 0.994624

Epoch 0 done.
Epoch 1 done.
Epoch 2 done.
Epoch 0 done.
Epoch 1 done.
Epoch 2 done.
Epoch 0 done.
Epoch 1 done.
Epoch 2 done.
Epoch 0 done.
Epoch 1 done.
Epoch 2 done.
Epoch 0 done.
Epoch 1 done.
Epoch 2 done.
Epoch 99, acc: 57.818459, loss: 0.995441

