Dataset ImageFolder
    Number of datapoints: 5712
    Root location: /home/ykn/cds/chapter03_Python_image_classification/data/Brain Tumor MRI Dataset/archive/Training
    StandardTransform
Transform: Compose(
               Resize(size=256, interpolation=bilinear)
               CenterCrop(size=(224, 224))
               ToTensor()
           )
571
571
571
571
571
571
571
571
571
571



Epoch 0 done.
Epoch 1 done.
Epoch 2 done.
Epoch 3 done.
Epoch 4 done.
Epoch 0 done.
Epoch 1 done.
Epoch 2 done.
Epoch 3 done.
Epoch 4 done.
Epoch 0 done.
Epoch 1 done.
Epoch 2 done.
Epoch 3 done.
Epoch 4 done.
Epoch 0 done.
Epoch 1 done.
Epoch 2 done.
Epoch 3 done.
Epoch 4 done.
Epoch 0 done.
Epoch 1 done.
Epoch 2 done.
Epoch 3 done.
Epoch 4 done.
Epoch 0 done.
Epoch 1 done.
Epoch 2 done.
Epoch 3 done.
Epoch 4 done.
Epoch 0 done.
Epoch 1 done.
Epoch 2 done.
Epoch 3 done.
Epoch 4 done.
Epoch 0 done.
Epoch 1 done.
Epoch 2 done.
Epoch 3 done.
Epoch 4 done.
Epoch 0 done.
Epoch 1 done.
Epoch 2 done.
Epoch 3 done.
Epoch 4 done.
Epoch 0, acc: 22.883295, loss: 1.590242

Epoch 0 done.
Epoch 1 done.
Epoch 2 done.
Epoch 3 done.
Epoch 4 done.
Epoch 0 done.
Epoch 1 done.
Epoch 2 done.
Epoch 3 done.
Epoch 4 done.
Epoch 0 done.
Epoch 1 done.
Epoch 2 done.
Epoch 3 done.
Epoch 4 done.
Epoch 0 done.
Epoch 1 done.
Epoch 2 done.
Epoch 3 done.
Epoch 4 done.
Epoch 0 done.
Epoch 1 done.
Epoch 2 done.
Epoch 3 done.
Epoch 4 done.
Epoch 0 done.
Epoch 1 done.
Epoch 2 done.
Epoch 3 done.
Epoch 4 done.
Epoch 0 done.
Epoch 1 done.
Epoch 2 done.
Epoch 3 done.
Epoch 4 done.
Epoch 0 done.
Epoch 1 done.
Epoch 2 done.
Epoch 3 done.
Epoch 4 done.
Epoch 0 done.
Epoch 1 done.
Epoch 2 done.
Epoch 3 done.
Epoch 4 done.
Epoch 1, acc: 25.705568, loss: 1.594871

Epoch 0 done.
Epoch 1 done.
Epoch 2 done.
Epoch 3 done.
Epoch 4 done.
Epoch 0 done.
Epoch 1 done.
Epoch 2 done.
Epoch 3 done.
Epoch 4 done.
Epoch 0 done.
Epoch 1 done.
Epoch 2 done.
Epoch 3 done.
Epoch 4 done.
Epoch 0 done.
Epoch 1 done.
Epoch 2 done.
Epoch 3 done.
Epoch 4 done.
Epoch 0 done.
Epoch 1 done.
Epoch 2 done.
Epoch 3 done.
Epoch 4 done.
Epoch 0 done.
Epoch 1 done.
Epoch 2 done.
Epoch 3 done.
Epoch 4 done.
Epoch 0 done.
Epoch 1 done.
Epoch 2 done.
Epoch 3 done.
Epoch 4 done.
Epoch 0 done.
Epoch 1 done.
Epoch 2 done.
Epoch 3 done.
Epoch 4 done.
Epoch 0 done.
Epoch 1 done.
Epoch 2 done.
Epoch 3 done.
Epoch 4 done.
Epoch 2, acc: 58.123570, loss: 1.040599

Epoch 0 done.
Epoch 1 done.
Epoch 2 done.
Epoch 3 done.
Epoch 4 done.
Epoch 0 done.
Epoch 1 done.
Epoch 2 done.
Epoch 3 done.
Epoch 4 done.
Epoch 0 done.
Epoch 1 done.
Epoch 2 done.
Epoch 3 done.
Epoch 4 done.
Epoch 0 done.
Epoch 1 done.
Epoch 2 done.
Epoch 3 done.
Epoch 4 done.
Epoch 0 done.
Epoch 1 done.
Epoch 2 done.
Epoch 3 done.
Epoch 4 done.
Epoch 0 done.
Epoch 1 done.
Epoch 2 done.
Epoch 3 done.
Epoch 4 done.
Epoch 0 done.
Epoch 1 done.
Epoch 2 done.
Epoch 3 done.
Epoch 4 done.
Epoch 0 done.
Epoch 1 done.
Epoch 2 done.
Epoch 3 done.
Epoch 4 done.
Epoch 0 done.
Epoch 1 done.
Epoch 2 done.
Epoch 3 done.
Epoch 4 done.
Epoch 3, acc: 61.861175, loss: 0.937897

Epoch 0 done.
Epoch 1 done.
Epoch 2 done.
Epoch 3 done.
Epoch 4 done.
Epoch 0 done.
Epoch 1 done.
Epoch 2 done.
Epoch 3 done.
Epoch 4 done.
Epoch 0 done.
Epoch 1 done.
Epoch 2 done.
Epoch 3 done.
Epoch 4 done.
Epoch 0 done.
Epoch 1 done.
Epoch 2 done.
Epoch 3 done.
Epoch 4 done.
Epoch 0 done.
Epoch 1 done.
Epoch 2 done.
Epoch 3 done.
Epoch 4 done.
Epoch 0 done.
Epoch 1 done.
Epoch 2 done.
Epoch 3 done.
Epoch 4 done.
Epoch 0 done.
Epoch 1 done.
Epoch 2 done.
Epoch 3 done.
Epoch 4 done.
Epoch 0 done.
Epoch 1 done.
Epoch 2 done.
Epoch 3 done.
Epoch 4 done.
Epoch 0 done.
Epoch 1 done.
Epoch 2 done.
Epoch 3 done.
Epoch 4 done.
Epoch 4, acc: 64.149504, loss: 0.896361

Epoch 0 done.
Epoch 1 done.
Epoch 2 done.
Epoch 3 done.
Epoch 4 done.
Epoch 0 done.
Epoch 1 done.
Epoch 2 done.
Epoch 3 done.
Epoch 4 done.
Epoch 0 done.
Epoch 1 done.
Epoch 2 done.
Epoch 3 done.
Epoch 4 done.
Epoch 0 done.
Epoch 1 done.
Epoch 2 done.
Epoch 3 done.
Epoch 4 done.
Epoch 0 done.
Epoch 1 done.
Epoch 2 done.
Epoch 3 done.
Epoch 4 done.
Epoch 0 done.
Epoch 1 done.
Epoch 2 done.
Epoch 3 done.
Epoch 4 done.
Epoch 0 done.
Epoch 1 done.
Epoch 2 done.
Epoch 3 done.
Epoch 4 done.
Epoch 0 done.
Epoch 1 done.
Epoch 2 done.
Epoch 3 done.
Epoch 4 done.
Epoch 0 done.
Epoch 1 done.
Epoch 2 done.
Epoch 3 done.
Epoch 4 done.
Epoch 5, acc: 63.920671, loss: 0.867959

Epoch 0 done.
Epoch 1 done.
Epoch 2 done.
Epoch 3 done.
Epoch 4 done.
Epoch 0 done.
Epoch 1 done.
Epoch 2 done.
Epoch 3 done.
Epoch 4 done.
Epoch 0 done.
Epoch 1 done.
Epoch 2 done.
Epoch 3 done.
Epoch 4 done.
Epoch 0 done.
Epoch 1 done.
Epoch 2 done.
Epoch 3 done.
Epoch 4 done.
Epoch 0 done.
Epoch 1 done.
Epoch 2 done.
Epoch 3 done.
Epoch 4 done.
Epoch 0 done.
Epoch 1 done.
Epoch 2 done.
Epoch 3 done.
Epoch 4 done.
Epoch 0 done.
Epoch 1 done.
Epoch 2 done.
Epoch 3 done.
Epoch 4 done.
Epoch 0 done.
Epoch 1 done.
Epoch 2 done.
Epoch 3 done.
Epoch 4 done.
Epoch 0 done.
Epoch 1 done.
Epoch 2 done.
Epoch 3 done.
Epoch 4 done.
Epoch 6, acc: 65.369947, loss: 0.830724

Epoch 0 done.
Epoch 1 done.
Epoch 2 done.
Epoch 3 done.
Epoch 4 done.
Epoch 0 done.
Epoch 1 done.
Epoch 2 done.
Epoch 3 done.
Epoch 4 done.
Epoch 0 done.
Epoch 1 done.
Epoch 2 done.
Epoch 3 done.
Epoch 4 done.
Epoch 0 done.
Epoch 1 done.
Epoch 2 done.
Epoch 3 done.
Epoch 4 done.
Epoch 0 done.
Epoch 1 done.
Epoch 2 done.
Epoch 3 done.
Epoch 4 done.
Epoch 0 done.
Epoch 1 done.
Epoch 2 done.
Epoch 3 done.
Epoch 4 done.
Epoch 0 done.
Epoch 1 done.
Epoch 2 done.
Epoch 3 done.
Epoch 4 done.
Epoch 0 done.
Epoch 1 done.
Epoch 2 done.
Epoch 3 done.
Epoch 4 done.
Epoch 0 done.
Epoch 1 done.
Epoch 2 done.
Epoch 3 done.
Epoch 4 done.
Epoch 7, acc: 66.132723, loss: 0.799303

Epoch 0 done.
Epoch 1 done.
Epoch 2 done.
Epoch 3 done.
Epoch 4 done.
Epoch 0 done.
Epoch 1 done.
Epoch 2 done.
Epoch 3 done.
Epoch 4 done.
Epoch 0 done.
Epoch 1 done.
Epoch 2 done.
Epoch 3 done.
Epoch 4 done.
Epoch 0 done.
Epoch 1 done.
Epoch 2 done.
Epoch 3 done.
Epoch 4 done.
Epoch 0 done.
Epoch 1 done.
Epoch 2 done.
Epoch 3 done.
Epoch 4 done.
Epoch 0 done.
Epoch 1 done.
Epoch 2 done.
Epoch 3 done.
Epoch 4 done.
Epoch 0 done.
Epoch 1 done.
Epoch 2 done.
Epoch 3 done.
Epoch 4 done.
Epoch 0 done.
Epoch 1 done.
Epoch 2 done.
Epoch 3 done.
Epoch 4 done.
Epoch 0 done.
Epoch 1 done.
Epoch 2 done.
Epoch 3 done.
Epoch 4 done.
Epoch 8, acc: 67.734554, loss: 0.758133

Epoch 0 done.
Epoch 1 done.
Epoch 2 done.
Epoch 3 done.
Epoch 4 done.
Epoch 0 done.
Epoch 1 done.
Epoch 2 done.
Epoch 3 done.
Epoch 4 done.
Epoch 0 done.
Epoch 1 done.
Epoch 2 done.
Epoch 3 done.
Epoch 4 done.
Epoch 0 done.
Epoch 1 done.
Epoch 2 done.
Epoch 3 done.
Epoch 4 done.
Epoch 0 done.
Epoch 1 done.
Epoch 2 done.
Epoch 3 done.
Epoch 4 done.
Epoch 0 done.
Epoch 1 done.
Epoch 2 done.
Epoch 3 done.
Epoch 4 done.
Epoch 0 done.
Epoch 1 done.
Epoch 2 done.
Epoch 3 done.
Epoch 4 done.
Epoch 0 done.
Epoch 1 done.
Epoch 2 done.
Epoch 3 done.
Epoch 4 done.
Epoch 0 done.
Epoch 1 done.
Epoch 2 done.
Epoch 3 done.
Epoch 4 done.
Epoch 9, acc: 68.192220, loss: 0.732449

Epoch 0 done.
Epoch 1 done.
Epoch 2 done.
Epoch 3 done.
Epoch 4 done.
Epoch 0 done.
Epoch 1 done.
Epoch 2 done.
Epoch 3 done.
Epoch 4 done.
Epoch 0 done.
Epoch 1 done.
Epoch 2 done.
Epoch 3 done.
Epoch 4 done.
Epoch 0 done.
Epoch 1 done.
Epoch 2 done.
Epoch 3 done.
Epoch 4 done.
Epoch 0 done.
Epoch 1 done.
Epoch 2 done.
Epoch 3 done.
Epoch 4 done.
Epoch 0 done.
Epoch 1 done.
Epoch 2 done.
Epoch 3 done.
Epoch 4 done.
Epoch 0 done.
Epoch 1 done.
Epoch 2 done.
Epoch 3 done.
Epoch 4 done.
Epoch 0 done.
Epoch 1 done.
Epoch 2 done.
Epoch 3 done.
Epoch 4 done.
Epoch 0 done.
Epoch 1 done.
Epoch 2 done.
Epoch 3 done.
Epoch 4 done.
Epoch 10, acc: 71.319603, loss: 0.709029

Epoch 0 done.
Epoch 1 done.
Epoch 2 done.
Epoch 3 done.
Epoch 4 done.
Epoch 0 done.
Epoch 1 done.
Epoch 2 done.
Epoch 3 done.
Epoch 4 done.
Epoch 0 done.
Epoch 1 done.
Epoch 2 done.
Epoch 3 done.
Epoch 4 done.
Epoch 0 done.
Epoch 1 done.
Epoch 2 done.
Epoch 3 done.
Epoch 4 done.
Epoch 0 done.
Epoch 1 done.
Epoch 2 done.
Epoch 3 done.
Epoch 4 done.
Epoch 0 done.
Epoch 1 done.
Epoch 2 done.
Epoch 3 done.
Epoch 4 done.
Epoch 0 done.
Epoch 1 done.
Epoch 2 done.
Epoch 3 done.
Epoch 4 done.
Epoch 0 done.
Epoch 1 done.
Epoch 2 done.
Epoch 3 done.
Epoch 4 done.
Epoch 0 done.
Epoch 1 done.
Epoch 2 done.
Epoch 3 done.
Epoch 4 done.
Epoch 11, acc: 74.370709, loss: 0.646738

Epoch 0 done.
Epoch 1 done.
Epoch 2 done.
Epoch 3 done.
Epoch 4 done.
Epoch 0 done.
Epoch 1 done.
Epoch 2 done.
Epoch 3 done.
Epoch 4 done.
Epoch 0 done.
Epoch 1 done.
Epoch 2 done.
Epoch 3 done.
Epoch 4 done.
Epoch 0 done.
Epoch 1 done.
Epoch 2 done.
Epoch 3 done.
Epoch 4 done.
Epoch 0 done.
Epoch 1 done.
Epoch 2 done.
Epoch 3 done.
Epoch 4 done.
Epoch 0 done.
Epoch 1 done.
Epoch 2 done.
Epoch 3 done.
Epoch 4 done.
Epoch 0 done.
Epoch 1 done.
Epoch 2 done.
Epoch 3 done.
Epoch 4 done.
Epoch 0 done.
Epoch 1 done.
Epoch 2 done.
Epoch 3 done.
Epoch 4 done.
Epoch 0 done.
Epoch 1 done.
Epoch 2 done.
Epoch 3 done.
Epoch 4 done.
Epoch 12, acc: 76.277651, loss: 0.608204

Epoch 0 done.
Epoch 1 done.
Epoch 2 done.
Epoch 3 done.
Epoch 4 done.
Epoch 0 done.
Epoch 1 done.
Epoch 2 done.
Epoch 3 done.
Epoch 4 done.
Epoch 0 done.
Epoch 1 done.
Epoch 2 done.
Epoch 3 done.
Epoch 4 done.
Epoch 0 done.
Epoch 1 done.
Epoch 2 done.
Epoch 3 done.
Epoch 4 done.
Epoch 0 done.
Epoch 1 done.
Epoch 2 done.
Epoch 3 done.
Epoch 4 done.
Epoch 0 done.
Epoch 1 done.
Epoch 2 done.
Epoch 3 done.
Epoch 4 done.
Epoch 0 done.
Epoch 1 done.
Epoch 2 done.
Epoch 3 done.
Epoch 4 done.
Epoch 0 done.
Epoch 1 done.
Epoch 2 done.
Epoch 3 done.
Epoch 4 done.
Epoch 0 done.
Epoch 1 done.
Epoch 2 done.
Epoch 3 done.
Epoch 4 done.
Epoch 13, acc: 77.574371, loss: 0.555637

Epoch 0 done.
Epoch 1 done.
Epoch 2 done.
Epoch 3 done.
Epoch 4 done.
Epoch 0 done.
Epoch 1 done.
Epoch 2 done.
Epoch 3 done.
Epoch 4 done.
Epoch 0 done.
Epoch 1 done.
Epoch 2 done.
Epoch 3 done.
Epoch 4 done.
Epoch 0 done.
Epoch 1 done.
Epoch 2 done.
Epoch 3 done.
Epoch 4 done.
Epoch 0 done.
Epoch 1 done.
Epoch 2 done.
Epoch 3 done.
Epoch 4 done.
Epoch 0 done.
Epoch 1 done.
Epoch 2 done.
Epoch 3 done.
Epoch 4 done.
Epoch 0 done.
Epoch 1 done.
Epoch 2 done.
Epoch 3 done.
Epoch 4 done.
Epoch 0 done.
Epoch 1 done.
Epoch 2 done.
Epoch 3 done.
Epoch 4 done.
Epoch 0 done.
Epoch 1 done.
Epoch 2 done.
Epoch 3 done.
Epoch 4 done.
Epoch 14, acc: 77.498093, loss: 0.564157

Epoch 0 done.
Epoch 1 done.
Epoch 2 done.
Epoch 3 done.
Epoch 4 done.
Epoch 0 done.
Epoch 1 done.
Epoch 2 done.
Epoch 3 done.
Epoch 4 done.
Epoch 0 done.
Epoch 1 done.
Epoch 2 done.
Epoch 3 done.
Epoch 4 done.
Epoch 0 done.
Epoch 1 done.
Epoch 2 done.
Epoch 3 done.
Epoch 4 done.
Epoch 0 done.
Epoch 1 done.
Epoch 2 done.
Epoch 3 done.
Epoch 4 done.
Epoch 0 done.
Epoch 1 done.
Epoch 2 done.
Epoch 3 done.
Epoch 4 done.
Epoch 0 done.
Epoch 1 done.
Epoch 2 done.
Epoch 3 done.
Epoch 4 done.
Epoch 0 done.
Epoch 1 done.
Epoch 2 done.
Epoch 3 done.
Epoch 4 done.
Epoch 0 done.
Epoch 1 done.
Epoch 2 done.
Epoch 3 done.
Epoch 4 done.
Epoch 15, acc: 79.557590, loss: 0.500166

Epoch 0 done.
Epoch 1 done.
Epoch 2 done.
Epoch 3 done.
Epoch 4 done.
Epoch 0 done.
Epoch 1 done.
Epoch 2 done.
Epoch 3 done.
Epoch 4 done.
Epoch 0 done.
Epoch 1 done.
Epoch 2 done.
Epoch 3 done.
Epoch 4 done.
Epoch 0 done.
Epoch 1 done.
Epoch 2 done.
Epoch 3 done.
Epoch 4 done.
Epoch 0 done.
Epoch 1 done.
Epoch 2 done.
Epoch 3 done.
Epoch 4 done.
Epoch 0 done.
Epoch 1 done.
Epoch 2 done.
Epoch 3 done.
Epoch 4 done.
Epoch 0 done.
Epoch 1 done.
Epoch 2 done.
Epoch 3 done.
Epoch 4 done.
Epoch 0 done.
Epoch 1 done.
Epoch 2 done.
Epoch 3 done.
Epoch 4 done.
Epoch 0 done.
Epoch 1 done.
Epoch 2 done.
Epoch 3 done.
Epoch 4 done.
Epoch 16, acc: 77.955759, loss: 0.555347

Epoch 0 done.
Epoch 1 done.
Epoch 2 done.
Epoch 3 done.
Epoch 4 done.
Epoch 0 done.
Epoch 1 done.
Epoch 2 done.
Epoch 3 done.
Epoch 4 done.
Epoch 0 done.
Epoch 1 done.
Epoch 2 done.
Epoch 3 done.
Epoch 4 done.
Epoch 0 done.
Epoch 1 done.
Epoch 2 done.
Epoch 3 done.
Epoch 4 done.
Epoch 0 done.
Epoch 1 done.
Epoch 2 done.
Epoch 3 done.
Epoch 4 done.
Epoch 0 done.
Epoch 1 done.
Epoch 2 done.
Epoch 3 done.
Epoch 4 done.
Epoch 0 done.
Epoch 1 done.
Epoch 2 done.
Epoch 3 done.
Epoch 4 done.
Epoch 0 done.
Epoch 1 done.
Epoch 2 done.
Epoch 3 done.
Epoch 4 done.
Epoch 0 done.
Epoch 1 done.
Epoch 2 done.
Epoch 3 done.
Epoch 4 done.
Epoch 17, acc: 80.778032, loss: 0.492657

Epoch 0 done.
Epoch 1 done.
Epoch 2 done.
Epoch 3 done.
Epoch 4 done.
Epoch 0 done.
Epoch 1 done.
Epoch 2 done.
Epoch 3 done.
Epoch 4 done.
Epoch 0 done.
Epoch 1 done.
Epoch 2 done.
Epoch 3 done.
Epoch 4 done.
Epoch 0 done.
Epoch 1 done.
Epoch 2 done.
Epoch 3 done.
Epoch 4 done.
Epoch 0 done.
Epoch 1 done.
Epoch 2 done.
Epoch 3 done.
Epoch 4 done.
Epoch 0 done.
Epoch 1 done.
Epoch 2 done.
Epoch 3 done.
Epoch 4 done.
Epoch 0 done.
Epoch 1 done.
Epoch 2 done.
Epoch 3 done.
Epoch 4 done.
Epoch 0 done.
Epoch 1 done.
Epoch 2 done.
Epoch 3 done.
Epoch 4 done.
Epoch 0 done.
Epoch 1 done.
Epoch 2 done.
Epoch 3 done.
Epoch 4 done.
Epoch 18, acc: 83.524027, loss: 0.399599

Epoch 0 done.
Epoch 1 done.
Epoch 2 done.
Epoch 3 done.
Epoch 4 done.
Epoch 0 done.
Epoch 1 done.
Epoch 2 done.
Epoch 3 done.
Epoch 4 done.
Epoch 0 done.
Epoch 1 done.
Epoch 2 done.
Epoch 3 done.
Epoch 4 done.
Epoch 0 done.
Epoch 1 done.
Epoch 2 done.
Epoch 3 done.
Epoch 4 done.
Epoch 0 done.
Epoch 1 done.
Epoch 2 done.
Epoch 3 done.
Epoch 4 done.
Epoch 0 done.
Epoch 1 done.
Epoch 2 done.
Epoch 3 done.
Epoch 4 done.
Epoch 0 done.
Epoch 1 done.
Epoch 2 done.
Epoch 3 done.
Epoch 4 done.
Epoch 0 done.
Epoch 1 done.
Epoch 2 done.
Epoch 3 done.
Epoch 4 done.
Epoch 0 done.
Epoch 1 done.
Epoch 2 done.
Epoch 3 done.
Epoch 4 done.
Epoch 19, acc: 84.134249, loss: 0.378467

Epoch 0 done.
Epoch 1 done.
Epoch 2 done.
Epoch 3 done.
Epoch 4 done.
Epoch 0 done.
Epoch 1 done.
Epoch 2 done.
Epoch 3 done.
Epoch 4 done.
Epoch 0 done.
Epoch 1 done.
Epoch 2 done.
Epoch 3 done.
Epoch 4 done.
Epoch 0 done.
Epoch 1 done.
Epoch 2 done.
Epoch 3 done.
Epoch 4 done.
Epoch 0 done.
Epoch 1 done.
Epoch 2 done.
Epoch 3 done.
Epoch 4 done.
Epoch 0 done.
Epoch 1 done.
Epoch 2 done.
Epoch 3 done.
Epoch 4 done.
Epoch 0 done.
Epoch 1 done.
Epoch 2 done.
Epoch 3 done.
Epoch 4 done.
Epoch 0 done.
Epoch 1 done.
Epoch 2 done.
Epoch 3 done.
Epoch 4 done.
Epoch 0 done.
Epoch 1 done.
Epoch 2 done.
Epoch 3 done.
Epoch 4 done.
Epoch 20, acc: 83.905416, loss: 0.407544

Epoch 0 done.
Epoch 1 done.
Epoch 2 done.
Epoch 3 done.
Epoch 4 done.
Epoch 0 done.
Epoch 1 done.
Epoch 2 done.
Epoch 3 done.
Epoch 4 done.
Epoch 0 done.
Epoch 1 done.
Epoch 2 done.
Epoch 3 done.
Epoch 4 done.
Epoch 0 done.
Epoch 1 done.
Epoch 2 done.
Epoch 3 done.
Epoch 4 done.
Epoch 0 done.
Epoch 1 done.
Epoch 2 done.
Epoch 3 done.
Epoch 4 done.
Epoch 0 done.
Epoch 1 done.
Epoch 2 done.
Epoch 3 done.
Epoch 4 done.
Epoch 0 done.
Epoch 1 done.
Epoch 2 done.
Epoch 3 done.
Epoch 4 done.
Epoch 0 done.
Epoch 1 done.
Epoch 2 done.
Epoch 3 done.
Epoch 4 done.
Epoch 0 done.
Epoch 1 done.
Epoch 2 done.
Epoch 3 done.
Epoch 4 done.
Epoch 21, acc: 85.125858, loss: 0.399433

Epoch 0 done.
Epoch 1 done.
Epoch 2 done.
Epoch 3 done.
Epoch 4 done.
Epoch 0 done.
Epoch 1 done.
Epoch 2 done.
Epoch 3 done.
Epoch 4 done.
Epoch 0 done.
Epoch 1 done.
Epoch 2 done.
Epoch 3 done.
Epoch 4 done.
Epoch 0 done.
Epoch 1 done.
Epoch 2 done.
Epoch 3 done.
Epoch 4 done.
Epoch 0 done.
Epoch 1 done.
Epoch 2 done.
Epoch 3 done.
Epoch 4 done.
Epoch 0 done.
Epoch 1 done.
Epoch 2 done.
Epoch 3 done.
Epoch 4 done.
Epoch 0 done.
Epoch 1 done.
Epoch 2 done.
Epoch 3 done.
Epoch 4 done.
Epoch 0 done.
Epoch 1 done.
Epoch 2 done.
Epoch 3 done.
Epoch 4 done.
Epoch 0 done.
Epoch 1 done.
Epoch 2 done.
Epoch 3 done.
Epoch 4 done.
Epoch 22, acc: 86.880244, loss: 0.349196

Epoch 0 done.
Epoch 1 done.
Epoch 2 done.
Epoch 3 done.
Epoch 4 done.
Epoch 0 done.
Epoch 1 done.
Epoch 2 done.
Epoch 3 done.
Epoch 4 done.
Epoch 0 done.
Epoch 1 done.
Epoch 2 done.
Epoch 3 done.
Epoch 4 done.
Epoch 0 done.
Epoch 1 done.
Epoch 2 done.
Epoch 3 done.
Epoch 4 done.
Epoch 0 done.
Epoch 1 done.
Epoch 2 done.
Epoch 3 done.
Epoch 4 done.
Epoch 0 done.
Epoch 1 done.
Epoch 2 done.
Epoch 3 done.
Epoch 4 done.
Epoch 0 done.
Epoch 1 done.
Epoch 2 done.
Epoch 3 done.
Epoch 4 done.
Epoch 0 done.
Epoch 1 done.
Epoch 2 done.
Epoch 3 done.
Epoch 4 done.
Epoch 0 done.
Epoch 1 done.
Epoch 2 done.
Epoch 3 done.
Epoch 4 done.
Epoch 23, acc: 87.414188, loss: 0.329822

Epoch 0 done.
Epoch 1 done.
Epoch 2 done.
Epoch 3 done.
Epoch 4 done.
Epoch 0 done.
Epoch 1 done.
Epoch 2 done.
Epoch 3 done.
Epoch 4 done.
Epoch 0 done.
Epoch 1 done.
Epoch 2 done.
Epoch 3 done.
Epoch 4 done.
Epoch 0 done.
Epoch 1 done.
Epoch 2 done.
Epoch 3 done.
Epoch 4 done.
Epoch 0 done.
Epoch 1 done.
Epoch 2 done.
Epoch 3 done.
Epoch 4 done.
Epoch 0 done.
Epoch 1 done.
Epoch 2 done.
Epoch 3 done.
Epoch 4 done.
Epoch 0 done.
Epoch 1 done.
Epoch 2 done.
Epoch 3 done.
Epoch 4 done.
Epoch 0 done.
Epoch 1 done.
Epoch 2 done.
Epoch 3 done.
Epoch 4 done.
Epoch 0 done.
Epoch 1 done.
Epoch 2 done.
Epoch 3 done.
Epoch 4 done.
Epoch 24, acc: 88.558352, loss: 0.293364

Epoch 0 done.
Epoch 1 done.
Epoch 2 done.
Epoch 3 done.
Epoch 4 done.
Epoch 0 done.
Epoch 1 done.
Epoch 2 done.
Epoch 3 done.
Epoch 4 done.
Epoch 0 done.
Epoch 1 done.
Epoch 2 done.
Epoch 3 done.
Epoch 4 done.
Epoch 0 done.
Epoch 1 done.
Epoch 2 done.
Epoch 3 done.
Epoch 4 done.
Epoch 0 done.
Epoch 1 done.
Epoch 2 done.
Epoch 3 done.
Epoch 4 done.
Epoch 0 done.
Epoch 1 done.
Epoch 2 done.
Epoch 3 done.
Epoch 4 done.
Epoch 0 done.
Epoch 1 done.
Epoch 2 done.
Epoch 3 done.
Epoch 4 done.
Epoch 0 done.
Epoch 1 done.
Epoch 2 done.
Epoch 3 done.
Epoch 4 done.
Epoch 0 done.
Epoch 1 done.
Epoch 2 done.
Epoch 3 done.
Epoch 4 done.
Epoch 25, acc: 88.329519, loss: 0.304572

Epoch 0 done.
Epoch 1 done.
Epoch 2 done.
Epoch 3 done.
Epoch 4 done.
Epoch 0 done.
Epoch 1 done.
Epoch 2 done.
Epoch 3 done.
Epoch 4 done.
Epoch 0 done.
Epoch 1 done.
Epoch 2 done.
Epoch 3 done.
Epoch 4 done.
Epoch 0 done.
Epoch 1 done.
Epoch 2 done.
Epoch 3 done.
Epoch 4 done.
Epoch 0 done.
Epoch 1 done.
Epoch 2 done.
Epoch 3 done.
Epoch 4 done.
Epoch 0 done.
Epoch 1 done.
Epoch 2 done.
Epoch 3 done.
Epoch 4 done.
Epoch 0 done.
Epoch 1 done.
Epoch 2 done.
Epoch 3 done.
Epoch 4 done.
Epoch 0 done.
Epoch 1 done.
Epoch 2 done.
Epoch 3 done.
Epoch 4 done.
Epoch 0 done.
Epoch 1 done.
Epoch 2 done.
Epoch 3 done.
Epoch 4 done.
Epoch 26, acc: 90.007628, loss: 0.252385

Epoch 0 done.
Epoch 1 done.
Epoch 2 done.
Epoch 3 done.
Epoch 4 done.
Epoch 0 done.
Epoch 1 done.
Epoch 2 done.
Epoch 3 done.
Epoch 4 done.
Epoch 0 done.
Epoch 1 done.
Epoch 2 done.
Epoch 3 done.
Epoch 4 done.
Epoch 0 done.
Epoch 1 done.
Epoch 2 done.
Epoch 3 done.
Epoch 4 done.
Epoch 0 done.
Epoch 1 done.
Epoch 2 done.
Epoch 3 done.
Epoch 4 done.
Epoch 0 done.
Epoch 1 done.
Epoch 2 done.
Epoch 3 done.
Epoch 4 done.
Epoch 0 done.
Epoch 1 done.
Epoch 2 done.
Epoch 3 done.
Epoch 4 done.
Epoch 0 done.
Epoch 1 done.
Epoch 2 done.
Epoch 3 done.
Epoch 4 done.
Epoch 0 done.
Epoch 1 done.
Epoch 2 done.
Epoch 3 done.
Epoch 4 done.
Epoch 27, acc: 90.465294, loss: 0.245009

Epoch 0 done.
Epoch 1 done.
Epoch 2 done.
Epoch 3 done.
Epoch 4 done.
Epoch 0 done.
Epoch 1 done.
Epoch 2 done.
Epoch 3 done.
Epoch 4 done.
Epoch 0 done.
Epoch 1 done.
Epoch 2 done.
Epoch 3 done.
Epoch 4 done.
Epoch 0 done.
Epoch 1 done.
Epoch 2 done.
Epoch 3 done.
Epoch 4 done.
Epoch 0 done.
Epoch 1 done.
Epoch 2 done.
Epoch 3 done.
Epoch 4 done.
Epoch 0 done.
Epoch 1 done.
Epoch 2 done.
Epoch 3 done.
Epoch 4 done.
Epoch 0 done.
Epoch 1 done.
Epoch 2 done.
Epoch 3 done.
Epoch 4 done.
Epoch 0 done.
Epoch 1 done.
Epoch 2 done.
Epoch 3 done.
Epoch 4 done.
Epoch 0 done.
Epoch 1 done.
Epoch 2 done.
Epoch 3 done.
Epoch 4 done.
Epoch 28, acc: 90.999237, loss: 0.238394

Epoch 0 done.
Epoch 1 done.
Epoch 2 done.
Epoch 3 done.
Epoch 4 done.
Epoch 0 done.
Epoch 1 done.
Epoch 2 done.
Epoch 3 done.
Epoch 4 done.
Epoch 0 done.
Epoch 1 done.
Epoch 2 done.
Epoch 3 done.
Epoch 4 done.
Epoch 0 done.
Epoch 1 done.
Epoch 2 done.
Epoch 3 done.
Epoch 4 done.
Epoch 0 done.
Epoch 1 done.
Epoch 2 done.
Epoch 3 done.
Epoch 4 done.
Epoch 0 done.
Epoch 1 done.
Epoch 2 done.
Epoch 3 done.
Epoch 4 done.
Epoch 0 done.
Epoch 1 done.
Epoch 2 done.
Epoch 3 done.
Epoch 4 done.
Epoch 0 done.
Epoch 1 done.
Epoch 2 done.
Epoch 3 done.
Epoch 4 done.
Epoch 0 done.
Epoch 1 done.
Epoch 2 done.
Epoch 3 done.
Epoch 4 done.
Epoch 29, acc: 92.143402, loss: 0.225405

Epoch 0 done.
Epoch 1 done.
Epoch 2 done.
Epoch 3 done.
Epoch 4 done.
Epoch 0 done.
Epoch 1 done.
Epoch 2 done.
Epoch 3 done.
Epoch 4 done.
Epoch 0 done.
Epoch 1 done.
Epoch 2 done.
Epoch 3 done.
Epoch 4 done.
Epoch 0 done.
Epoch 1 done.
Epoch 2 done.
Epoch 3 done.
Epoch 4 done.
Epoch 0 done.
Epoch 1 done.
Epoch 2 done.
Epoch 3 done.
Epoch 4 done.
Epoch 0 done.
Epoch 1 done.
Epoch 2 done.
Epoch 3 done.
Epoch 4 done.
Epoch 0 done.
Epoch 1 done.
Epoch 2 done.
Epoch 3 done.
Epoch 4 done.
Epoch 0 done.
Epoch 1 done.
Epoch 2 done.
Epoch 3 done.
Epoch 4 done.
Epoch 0 done.
Epoch 1 done.
Epoch 2 done.
Epoch 3 done.
Epoch 4 done.
Epoch 30, acc: 92.295957, loss: 0.208683

Epoch 0 done.
Epoch 1 done.
Epoch 2 done.
Epoch 3 done.
Epoch 4 done.
Epoch 0 done.
Epoch 1 done.
Epoch 2 done.
Epoch 3 done.
Epoch 4 done.
Epoch 0 done.
Epoch 1 done.
Epoch 2 done.
Epoch 3 done.
Epoch 4 done.
Epoch 0 done.
Epoch 1 done.
Epoch 2 done.
Epoch 3 done.
Epoch 4 done.
Epoch 0 done.
Epoch 1 done.
Epoch 2 done.
Epoch 3 done.
Epoch 4 done.
Epoch 0 done.
Epoch 1 done.
Epoch 2 done.
Epoch 3 done.
Epoch 4 done.
Epoch 0 done.
Epoch 1 done.
Epoch 2 done.
Epoch 3 done.
Epoch 4 done.
Epoch 0 done.
Epoch 1 done.
Epoch 2 done.
Epoch 3 done.
Epoch 4 done.
Epoch 0 done.
Epoch 1 done.
Epoch 2 done.
Epoch 3 done.
Epoch 4 done.
Epoch 31, acc: 91.151793, loss: 0.236991

Epoch 0 done.
Epoch 1 done.
Epoch 2 done.
Epoch 3 done.
Epoch 4 done.
Epoch 0 done.
Epoch 1 done.
Epoch 2 done.
Epoch 3 done.
Epoch 4 done.
Epoch 0 done.
Epoch 1 done.
Epoch 2 done.
Epoch 3 done.
Epoch 4 done.
Epoch 0 done.
Epoch 1 done.
Epoch 2 done.
Epoch 3 done.
Epoch 4 done.
Epoch 0 done.
Epoch 1 done.
Epoch 2 done.
Epoch 3 done.
Epoch 4 done.
Epoch 0 done.
Epoch 1 done.
Epoch 2 done.
Epoch 3 done.
Epoch 4 done.
Epoch 0 done.
Epoch 1 done.
Epoch 2 done.
Epoch 3 done.
Epoch 4 done.
Epoch 0 done.
Epoch 1 done.
Epoch 2 done.
Epoch 3 done.
Epoch 4 done.
Epoch 0 done.
Epoch 1 done.
Epoch 2 done.
Epoch 3 done.
Epoch 4 done.
Epoch 32, acc: 91.456903, loss: 0.238829

Epoch 0 done.
Epoch 1 done.
Epoch 2 done.
Epoch 3 done.
Epoch 4 done.
Epoch 0 done.
Epoch 1 done.
Epoch 2 done.
Epoch 3 done.
Epoch 4 done.
Epoch 0 done.
Epoch 1 done.
Epoch 2 done.
Epoch 3 done.
Epoch 4 done.
Epoch 0 done.
Epoch 1 done.
Epoch 2 done.
Epoch 3 done.
Epoch 4 done.
Epoch 0 done.
Epoch 1 done.
Epoch 2 done.
Epoch 3 done.
Epoch 4 done.
Epoch 0 done.
Epoch 1 done.
Epoch 2 done.
Epoch 3 done.
Epoch 4 done.
Epoch 0 done.
Epoch 1 done.
Epoch 2 done.
Epoch 3 done.
Epoch 4 done.
Epoch 0 done.
Epoch 1 done.
Epoch 2 done.
Epoch 3 done.
Epoch 4 done.
Epoch 0 done.
Epoch 1 done.
Epoch 2 done.
Epoch 3 done.
Epoch 4 done.
Epoch 33, acc: 93.440122, loss: 0.196874

Epoch 0 done.
Epoch 1 done.
Epoch 2 done.
Epoch 3 done.
Epoch 4 done.
Epoch 0 done.
Epoch 1 done.
Epoch 2 done.
Epoch 3 done.
Epoch 4 done.
Epoch 0 done.
Epoch 1 done.
Epoch 2 done.
Epoch 3 done.
Epoch 4 done.
Epoch 0 done.
Epoch 1 done.
Epoch 2 done.
Epoch 3 done.
Epoch 4 done.
Epoch 0 done.
Epoch 1 done.
Epoch 2 done.
Epoch 3 done.
Epoch 4 done.
Epoch 0 done.
Epoch 1 done.
Epoch 2 done.
Epoch 3 done.
Epoch 4 done.
Epoch 0 done.
Epoch 1 done.
Epoch 2 done.
Epoch 3 done.
Epoch 4 done.
Epoch 0 done.
Epoch 1 done.
Epoch 2 done.
Epoch 3 done.
Epoch 4 done.
Epoch 0 done.
Epoch 1 done.
Epoch 2 done.
Epoch 3 done.
Epoch 4 done.
Epoch 34, acc: 92.677346, loss: 0.212341

Epoch 0 done.
Epoch 1 done.
Epoch 2 done.
Epoch 3 done.
Epoch 4 done.
Epoch 0 done.
Epoch 1 done.
Epoch 2 done.
Epoch 3 done.
Epoch 4 done.
Epoch 0 done.
Epoch 1 done.
Epoch 2 done.
Epoch 3 done.
Epoch 4 done.
Epoch 0 done.
Epoch 1 done.
Epoch 2 done.
Epoch 3 done.
Epoch 4 done.
Epoch 0 done.
Epoch 1 done.
Epoch 2 done.
Epoch 3 done.
Epoch 4 done.
Epoch 0 done.
Epoch 1 done.
Epoch 2 done.
Epoch 3 done.
Epoch 4 done.
Epoch 0 done.
Epoch 1 done.
Epoch 2 done.
Epoch 3 done.
Epoch 4 done.
Epoch 0 done.
Epoch 1 done.
Epoch 2 done.
Epoch 3 done.
Epoch 4 done.
Epoch 0 done.
Epoch 1 done.
Epoch 2 done.
Epoch 3 done.
Epoch 4 done.
Epoch 35, acc: 93.287567, loss: 0.218374

Epoch 0 done.
Epoch 1 done.
Epoch 2 done.
Epoch 3 done.
Epoch 4 done.
Epoch 0 done.
Epoch 1 done.
Epoch 2 done.
Epoch 3 done.
Epoch 4 done.
Epoch 0 done.
Epoch 1 done.
Epoch 2 done.
Epoch 3 done.
Epoch 4 done.
Epoch 0 done.
Epoch 1 done.
Epoch 2 done.
Epoch 3 done.
Epoch 4 done.
Epoch 0 done.
Epoch 1 done.
Epoch 2 done.
Epoch 3 done.
Epoch 4 done.
Epoch 0 done.
Epoch 1 done.
Epoch 2 done.
Epoch 3 done.
Epoch 4 done.
Epoch 0 done.
Epoch 1 done.
Epoch 2 done.
Epoch 3 done.
Epoch 4 done.
Epoch 0 done.
Epoch 1 done.
Epoch 2 done.
Epoch 3 done.
Epoch 4 done.
Epoch 0 done.
Epoch 1 done.
Epoch 2 done.
Epoch 3 done.
Epoch 4 done.
Epoch 36, acc: 93.516400, loss: 0.182350

Epoch 0 done.
Epoch 1 done.
Epoch 2 done.
Epoch 3 done.
Epoch 4 done.
Epoch 0 done.
Epoch 1 done.
Epoch 2 done.
Epoch 3 done.
Epoch 4 done.
Epoch 0 done.
Epoch 1 done.
Epoch 2 done.
Epoch 3 done.
Epoch 4 done.
Epoch 0 done.
Epoch 1 done.
Epoch 2 done.
Epoch 3 done.
Epoch 4 done.
Epoch 0 done.
Epoch 1 done.
Epoch 2 done.
Epoch 3 done.
Epoch 4 done.
Epoch 0 done.
Epoch 1 done.
Epoch 2 done.
Epoch 3 done.
Epoch 4 done.
Epoch 0 done.
Epoch 1 done.
Epoch 2 done.
Epoch 3 done.
Epoch 4 done.
Epoch 0 done.
Epoch 1 done.
Epoch 2 done.
Epoch 3 done.
Epoch 4 done.
Epoch 0 done.
Epoch 1 done.
Epoch 2 done.
Epoch 3 done.
Epoch 4 done.
Epoch 37, acc: 93.211289, loss: 0.196147

Epoch 0 done.
Epoch 1 done.
Epoch 2 done.
Epoch 3 done.
Epoch 4 done.
Epoch 0 done.
Epoch 1 done.
Epoch 2 done.
Epoch 3 done.
Epoch 4 done.
Epoch 0 done.
Epoch 1 done.
Epoch 2 done.
Epoch 3 done.
Epoch 4 done.
Epoch 0 done.
Epoch 1 done.
Epoch 2 done.
Epoch 3 done.
Epoch 4 done.
Epoch 0 done.
Epoch 1 done.
Epoch 2 done.
Epoch 3 done.
Epoch 4 done.
Epoch 0 done.
Epoch 1 done.
Epoch 2 done.
Epoch 3 done.
Epoch 4 done.
Epoch 0 done.
Epoch 1 done.
Epoch 2 done.
Epoch 3 done.
Epoch 4 done.
Epoch 0 done.
Epoch 1 done.
Epoch 2 done.
Epoch 3 done.
Epoch 4 done.
Epoch 0 done.
Epoch 1 done.
Epoch 2 done.
Epoch 3 done.
Epoch 4 done.
Epoch 38, acc: 94.050343, loss: 0.161458

Epoch 0 done.
Epoch 1 done.
Epoch 2 done.
Epoch 3 done.
Epoch 4 done.
Epoch 0 done.
Epoch 1 done.
Epoch 2 done.
Epoch 3 done.
Epoch 4 done.
Epoch 0 done.
Epoch 1 done.
Epoch 2 done.
Epoch 3 done.
Epoch 4 done.
Epoch 0 done.
Epoch 1 done.
Epoch 2 done.
Epoch 3 done.
Epoch 4 done.
Epoch 0 done.
Epoch 1 done.
Epoch 2 done.
Epoch 3 done.
Epoch 4 done.
Epoch 0 done.
Epoch 1 done.
Epoch 2 done.
Epoch 3 done.
Epoch 4 done.
Epoch 0 done.
Epoch 1 done.
Epoch 2 done.
Epoch 3 done.
Epoch 4 done.
Epoch 0 done.
Epoch 1 done.
Epoch 2 done.
Epoch 3 done.
Epoch 4 done.
Epoch 0 done.
Epoch 1 done.
Epoch 2 done.
Epoch 3 done.
Epoch 4 done.
Epoch 39, acc: 94.050343, loss: 0.177276

Epoch 0 done.
Epoch 1 done.
Epoch 2 done.
Epoch 3 done.
Epoch 4 done.
Epoch 0 done.
Epoch 1 done.
Epoch 2 done.
Epoch 3 done.
Epoch 4 done.
Epoch 0 done.
Epoch 1 done.
Epoch 2 done.
Epoch 3 done.
Epoch 4 done.
Epoch 0 done.
Epoch 1 done.
Epoch 2 done.
Epoch 3 done.
Epoch 4 done.
Epoch 0 done.
Epoch 1 done.
Epoch 2 done.
Epoch 3 done.
Epoch 4 done.
Epoch 0 done.
Epoch 1 done.
Epoch 2 done.
Epoch 3 done.
Epoch 4 done.
Epoch 0 done.
Epoch 1 done.
Epoch 2 done.
Epoch 3 done.
Epoch 4 done.
Epoch 0 done.
Epoch 1 done.
Epoch 2 done.
Epoch 3 done.
Epoch 4 done.
Epoch 0 done.
Epoch 1 done.
Epoch 2 done.
Epoch 3 done.
Epoch 4 done.
Epoch 40, acc: 94.813120, loss: 0.158043

Epoch 0 done.
Epoch 1 done.
Epoch 2 done.
Epoch 3 done.
Epoch 4 done.
Epoch 0 done.
Epoch 1 done.
Epoch 2 done.
Epoch 3 done.
Epoch 4 done.
Epoch 0 done.
Epoch 1 done.
Epoch 2 done.
Epoch 3 done.
Epoch 4 done.
Epoch 0 done.
Epoch 1 done.
Epoch 2 done.
Epoch 3 done.
Epoch 4 done.
Epoch 0 done.
Epoch 1 done.
Epoch 2 done.
Epoch 3 done.
Epoch 4 done.
Epoch 0 done.
Epoch 1 done.
Epoch 2 done.
Epoch 3 done.
Epoch 4 done.
Epoch 0 done.
Epoch 1 done.
Epoch 2 done.
Epoch 3 done.
Epoch 4 done.
Epoch 0 done.
Epoch 1 done.
Epoch 2 done.
Epoch 3 done.
Epoch 4 done.
Epoch 0 done.
Epoch 1 done.
Epoch 2 done.
Epoch 3 done.
Epoch 4 done.
Epoch 41, acc: 94.660564, loss: 0.161787

Epoch 0 done.
Epoch 1 done.
Epoch 2 done.
Epoch 3 done.
Epoch 4 done.
Epoch 0 done.
Epoch 1 done.
Epoch 2 done.
Epoch 3 done.
Epoch 4 done.
Epoch 0 done.
Epoch 1 done.
Epoch 2 done.
Epoch 3 done.
Epoch 4 done.
Epoch 0 done.
Epoch 1 done.
Epoch 2 done.
Epoch 3 done.
Epoch 4 done.
Epoch 0 done.
Epoch 1 done.
Epoch 2 done.
Epoch 3 done.
Epoch 4 done.
Epoch 0 done.
Epoch 1 done.
Epoch 2 done.
Epoch 3 done.
Epoch 4 done.
Epoch 0 done.
Epoch 1 done.
Epoch 2 done.
Epoch 3 done.
Epoch 4 done.
Epoch 0 done.
Epoch 1 done.
Epoch 2 done.
Epoch 3 done.
Epoch 4 done.
Epoch 0 done.
Epoch 1 done.
Epoch 2 done.
Epoch 3 done.
Epoch 4 done.
Epoch 42, acc: 93.516400, loss: 0.170650

Epoch 0 done.
Epoch 1 done.
Epoch 2 done.
Epoch 3 done.
Epoch 4 done.
Epoch 0 done.
Epoch 1 done.
Epoch 2 done.
Epoch 3 done.
Epoch 4 done.
Epoch 0 done.
Epoch 1 done.
Epoch 2 done.
Epoch 3 done.
Epoch 4 done.
Epoch 0 done.
Epoch 1 done.
Epoch 2 done.
Epoch 3 done.
Epoch 4 done.
Epoch 0 done.
Epoch 1 done.
Epoch 2 done.
Epoch 3 done.
Epoch 4 done.
Epoch 0 done.
Epoch 1 done.
Epoch 2 done.
Epoch 3 done.
Epoch 4 done.
Epoch 0 done.
Epoch 1 done.
Epoch 2 done.
Epoch 3 done.
Epoch 4 done.
Epoch 0 done.
Epoch 1 done.
Epoch 2 done.
Epoch 3 done.
Epoch 4 done.
Epoch 0 done.
Epoch 1 done.
Epoch 2 done.
Epoch 3 done.
Epoch 4 done.
Epoch 43, acc: 94.508009, loss: 0.155705

Epoch 0 done.
Epoch 1 done.
Epoch 2 done.
Epoch 3 done.
Epoch 4 done.
Epoch 0 done.
Epoch 1 done.
Epoch 2 done.
Epoch 3 done.
Epoch 4 done.
Epoch 0 done.
Epoch 1 done.
Epoch 2 done.
Epoch 3 done.
Epoch 4 done.
Epoch 0 done.
Epoch 1 done.
Epoch 2 done.
Epoch 3 done.
Epoch 4 done.
Epoch 0 done.
Epoch 1 done.
Epoch 2 done.
Epoch 3 done.
Epoch 4 done.
Epoch 0 done.
Epoch 1 done.
Epoch 2 done.
Epoch 3 done.
Epoch 4 done.
Epoch 0 done.
Epoch 1 done.
Epoch 2 done.
Epoch 3 done.
Epoch 4 done.
Epoch 0 done.
Epoch 1 done.
Epoch 2 done.
Epoch 3 done.
Epoch 4 done.
Epoch 0 done.
Epoch 1 done.
Epoch 2 done.
Epoch 3 done.
Epoch 4 done.
Epoch 44, acc: 94.202899, loss: 0.176659

Epoch 0 done.
Epoch 1 done.
Epoch 2 done.
Epoch 3 done.
Epoch 4 done.
Epoch 0 done.
Epoch 1 done.
Epoch 2 done.
Epoch 3 done.
Epoch 4 done.
Epoch 0 done.
Epoch 1 done.
Epoch 2 done.
Epoch 3 done.
Epoch 4 done.
Epoch 0 done.
Epoch 1 done.
Epoch 2 done.
Epoch 3 done.
Epoch 4 done.
Epoch 0 done.
Epoch 1 done.
Epoch 2 done.
Epoch 3 done.
Epoch 4 done.
Epoch 0 done.
Epoch 1 done.
Epoch 2 done.
Epoch 3 done.
Epoch 4 done.
Epoch 0 done.
Epoch 1 done.
Epoch 2 done.
Epoch 3 done.
Epoch 4 done.
Epoch 0 done.
Epoch 1 done.
Epoch 2 done.
Epoch 3 done.
Epoch 4 done.
Epoch 0 done.
Epoch 1 done.
Epoch 2 done.
Epoch 3 done.
Epoch 4 done.
Epoch 45, acc: 95.194508, loss: 0.152175

Epoch 0 done.
Epoch 1 done.
Epoch 2 done.
Epoch 3 done.
Epoch 4 done.
Epoch 0 done.
Epoch 1 done.
Epoch 2 done.
Epoch 3 done.
Epoch 4 done.
Epoch 0 done.
Epoch 1 done.
Epoch 2 done.
Epoch 3 done.
Epoch 4 done.
Epoch 0 done.
Epoch 1 done.
Epoch 2 done.
Epoch 3 done.
Epoch 4 done.
Epoch 0 done.
Epoch 1 done.
Epoch 2 done.
Epoch 3 done.
Epoch 4 done.
Epoch 0 done.
Epoch 1 done.
Epoch 2 done.
Epoch 3 done.
Epoch 4 done.
Epoch 0 done.
Epoch 1 done.
Epoch 2 done.
Epoch 3 done.
Epoch 4 done.
Epoch 0 done.
Epoch 1 done.
Epoch 2 done.
Epoch 3 done.
Epoch 4 done.
Epoch 0 done.
Epoch 1 done.
Epoch 2 done.
Epoch 3 done.
Epoch 4 done.
Epoch 46, acc: 95.194508, loss: 0.149447

Epoch 0 done.
Epoch 1 done.
Epoch 2 done.
Epoch 3 done.
Epoch 4 done.
Epoch 0 done.
Epoch 1 done.
Epoch 2 done.
Epoch 3 done.
Epoch 4 done.
Epoch 0 done.
Epoch 1 done.
Epoch 2 done.
Epoch 3 done.
Epoch 4 done.
Epoch 0 done.
Epoch 1 done.
Epoch 2 done.
Epoch 3 done.
Epoch 4 done.
Epoch 0 done.
Epoch 1 done.
Epoch 2 done.
Epoch 3 done.
Epoch 4 done.
Epoch 0 done.
Epoch 1 done.
Epoch 2 done.
Epoch 3 done.
Epoch 4 done.
Epoch 0 done.
Epoch 1 done.
Epoch 2 done.
Epoch 3 done.
Epoch 4 done.
Epoch 0 done.
Epoch 1 done.
Epoch 2 done.
Epoch 3 done.
Epoch 4 done.
Epoch 0 done.
Epoch 1 done.
Epoch 2 done.
Epoch 3 done.
Epoch 4 done.
Epoch 47, acc: 94.660564, loss: 0.167102

Epoch 0 done.
Epoch 1 done.
Epoch 2 done.
Epoch 3 done.
Epoch 4 done.
Epoch 0 done.
Epoch 1 done.
Epoch 2 done.
Epoch 3 done.
Epoch 4 done.
Epoch 0 done.
Epoch 1 done.
Epoch 2 done.
Epoch 3 done.
Epoch 4 done.
Epoch 0 done.
Epoch 1 done.
Epoch 2 done.
Epoch 3 done.
Epoch 4 done.
Epoch 0 done.
Epoch 1 done.
Epoch 2 done.
Epoch 3 done.
Epoch 4 done.
Epoch 0 done.
Epoch 1 done.
Epoch 2 done.
Epoch 3 done.
Epoch 4 done.
Epoch 0 done.
Epoch 1 done.
Epoch 2 done.
Epoch 3 done.
Epoch 4 done.
Epoch 0 done.
Epoch 1 done.
Epoch 2 done.
Epoch 3 done.
Epoch 4 done.
Epoch 0 done.
Epoch 1 done.
Epoch 2 done.
Epoch 3 done.
Epoch 4 done.
Epoch 48, acc: 93.974066, loss: 0.178827

Epoch 0 done.
Epoch 1 done.
Epoch 2 done.
Epoch 3 done.
Epoch 4 done.
Epoch 0 done.
Epoch 1 done.
Epoch 2 done.
Epoch 3 done.
Epoch 4 done.
Epoch 0 done.
Epoch 1 done.
Epoch 2 done.
Epoch 3 done.
Epoch 4 done.
Epoch 0 done.
Epoch 1 done.
Epoch 2 done.
Epoch 3 done.
Epoch 4 done.
Epoch 0 done.
Epoch 1 done.
Epoch 2 done.
Epoch 3 done.
Epoch 4 done.
Epoch 0 done.
Epoch 1 done.
Epoch 2 done.
Epoch 3 done.
Epoch 4 done.
Epoch 0 done.
Epoch 1 done.
Epoch 2 done.
Epoch 3 done.
Epoch 4 done.
Epoch 0 done.
Epoch 1 done.
Epoch 2 done.
Epoch 3 done.
Epoch 4 done.
Epoch 0 done.
Epoch 1 done.
Epoch 2 done.
Epoch 3 done.
Epoch 4 done.
Epoch 49, acc: 94.813120, loss: 0.167786

Epoch 0 done.
Epoch 1 done.
Epoch 2 done.
Epoch 3 done.
Epoch 4 done.
Epoch 0 done.
Epoch 1 done.
Epoch 2 done.
Epoch 3 done.
Epoch 4 done.
Epoch 0 done.
Epoch 1 done.
Epoch 2 done.
Epoch 3 done.
Epoch 4 done.
Epoch 0 done.
Epoch 1 done.
Epoch 2 done.
Epoch 3 done.
Epoch 4 done.
Epoch 0 done.
Epoch 1 done.
Epoch 2 done.
Epoch 3 done.
Epoch 4 done.
Epoch 0 done.
Epoch 1 done.
Epoch 2 done.
Epoch 3 done.
Epoch 4 done.
Epoch 0 done.
Epoch 1 done.
Epoch 2 done.
Epoch 3 done.
Epoch 4 done.
Epoch 0 done.
Epoch 1 done.
Epoch 2 done.
Epoch 3 done.
Epoch 4 done.
Epoch 0 done.
Epoch 1 done.
Epoch 2 done.
Epoch 3 done.
Epoch 4 done.
Epoch 50, acc: 95.041953, loss: 0.165637

Epoch 0 done.
Epoch 1 done.
Epoch 2 done.
Epoch 3 done.
Epoch 4 done.
Epoch 0 done.
Epoch 1 done.
Epoch 2 done.
Epoch 3 done.
Epoch 4 done.
Epoch 0 done.
Epoch 1 done.
Epoch 2 done.
Epoch 3 done.
Epoch 4 done.
Epoch 0 done.
Epoch 1 done.
Epoch 2 done.
Epoch 3 done.
Epoch 4 done.
Epoch 0 done.
Epoch 1 done.
Epoch 2 done.
Epoch 3 done.
Epoch 4 done.
Epoch 0 done.
Epoch 1 done.
Epoch 2 done.
Epoch 3 done.
Epoch 4 done.
Epoch 0 done.
Epoch 1 done.
Epoch 2 done.
Epoch 3 done.
Epoch 4 done.
Epoch 0 done.
Epoch 1 done.
Epoch 2 done.
Epoch 3 done.
Epoch 4 done.
Epoch 0 done.
Epoch 1 done.
Epoch 2 done.
Epoch 3 done.
Epoch 4 done.
Epoch 51, acc: 95.652174, loss: 0.137346

Epoch 0 done.
Epoch 1 done.
Epoch 2 done.
Epoch 3 done.
Epoch 4 done.
Epoch 0 done.
Epoch 1 done.
Epoch 2 done.
Epoch 3 done.
Epoch 4 done.
Epoch 0 done.
Epoch 1 done.
Epoch 2 done.
Epoch 3 done.
Epoch 4 done.
Epoch 0 done.
Epoch 1 done.
Epoch 2 done.
Epoch 3 done.
Epoch 4 done.
Epoch 0 done.
Epoch 1 done.
Epoch 2 done.
Epoch 3 done.
Epoch 4 done.
Epoch 0 done.
Epoch 1 done.
Epoch 2 done.
Epoch 3 done.
Epoch 4 done.
Epoch 0 done.
Epoch 1 done.
Epoch 2 done.
Epoch 3 done.
Epoch 4 done.
Epoch 0 done.
Epoch 1 done.
Epoch 2 done.
Epoch 3 done.
Epoch 4 done.
Epoch 0 done.
Epoch 1 done.
Epoch 2 done.
Epoch 3 done.
Epoch 4 done.
Epoch 52, acc: 95.575896, loss: 0.144941

Epoch 0 done.
Epoch 1 done.
Epoch 2 done.
Epoch 3 done.
Epoch 4 done.
Epoch 0 done.
Epoch 1 done.
Epoch 2 done.
Epoch 3 done.
Epoch 4 done.
Epoch 0 done.
Epoch 1 done.
Epoch 2 done.
Epoch 3 done.
Epoch 4 done.
Epoch 0 done.
Epoch 1 done.
Epoch 2 done.
Epoch 3 done.
Epoch 4 done.
Epoch 0 done.
Epoch 1 done.
Epoch 2 done.
Epoch 3 done.
Epoch 4 done.
Epoch 0 done.
Epoch 1 done.
Epoch 2 done.
Epoch 3 done.
Epoch 4 done.
Epoch 0 done.
Epoch 1 done.
Epoch 2 done.
Epoch 3 done.
Epoch 4 done.
Epoch 0 done.
Epoch 1 done.
Epoch 2 done.
Epoch 3 done.
Epoch 4 done.
Epoch 0 done.
Epoch 1 done.
Epoch 2 done.
Epoch 3 done.
Epoch 4 done.
Epoch 53, acc: 95.118230, loss: 0.158444

Epoch 0 done.
Epoch 1 done.
Epoch 2 done.
Epoch 3 done.
Epoch 4 done.
Epoch 0 done.
Epoch 1 done.
Epoch 2 done.
Epoch 3 done.
Epoch 4 done.
Epoch 0 done.
Epoch 1 done.
Epoch 2 done.
Epoch 3 done.
Epoch 4 done.
Epoch 0 done.
Epoch 1 done.
Epoch 2 done.
Epoch 3 done.
Epoch 4 done.
Epoch 0 done.
Epoch 1 done.
Epoch 2 done.
Epoch 3 done.
Epoch 4 done.
Epoch 0 done.
Epoch 1 done.
Epoch 2 done.
Epoch 3 done.
Epoch 4 done.
Epoch 0 done.
Epoch 1 done.
Epoch 2 done.
Epoch 3 done.
Epoch 4 done.
Epoch 0 done.
Epoch 1 done.
Epoch 2 done.
Epoch 3 done.
Epoch 4 done.
Epoch 0 done.
Epoch 1 done.
Epoch 2 done.
Epoch 3 done.
Epoch 4 done.
Epoch 54, acc: 95.347063, loss: 0.149259

Epoch 0 done.
Epoch 1 done.
Epoch 2 done.
Epoch 3 done.
Epoch 4 done.
Epoch 0 done.
Epoch 1 done.
Epoch 2 done.
Epoch 3 done.
Epoch 4 done.
Epoch 0 done.
Epoch 1 done.
Epoch 2 done.
Epoch 3 done.
Epoch 4 done.
Epoch 0 done.
Epoch 1 done.
Epoch 2 done.
Epoch 3 done.
Epoch 4 done.
Epoch 0 done.
Epoch 1 done.
Epoch 2 done.
Epoch 3 done.
Epoch 4 done.
Epoch 0 done.
Epoch 1 done.
Epoch 2 done.
Epoch 3 done.
Epoch 4 done.
Epoch 0 done.
Epoch 1 done.
Epoch 2 done.
Epoch 3 done.
Epoch 4 done.
Epoch 0 done.
Epoch 1 done.
Epoch 2 done.
Epoch 3 done.
Epoch 4 done.
Epoch 0 done.
Epoch 1 done.
Epoch 2 done.
Epoch 3 done.
Epoch 4 done.
Epoch 55, acc: 95.194508, loss: 0.154137

Epoch 0 done.
Epoch 1 done.
Epoch 2 done.
Epoch 3 done.
Epoch 4 done.
Epoch 0 done.
Epoch 1 done.
Epoch 2 done.
Epoch 3 done.
Epoch 4 done.
Epoch 0 done.
Epoch 1 done.
Epoch 2 done.
Epoch 3 done.
Epoch 4 done.
Epoch 0 done.
Epoch 1 done.
Epoch 2 done.
Epoch 3 done.
Epoch 4 done.
Epoch 0 done.
Epoch 1 done.
Epoch 2 done.
Epoch 3 done.
Epoch 4 done.
Epoch 0 done.
Epoch 1 done.
Epoch 2 done.
Epoch 3 done.
Epoch 4 done.
Epoch 0 done.
Epoch 1 done.
Epoch 2 done.
Epoch 3 done.
Epoch 4 done.
Epoch 0 done.
Epoch 1 done.
Epoch 2 done.
Epoch 3 done.
Epoch 4 done.
Epoch 0 done.
Epoch 1 done.
Epoch 2 done.
Epoch 3 done.
Epoch 4 done.
Epoch 56, acc: 95.728452, loss: 0.147405

Epoch 0 done.
Epoch 1 done.
Epoch 2 done.
Epoch 3 done.
Epoch 4 done.
Epoch 0 done.
Epoch 1 done.
Epoch 2 done.
Epoch 3 done.
Epoch 4 done.
Epoch 0 done.
Epoch 1 done.
Epoch 2 done.
Epoch 3 done.
Epoch 4 done.
Epoch 0 done.
Epoch 1 done.
Epoch 2 done.
Epoch 3 done.
Epoch 4 done.
Epoch 0 done.
Epoch 1 done.
Epoch 2 done.
Epoch 3 done.
Epoch 4 done.
Epoch 0 done.
Epoch 1 done.
Epoch 2 done.
Epoch 3 done.
Epoch 4 done.
Epoch 0 done.
Epoch 1 done.
Epoch 2 done.
Epoch 3 done.
Epoch 4 done.
Epoch 0 done.
Epoch 1 done.
Epoch 2 done.
Epoch 3 done.
Epoch 4 done.
Epoch 0 done.
Epoch 1 done.
Epoch 2 done.
Epoch 3 done.
Epoch 4 done.
Epoch 57, acc: 95.652174, loss: 0.155182

Epoch 0 done.
Epoch 1 done.
Epoch 2 done.
Epoch 3 done.
Epoch 4 done.
Epoch 0 done.
Epoch 1 done.
Epoch 2 done.
Epoch 3 done.
Epoch 4 done.
Epoch 0 done.
Epoch 1 done.
Epoch 2 done.
Epoch 3 done.
Epoch 4 done.
Epoch 0 done.
Epoch 1 done.
Epoch 2 done.
Epoch 3 done.
Epoch 4 done.
Epoch 0 done.
Epoch 1 done.
Epoch 2 done.
Epoch 3 done.
Epoch 4 done.
Epoch 0 done.
Epoch 1 done.
Epoch 2 done.
Epoch 3 done.
Epoch 4 done.
Epoch 0 done.
Epoch 1 done.
Epoch 2 done.
Epoch 3 done.
Epoch 4 done.
Epoch 0 done.
Epoch 1 done.
Epoch 2 done.
Epoch 3 done.
Epoch 4 done.
Epoch 0 done.
Epoch 1 done.
Epoch 2 done.
Epoch 3 done.
Epoch 4 done.
Epoch 58, acc: 95.575896, loss: 0.157577

Epoch 0 done.
Epoch 1 done.
Epoch 2 done.
Epoch 3 done.
Epoch 4 done.
Epoch 0 done.
Epoch 1 done.
Epoch 2 done.
Epoch 3 done.
Epoch 4 done.
Epoch 0 done.
Epoch 1 done.
Epoch 2 done.
Epoch 3 done.
Epoch 4 done.
Epoch 0 done.
Epoch 1 done.
Epoch 2 done.
Epoch 3 done.
Epoch 4 done.
Epoch 0 done.
Epoch 1 done.
Epoch 2 done.
Epoch 3 done.
Epoch 4 done.
Epoch 0 done.
Epoch 1 done.
Epoch 2 done.
Epoch 3 done.
Epoch 4 done.
Epoch 0 done.
Epoch 1 done.
Epoch 2 done.
Epoch 3 done.
Epoch 4 done.
Epoch 0 done.
Epoch 1 done.
Epoch 2 done.
Epoch 3 done.
Epoch 4 done.
Epoch 0 done.
Epoch 1 done.
Epoch 2 done.
Epoch 3 done.
Epoch 4 done.
Epoch 59, acc: 95.499619, loss: 0.153686

Epoch 0 done.
Epoch 1 done.
Epoch 2 done.
Epoch 3 done.
Epoch 4 done.
Epoch 0 done.
Epoch 1 done.
Epoch 2 done.
Epoch 3 done.
Epoch 4 done.
Epoch 0 done.
Epoch 1 done.
Epoch 2 done.
Epoch 3 done.
Epoch 4 done.
Epoch 0 done.
Epoch 1 done.
Epoch 2 done.
Epoch 3 done.
Epoch 4 done.
Epoch 0 done.
Epoch 1 done.
Epoch 2 done.
Epoch 3 done.
Epoch 4 done.
Epoch 0 done.
Epoch 1 done.
Epoch 2 done.
Epoch 3 done.
Epoch 4 done.
Epoch 0 done.
Epoch 1 done.
Epoch 2 done.
Epoch 3 done.
Epoch 4 done.
Epoch 0 done.
Epoch 1 done.
Epoch 2 done.
Epoch 3 done.
Epoch 4 done.
Epoch 0 done.
Epoch 1 done.
Epoch 2 done.
Epoch 3 done.
Epoch 4 done.
Epoch 60, acc: 95.652174, loss: 0.153782

Epoch 0 done.
Epoch 1 done.
Epoch 2 done.
Epoch 3 done.
Epoch 4 done.
Epoch 0 done.
Epoch 1 done.
Epoch 2 done.
Epoch 3 done.
Epoch 4 done.
Epoch 0 done.
Epoch 1 done.
Epoch 2 done.
Epoch 3 done.
Epoch 4 done.
Epoch 0 done.
Epoch 1 done.
Epoch 2 done.
Epoch 3 done.
Epoch 4 done.
Epoch 0 done.
Epoch 1 done.
Epoch 2 done.
Epoch 3 done.
Epoch 4 done.
Epoch 0 done.
Epoch 1 done.
Epoch 2 done.
Epoch 3 done.
Epoch 4 done.
Epoch 0 done.
Epoch 1 done.
Epoch 2 done.
Epoch 3 done.
Epoch 4 done.
Epoch 0 done.
Epoch 1 done.
Epoch 2 done.
Epoch 3 done.
Epoch 4 done.
Epoch 0 done.
Epoch 1 done.
Epoch 2 done.
Epoch 3 done.
Epoch 4 done.
Epoch 61, acc: 95.347063, loss: 0.166333

Epoch 0 done.
Epoch 1 done.
Epoch 2 done.
Epoch 3 done.
Epoch 4 done.
Epoch 0 done.
Epoch 1 done.
Epoch 2 done.
Epoch 3 done.
Epoch 4 done.
Epoch 0 done.
Epoch 1 done.
Epoch 2 done.
Epoch 3 done.
Epoch 4 done.
Epoch 0 done.
Epoch 1 done.
Epoch 2 done.
Epoch 3 done.
Epoch 4 done.
Epoch 0 done.
Epoch 1 done.
Epoch 2 done.
Epoch 3 done.
Epoch 4 done.
Epoch 0 done.
Epoch 1 done.
Epoch 2 done.
Epoch 3 done.
Epoch 4 done.
Epoch 0 done.
Epoch 1 done.
Epoch 2 done.
Epoch 3 done.
Epoch 4 done.
Epoch 0 done.
Epoch 1 done.
Epoch 2 done.
Epoch 3 done.
Epoch 4 done.
Epoch 0 done.
Epoch 1 done.
Epoch 2 done.
Epoch 3 done.
Epoch 4 done.
Epoch 62, acc: 95.652174, loss: 0.148129

Epoch 0 done.
Epoch 1 done.
Epoch 2 done.
Epoch 3 done.
Epoch 4 done.
Epoch 0 done.
Epoch 1 done.
Epoch 2 done.
Epoch 3 done.
Epoch 4 done.
Epoch 0 done.
Epoch 1 done.
Epoch 2 done.
Epoch 3 done.
Epoch 4 done.
Epoch 0 done.
Epoch 1 done.
Epoch 2 done.
Epoch 3 done.
Epoch 4 done.
Epoch 0 done.
Epoch 1 done.
Epoch 2 done.
Epoch 3 done.
Epoch 4 done.
Epoch 0 done.
Epoch 1 done.
Epoch 2 done.
Epoch 3 done.
Epoch 4 done.
Epoch 0 done.
Epoch 1 done.
Epoch 2 done.
Epoch 3 done.
Epoch 4 done.
Epoch 0 done.
Epoch 1 done.
Epoch 2 done.
Epoch 3 done.
Epoch 4 done.
Epoch 0 done.
Epoch 1 done.
Epoch 2 done.
Epoch 3 done.
Epoch 4 done.
Epoch 63, acc: 94.813120, loss: 0.172502

Epoch 0 done.
Epoch 1 done.
Epoch 2 done.
Epoch 3 done.
Epoch 4 done.
Epoch 0 done.
Epoch 1 done.
Epoch 2 done.
Epoch 3 done.
Epoch 4 done.
Epoch 0 done.
Epoch 1 done.
Epoch 2 done.
Epoch 3 done.
Epoch 4 done.
Epoch 0 done.
Epoch 1 done.
Epoch 2 done.
Epoch 3 done.
Epoch 4 done.
Epoch 0 done.
Epoch 1 done.
Epoch 2 done.
Epoch 3 done.
Epoch 4 done.
Epoch 0 done.
Epoch 1 done.
Epoch 2 done.
Epoch 3 done.
Epoch 4 done.
Epoch 0 done.
Epoch 1 done.
Epoch 2 done.
Epoch 3 done.
Epoch 4 done.
Epoch 0 done.
Epoch 1 done.
Epoch 2 done.
Epoch 3 done.
Epoch 4 done.
Epoch 0 done.
Epoch 1 done.
Epoch 2 done.
Epoch 3 done.
Epoch 4 done.
Epoch 64, acc: 95.041953, loss: 0.163935

Epoch 0 done.
Epoch 1 done.
Epoch 2 done.
Epoch 3 done.
Epoch 4 done.
Epoch 0 done.
Epoch 1 done.
Epoch 2 done.
Epoch 3 done.
Epoch 4 done.
Epoch 0 done.
Epoch 1 done.
Epoch 2 done.
Epoch 3 done.
Epoch 4 done.
Epoch 0 done.
Epoch 1 done.
Epoch 2 done.
Epoch 3 done.
Epoch 4 done.
Epoch 0 done.
Epoch 1 done.
Epoch 2 done.
Epoch 3 done.
Epoch 4 done.
Epoch 0 done.
Epoch 1 done.
Epoch 2 done.
Epoch 3 done.
Epoch 4 done.
Epoch 0 done.
Epoch 1 done.
Epoch 2 done.
Epoch 3 done.
Epoch 4 done.
Epoch 0 done.
Epoch 1 done.
Epoch 2 done.
Epoch 3 done.
Epoch 4 done.
Epoch 0 done.
Epoch 1 done.
Epoch 2 done.
Epoch 3 done.
Epoch 4 done.
Epoch 65, acc: 95.499619, loss: 0.148583

Epoch 0 done.
Epoch 1 done.
Epoch 2 done.
Epoch 3 done.
Epoch 4 done.
Epoch 0 done.
Epoch 1 done.
Epoch 2 done.
Epoch 3 done.
Epoch 4 done.
Epoch 0 done.
Epoch 1 done.
Epoch 2 done.
Epoch 3 done.
Epoch 4 done.
Epoch 0 done.
Epoch 1 done.
Epoch 2 done.
Epoch 3 done.
Epoch 4 done.
Epoch 0 done.
Epoch 1 done.
Epoch 2 done.
Epoch 3 done.
Epoch 4 done.
Epoch 0 done.
Epoch 1 done.
Epoch 2 done.
Epoch 3 done.
Epoch 4 done.
Epoch 0 done.
Epoch 1 done.
Epoch 2 done.
Epoch 3 done.
Epoch 4 done.
Epoch 0 done.
Epoch 1 done.
Epoch 2 done.
Epoch 3 done.
Epoch 4 done.
Epoch 0 done.
Epoch 1 done.
Epoch 2 done.
Epoch 3 done.
Epoch 4 done.
Epoch 66, acc: 96.186117, loss: 0.141127

Epoch 0 done.
Epoch 1 done.
Epoch 2 done.
Epoch 3 done.
Epoch 4 done.
Epoch 0 done.
Epoch 1 done.
Epoch 2 done.
Epoch 3 done.
Epoch 4 done.
Epoch 0 done.
Epoch 1 done.
Epoch 2 done.
Epoch 3 done.
Epoch 4 done.
Epoch 0 done.
Epoch 1 done.
Epoch 2 done.
Epoch 3 done.
Epoch 4 done.
Epoch 0 done.
Epoch 1 done.
Epoch 2 done.
Epoch 3 done.
Epoch 4 done.
Epoch 0 done.
Epoch 1 done.
Epoch 2 done.
Epoch 3 done.
Epoch 4 done.
Epoch 0 done.
Epoch 1 done.
Epoch 2 done.
Epoch 3 done.
Epoch 4 done.
Epoch 0 done.
Epoch 1 done.
Epoch 2 done.
Epoch 3 done.
Epoch 4 done.
Epoch 0 done.
Epoch 1 done.
Epoch 2 done.
Epoch 3 done.
Epoch 4 done.
Epoch 67, acc: 95.575896, loss: 0.155929

Epoch 0 done.
Epoch 1 done.
Epoch 2 done.
Epoch 3 done.
Epoch 4 done.
Epoch 0 done.
Epoch 1 done.
Epoch 2 done.
Epoch 3 done.
Epoch 4 done.
Epoch 0 done.
Epoch 1 done.
Epoch 2 done.
Epoch 3 done.
Epoch 4 done.
Epoch 0 done.
Epoch 1 done.
Epoch 2 done.
Epoch 3 done.
Epoch 4 done.
Epoch 0 done.
Epoch 1 done.
Epoch 2 done.
Epoch 3 done.
Epoch 4 done.
Epoch 0 done.
Epoch 1 done.
Epoch 2 done.
Epoch 3 done.
Epoch 4 done.
Epoch 0 done.
Epoch 1 done.
Epoch 2 done.
Epoch 3 done.
Epoch 4 done.
Epoch 0 done.
Epoch 1 done.
Epoch 2 done.
Epoch 3 done.
Epoch 4 done.
Epoch 0 done.
Epoch 1 done.
Epoch 2 done.
Epoch 3 done.
Epoch 4 done.
Epoch 68, acc: 95.881007, loss: 0.135099

Epoch 0 done.
Epoch 1 done.
Epoch 2 done.
Traceback (most recent call last):
  File "/home/ykn/cds/chapter03_Python_image_classification/main.py", line 98, in <module>
    diff = c.local_train(server.global_model)
  File "/home/ykn/cds/chapter03_Python_image_classification/client.py", line 45, in local_train
    output = self.local_model(data)
  File "/home/ykn/anaconda3/lib/python3.9/site-packages/torch/nn/modules/module.py", line 889, in _call_impl
    result = self.forward(*input, **kwargs)
  File "/home/ykn/cds/chapter03_Python_image_classification/resnet50cds.py", line 102, in forward
    x = self.layer3(x)
  File "/home/ykn/anaconda3/lib/python3.9/site-packages/torch/nn/modules/module.py", line 889, in _call_impl
    result = self.forward(*input, **kwargs)
  File "/home/ykn/anaconda3/lib/python3.9/site-packages/torch/nn/modules/container.py", line 119, in forward
    input = module(input)
  File "/home/ykn/anaconda3/lib/python3.9/site-packages/torch/nn/modules/module.py", line 889, in _call_impl
    result = self.forward(*input, **kwargs)
  File "/home/ykn/cds/chapter03_Python_image_classification/resnet50cds.py", line 52, in forward
    out += self.identity_connection(x) #identity connection/skip connection
  File "/home/ykn/anaconda3/lib/python3.9/site-packages/torch/nn/modules/module.py", line 872, in _call_impl
    for hook in itertools.chain(
KeyboardInterrupt
